SF:/Users/ivanpaulovich/git/clean-architecture-manga/src/Infrastructure/InMemoryDataAccess/Account.cs
FN:21,Domain.Customers.ValueObjects.CustomerId Infrastructure.InMemoryDataAccess.Account::get_CustomerId()
FNDA:0,Domain.Customers.ValueObjects.CustomerId Infrastructure.InMemoryDataAccess.Account::get_CustomerId()
DA:22,0
FN:24,System.Void Infrastructure.InMemoryDataAccess.Account::Load(System.Collections.Generic.IList`1<Infrastructure.InMemoryDataAccess.Credit>,System.Collections.Generic.IList`1<Infrastructure.InMemoryDataAccess.Debit>)
FNDA:0,System.Void Infrastructure.InMemoryDataAccess.Account::Load(System.Collections.Generic.IList`1<Infrastructure.InMemoryDataAccess.Credit>,System.Collections.Generic.IList`1<Infrastructure.InMemoryDataAccess.Debit>)
DA:25,0
DA:26,0
DA:27,0
DA:29,0
DA:30,0
DA:31,0
FN:11,System.Void Infrastructure.InMemoryDataAccess.Account::.ctor(Domain.Customers.ValueObjects.CustomerId)
FNDA:6,System.Void Infrastructure.InMemoryDataAccess.Account::.ctor(Domain.Customers.ValueObjects.CustomerId)
DA:12,6
DA:13,6
DA:14,6
DA:15,6
DA:16,6
FN:17,System.Void Infrastructure.InMemoryDataAccess.Account::.ctor()
FNDA:0,System.Void Infrastructure.InMemoryDataAccess.Account::.ctor()
DA:18,0
DA:19,0
DA:20,0
LF:15
LH:5
BRF:0
BRH:0
FNF:4
FNH:1
end_of_record
SF:/Users/ivanpaulovich/git/clean-architecture-manga/src/Infrastructure/InMemoryDataAccess/Credit.cs
FN:22,Domain.Accounts.ValueObjects.AccountId Infrastructure.InMemoryDataAccess.Credit::get_AccountId()
FNDA:0,Domain.Accounts.ValueObjects.AccountId Infrastructure.InMemoryDataAccess.Credit::get_AccountId()
DA:23,0
FN:8,System.Void Infrastructure.InMemoryDataAccess.Credit::.ctor(Domain.Accounts.IAccount,Domain.Accounts.ValueObjects.PositiveMoney,System.DateTime)
FNDA:6,System.Void Infrastructure.InMemoryDataAccess.Credit::.ctor(Domain.Accounts.IAccount,Domain.Accounts.ValueObjects.PositiveMoney,System.DateTime)
DA:9,6
DA:10,6
DA:11,6
DA:12,6
DA:13,6
DA:14,6
DA:15,6
DA:16,6
DA:17,6
FN:18,System.Void Infrastructure.InMemoryDataAccess.Credit::.ctor()
FNDA:0,System.Void Infrastructure.InMemoryDataAccess.Credit::.ctor()
DA:19,0
DA:20,0
DA:21,0
LF:13
LH:9
BRF:0
BRH:0
FNF:3
FNH:1
end_of_record
SF:/Users/ivanpaulovich/git/clean-architecture-manga/src/Infrastructure/InMemoryDataAccess/Customer.cs
FN:22,System.Void Infrastructure.InMemoryDataAccess.Customer::LoadAccounts(System.Collections.Generic.IEnumerable`1<Domain.Accounts.ValueObjects.AccountId>)
FNDA:0,System.Void Infrastructure.InMemoryDataAccess.Customer::LoadAccounts(System.Collections.Generic.IEnumerable`1<Domain.Accounts.ValueObjects.AccountId>)
DA:23,0
DA:24,0
DA:25,0
DA:26,0
FN:10,System.Void Infrastructure.InMemoryDataAccess.Customer::.ctor()
FNDA:0,System.Void Infrastructure.InMemoryDataAccess.Customer::.ctor()
DA:11,0
DA:12,0
DA:13,0
FN:14,System.Void Infrastructure.InMemoryDataAccess.Customer::.ctor(Domain.Customers.ValueObjects.SSN,Domain.Customers.ValueObjects.Name)
FNDA:6,System.Void Infrastructure.InMemoryDataAccess.Customer::.ctor(Domain.Customers.ValueObjects.SSN,Domain.Customers.ValueObjects.Name)
DA:15,6
DA:16,6
DA:17,6
DA:18,6
DA:19,6
DA:20,6
LF:13
LH:6
BRF:0
BRH:0
FNF:3
FNH:1
end_of_record
SF:/Users/ivanpaulovich/git/clean-architecture-manga/src/Infrastructure/InMemoryDataAccess/Debit.cs
FN:22,Domain.Accounts.ValueObjects.AccountId Infrastructure.InMemoryDataAccess.Debit::get_AccountId()
FNDA:0,Domain.Accounts.ValueObjects.AccountId Infrastructure.InMemoryDataAccess.Debit::get_AccountId()
DA:23,0
FN:8,System.Void Infrastructure.InMemoryDataAccess.Debit::.ctor(Domain.Accounts.IAccount,Domain.Accounts.ValueObjects.PositiveMoney,System.DateTime)
FNDA:5,System.Void Infrastructure.InMemoryDataAccess.Debit::.ctor(Domain.Accounts.IAccount,Domain.Accounts.ValueObjects.PositiveMoney,System.DateTime)
DA:9,5
DA:10,5
DA:11,5
DA:12,5
DA:13,5
DA:14,5
DA:15,5
DA:16,5
DA:17,5
FN:18,System.Void Infrastructure.InMemoryDataAccess.Debit::.ctor()
FNDA:0,System.Void Infrastructure.InMemoryDataAccess.Debit::.ctor()
DA:19,0
DA:20,0
DA:21,0
LF:13
LH:9
BRF:0
BRH:0
FNF:3
FNH:1
end_of_record
SF:/Users/ivanpaulovich/git/clean-architecture-manga/src/Infrastructure/InMemoryDataAccess/EntityFactory.cs
FN:17,Domain.Accounts.IAccount Infrastructure.InMemoryDataAccess.EntityFactory::NewAccount(Domain.Customers.ValueObjects.CustomerId)
FNDA:2,Domain.Accounts.IAccount Infrastructure.InMemoryDataAccess.EntityFactory::NewAccount(Domain.Customers.ValueObjects.CustomerId)
DA:18,2
FN:22,Domain.Accounts.Credits.ICredit Infrastructure.InMemoryDataAccess.EntityFactory::NewCredit(Domain.Accounts.IAccount,Domain.Accounts.ValueObjects.PositiveMoney,System.DateTime)
FNDA:6,Domain.Accounts.Credits.ICredit Infrastructure.InMemoryDataAccess.EntityFactory::NewCredit(Domain.Accounts.IAccount,Domain.Accounts.ValueObjects.PositiveMoney,System.DateTime)
DA:23,6
FN:26,Domain.Customers.ICustomer Infrastructure.InMemoryDataAccess.EntityFactory::NewCustomer(Domain.Customers.ValueObjects.SSN,Domain.Customers.ValueObjects.Name)
FNDA:2,Domain.Customers.ICustomer Infrastructure.InMemoryDataAccess.EntityFactory::NewCustomer(Domain.Customers.ValueObjects.SSN,Domain.Customers.ValueObjects.Name)
DA:27,2
FN:31,Domain.Accounts.Debits.IDebit Infrastructure.InMemoryDataAccess.EntityFactory::NewDebit(Domain.Accounts.IAccount,Domain.Accounts.ValueObjects.PositiveMoney,System.DateTime)
FNDA:5,Domain.Accounts.Debits.IDebit Infrastructure.InMemoryDataAccess.EntityFactory::NewDebit(Domain.Accounts.IAccount,Domain.Accounts.ValueObjects.PositiveMoney,System.DateTime)
DA:32,5
FN:33,Domain.Security.IUser Infrastructure.InMemoryDataAccess.EntityFactory::NewUser(Domain.Customers.ValueObjects.CustomerId,Domain.Security.ValueObjects.ExternalUserId)
FNDA:2,Domain.Security.IUser Infrastructure.InMemoryDataAccess.EntityFactory::NewUser(Domain.Customers.ValueObjects.CustomerId,Domain.Security.ValueObjects.ExternalUserId)
DA:34,2
LF:5
LH:5
BRF:0
BRH:0
FNF:5
FNH:5
end_of_record
SF:/Users/ivanpaulovich/git/clean-architecture-manga/src/Infrastructure/InMemoryDataAccess/MangaContext.cs
FN:61,System.Collections.ObjectModel.Collection`1<Infrastructure.InMemoryDataAccess.User> Infrastructure.InMemoryDataAccess.MangaContext::get_Users()
FNDA:13,System.Collections.ObjectModel.Collection`1<Infrastructure.InMemoryDataAccess.User> Infrastructure.InMemoryDataAccess.MangaContext::get_Users()
DA:62,13
FN:63,System.Collections.ObjectModel.Collection`1<Infrastructure.InMemoryDataAccess.Customer> Infrastructure.InMemoryDataAccess.MangaContext::get_Customers()
FNDA:14,System.Collections.ObjectModel.Collection`1<Infrastructure.InMemoryDataAccess.Customer> Infrastructure.InMemoryDataAccess.MangaContext::get_Customers()
DA:64,14
FN:65,System.Collections.ObjectModel.Collection`1<Infrastructure.InMemoryDataAccess.Account> Infrastructure.InMemoryDataAccess.MangaContext::get_Accounts()
FNDA:26,System.Collections.ObjectModel.Collection`1<Infrastructure.InMemoryDataAccess.Account> Infrastructure.InMemoryDataAccess.MangaContext::get_Accounts()
DA:66,26
FN:67,System.Collections.ObjectModel.Collection`1<Infrastructure.InMemoryDataAccess.Credit> Infrastructure.InMemoryDataAccess.MangaContext::get_Credits()
FNDA:6,System.Collections.ObjectModel.Collection`1<Infrastructure.InMemoryDataAccess.Credit> Infrastructure.InMemoryDataAccess.MangaContext::get_Credits()
DA:68,6
FN:69,System.Collections.ObjectModel.Collection`1<Infrastructure.InMemoryDataAccess.Debit> Infrastructure.InMemoryDataAccess.MangaContext::get_Debits()
FNDA:4,System.Collections.ObjectModel.Collection`1<Infrastructure.InMemoryDataAccess.Debit> Infrastructure.InMemoryDataAccess.MangaContext::get_Debits()
DA:70,4
FN:71,Domain.Customers.ValueObjects.CustomerId Infrastructure.InMemoryDataAccess.MangaContext::get_DefaultCustomerId()
FNDA:0,Domain.Customers.ValueObjects.CustomerId Infrastructure.InMemoryDataAccess.MangaContext::get_DefaultCustomerId()
DA:72,0
FN:73,Domain.Accounts.ValueObjects.AccountId Infrastructure.InMemoryDataAccess.MangaContext::get_DefaultAccountId()
FNDA:0,Domain.Accounts.ValueObjects.AccountId Infrastructure.InMemoryDataAccess.MangaContext::get_DefaultAccountId()
DA:74,0
FN:75,Domain.Customers.ValueObjects.CustomerId Infrastructure.InMemoryDataAccess.MangaContext::get_SecondCustomerId()
FNDA:0,Domain.Customers.ValueObjects.CustomerId Infrastructure.InMemoryDataAccess.MangaContext::get_SecondCustomerId()
DA:76,0
FN:77,Domain.Accounts.ValueObjects.AccountId Infrastructure.InMemoryDataAccess.MangaContext::get_SecondAccountId()
FNDA:0,Domain.Accounts.ValueObjects.AccountId Infrastructure.InMemoryDataAccess.MangaContext::get_SecondAccountId()
DA:78,0
FN:12,System.Void Infrastructure.InMemoryDataAccess.MangaContext::.ctor()
FNDA:2,System.Void Infrastructure.InMemoryDataAccess.MangaContext::.ctor()
DA:13,2
DA:14,2
DA:15,2
DA:16,2
DA:17,2
DA:18,2
DA:19,2
DA:20,2
DA:22,2
DA:23,2
DA:24,2
DA:25,2
DA:26,2
DA:27,2
DA:28,2
DA:29,2
DA:30,2
DA:31,2
DA:32,2
DA:33,2
DA:34,2
DA:35,2
DA:37,2
DA:38,2
DA:39,2
DA:40,2
DA:41,2
DA:43,2
DA:44,2
DA:46,2
DA:47,2
DA:48,2
DA:49,2
DA:50,2
DA:51,2
DA:52,2
DA:54,2
DA:55,2
DA:56,2
DA:58,2
DA:59,2
DA:60,2
LF:51
LH:47
BRF:0
BRH:0
FNF:10
FNH:6
end_of_record
SF:/Users/ivanpaulovich/git/clean-architecture-manga/src/Infrastructure/InMemoryDataAccess/UnitOfWork.cs
FN:9,System.Void Infrastructure.InMemoryDataAccess.UnitOfWork::.ctor(Infrastructure.InMemoryDataAccess.MangaContext)
FNDA:7,System.Void Infrastructure.InMemoryDataAccess.UnitOfWork::.ctor(Infrastructure.InMemoryDataAccess.MangaContext)
DA:10,7
DA:11,7
DA:12,7
DA:13,7
FN:15,System.Void Infrastructure.InMemoryDataAccess.UnitOfWork/<Save>d__2::MoveNext()
FNDA:7,System.Void Infrastructure.InMemoryDataAccess.UnitOfWork/<Save>d__2::MoveNext()
DA:16,7
DA:17,7
DA:18,7
BRDA:17,34,0,0
BRDA:17,34,1,7
LF:7
LH:7
BRF:2
BRH:1
FNF:2
FNH:2
end_of_record
SF:/Users/ivanpaulovich/git/clean-architecture-manga/src/Infrastructure/InMemoryDataAccess/User.cs
FN:7,System.Void Infrastructure.InMemoryDataAccess.User::.ctor(Domain.Customers.ValueObjects.CustomerId,Domain.Security.ValueObjects.ExternalUserId)
FNDA:6,System.Void Infrastructure.InMemoryDataAccess.User::.ctor(Domain.Customers.ValueObjects.CustomerId,Domain.Security.ValueObjects.ExternalUserId)
DA:8,6
DA:9,6
DA:10,6
DA:11,6
DA:12,6
FN:13,System.Void Infrastructure.InMemoryDataAccess.User::.ctor()
FNDA:0,System.Void Infrastructure.InMemoryDataAccess.User::.ctor()
DA:14,0
DA:15,0
DA:16,0
LF:8
LH:5
BRF:0
BRH:0
FNF:2
FNH:1
end_of_record
SF:/Users/ivanpaulovich/git/clean-architecture-manga/src/Infrastructure/InMemoryDataAccess/Services/TestUserService.cs
FN:20,System.Nullable`1<Domain.Customers.ValueObjects.CustomerId> Infrastructure.InMemoryDataAccess.Services.TestUserService::GetCustomerId()
FNDA:5,System.Nullable`1<Domain.Customers.ValueObjects.CustomerId> Infrastructure.InMemoryDataAccess.Services.TestUserService::GetCustomerId()
DA:21,5
DA:22,5
DA:23,18
DA:24,5
DA:26,5
DA:27,2
DA:28,2
DA:31,3
DA:32,12
DA:33,3
DA:35,3
DA:36,0
DA:37,0
DA:40,3
DA:41,5
BRDA:26,64,0,2
BRDA:26,64,1,3
BRDA:35,122,0,0
BRDA:35,122,1,3
FN:43,Domain.Security.ValueObjects.ExternalUserId Infrastructure.InMemoryDataAccess.Services.TestUserService::GetExternalUserId()
FNDA:20,Domain.Security.ValueObjects.ExternalUserId Infrastructure.InMemoryDataAccess.Services.TestUserService::GetExternalUserId()
DA:44,20
DA:45,20
DA:46,20
FN:48,Domain.Customers.ValueObjects.Name Infrastructure.InMemoryDataAccess.Services.TestUserService::GetUserName()
FNDA:2,Domain.Customers.ValueObjects.Name Infrastructure.InMemoryDataAccess.Services.TestUserService::GetUserName()
DA:49,2
DA:50,2
DA:51,2
FN:13,System.Void Infrastructure.InMemoryDataAccess.Services.TestUserService::.ctor(Infrastructure.InMemoryDataAccess.MangaContext)
FNDA:2,System.Void Infrastructure.InMemoryDataAccess.Services.TestUserService::.ctor(Infrastructure.InMemoryDataAccess.MangaContext)
DA:14,2
DA:15,2
DA:16,2
DA:17,2
DA:18,2
LF:26
LH:24
BRF:4
BRH:3
FNF:4
FNH:4
end_of_record
SF:/Users/ivanpaulovich/git/clean-architecture-manga/src/Infrastructure/InMemoryDataAccess/Services/UserService.cs
FN:10,System.Nullable`1<Domain.Customers.ValueObjects.CustomerId> Infrastructure.InMemoryDataAccess.Services.UserService::GetCustomerId()
FNDA:0,System.Nullable`1<Domain.Customers.ValueObjects.CustomerId> Infrastructure.InMemoryDataAccess.Services.UserService::GetCustomerId()
DA:11,0
DA:12,0
DA:13,0
FN:15,Domain.Security.ValueObjects.ExternalUserId Infrastructure.InMemoryDataAccess.Services.UserService::GetExternalUserId()
FNDA:0,Domain.Security.ValueObjects.ExternalUserId Infrastructure.InMemoryDataAccess.Services.UserService::GetExternalUserId()
DA:16,0
DA:17,0
DA:18,0
FN:20,Domain.Customers.ValueObjects.Name Infrastructure.InMemoryDataAccess.Services.UserService::GetUserName()
FNDA:0,Domain.Customers.ValueObjects.Name Infrastructure.InMemoryDataAccess.Services.UserService::GetUserName()
DA:21,0
DA:22,0
DA:23,0
LF:9
LH:0
BRF:0
BRH:0
FNF:3
FNH:0
end_of_record
SF:/Users/ivanpaulovich/git/clean-architecture-manga/src/Infrastructure/InMemoryDataAccess/Repositories/AccountRepository.cs
FN:13,System.Void Infrastructure.InMemoryDataAccess.Repositories.AccountRepository::.ctor(Infrastructure.InMemoryDataAccess.MangaContext)
FNDA:13,System.Void Infrastructure.InMemoryDataAccess.Repositories.AccountRepository::.ctor(Infrastructure.InMemoryDataAccess.MangaContext)
DA:14,13
DA:15,13
DA:16,13
DA:17,13
FN:19,System.Void Infrastructure.InMemoryDataAccess.Repositories.AccountRepository/<Add>d__2::MoveNext()
FNDA:2,System.Void Infrastructure.InMemoryDataAccess.Repositories.AccountRepository/<Add>d__2::MoveNext()
DA:20,2
DA:21,2
DA:22,2
DA:23,2
DA:24,2
BRDA:23,99,0,0
BRDA:23,99,1,2
FN:28,System.Boolean Infrastructure.InMemoryDataAccess.Repositories.AccountRepository/<>c__DisplayClass3_0::<Delete>b__0(Infrastructure.InMemoryDataAccess.Account)
FNDA:4,System.Boolean Infrastructure.InMemoryDataAccess.Repositories.AccountRepository/<>c__DisplayClass3_0::<Delete>b__0(Infrastructure.InMemoryDataAccess.Account)
DA:29,4
FN:26,System.Void Infrastructure.InMemoryDataAccess.Repositories.AccountRepository/<Delete>d__3::MoveNext()
FNDA:1,System.Void Infrastructure.InMemoryDataAccess.Repositories.AccountRepository/<Delete>d__3::MoveNext()
DA:27,1
DA:28,1
DA:30,1
DA:32,1
DA:34,1
DA:35,1
BRDA:34,141,0,0
BRDA:34,141,1,1
FN:39,System.Boolean Infrastructure.InMemoryDataAccess.Repositories.AccountRepository/<>c__DisplayClass4_0::<Get>b__0(Infrastructure.InMemoryDataAccess.Account)
FNDA:44,System.Boolean Infrastructure.InMemoryDataAccess.Repositories.AccountRepository/<>c__DisplayClass4_0::<Get>b__0(Infrastructure.InMemoryDataAccess.Account)
DA:40,44
FN:37,System.Void Infrastructure.InMemoryDataAccess.Repositories.AccountRepository/<Get>d__4::MoveNext()
FNDA:11,System.Void Infrastructure.InMemoryDataAccess.Repositories.AccountRepository/<Get>d__4::MoveNext()
DA:38,11
DA:39,11
DA:41,11
DA:43,11
DA:44,0
DA:45,0
DA:48,11
DA:49,11
BRDA:43,106,0,0
BRDA:43,106,1,11
BRDA:48,165,0,0
BRDA:48,165,1,11
FN:53,System.Boolean Infrastructure.InMemoryDataAccess.Repositories.AccountRepository/<>c__DisplayClass5_0::<Update>b__0(Infrastructure.InMemoryDataAccess.Account)
FNDA:8,System.Boolean Infrastructure.InMemoryDataAccess.Repositories.AccountRepository/<>c__DisplayClass5_0::<Update>b__0(Infrastructure.InMemoryDataAccess.Account)
DA:54,8
FN:51,System.Void Infrastructure.InMemoryDataAccess.Repositories.AccountRepository/<Update>d__5::MoveNext()
FNDA:2,System.Void Infrastructure.InMemoryDataAccess.Repositories.AccountRepository/<Update>d__5::MoveNext()
DA:52,2
DA:53,2
DA:55,2
DA:57,2
DA:58,2
DA:59,2
BRDA:58,135,0,0
BRDA:58,135,1,2
FN:63,System.Boolean Infrastructure.InMemoryDataAccess.Repositories.AccountRepository/<>c__DisplayClass6_0::<Update>b__0(Infrastructure.InMemoryDataAccess.Account)
FNDA:12,System.Boolean Infrastructure.InMemoryDataAccess.Repositories.AccountRepository/<>c__DisplayClass6_0::<Update>b__0(Infrastructure.InMemoryDataAccess.Account)
DA:64,12
FN:61,System.Void Infrastructure.InMemoryDataAccess.Repositories.AccountRepository/<Update>d__6::MoveNext()
FNDA:3,System.Void Infrastructure.InMemoryDataAccess.Repositories.AccountRepository/<Update>d__6::MoveNext()
DA:62,3
DA:63,3
DA:65,3
DA:67,3
DA:68,3
DA:69,3
BRDA:68,135,0,0
BRDA:68,135,1,3
LF:39
LH:37
BRF:12
BRH:6
FNF:10
FNH:10
end_of_record
SF:/Users/ivanpaulovich/git/clean-architecture-manga/src/Infrastructure/InMemoryDataAccess/Repositories/CustomerRepository.cs
FN:11,System.Void Infrastructure.InMemoryDataAccess.Repositories.CustomerRepository::.ctor(Infrastructure.InMemoryDataAccess.MangaContext)
FNDA:5,System.Void Infrastructure.InMemoryDataAccess.Repositories.CustomerRepository::.ctor(Infrastructure.InMemoryDataAccess.MangaContext)
DA:12,5
DA:13,5
DA:14,5
DA:15,5
FN:17,System.Void Infrastructure.InMemoryDataAccess.Repositories.CustomerRepository/<Add>d__2::MoveNext()
FNDA:2,System.Void Infrastructure.InMemoryDataAccess.Repositories.CustomerRepository/<Add>d__2::MoveNext()
DA:18,2
DA:19,2
DA:20,2
DA:21,2
BRDA:20,66,0,0
BRDA:20,66,1,2
FN:25,System.Boolean Infrastructure.InMemoryDataAccess.Repositories.CustomerRepository/<>c__DisplayClass3_0::<GetBy>b__0(Infrastructure.InMemoryDataAccess.Customer)
FNDA:12,System.Boolean Infrastructure.InMemoryDataAccess.Repositories.CustomerRepository/<>c__DisplayClass3_0::<GetBy>b__0(Infrastructure.InMemoryDataAccess.Customer)
DA:26,12
FN:23,System.Void Infrastructure.InMemoryDataAccess.Repositories.CustomerRepository/<GetBy>d__3::MoveNext()
FNDA:3,System.Void Infrastructure.InMemoryDataAccess.Repositories.CustomerRepository/<GetBy>d__3::MoveNext()
DA:24,3
DA:25,3
DA:27,3
DA:29,3
DA:30,0
DA:31,0
DA:34,3
DA:35,3
BRDA:29,106,0,0
BRDA:29,106,1,3
BRDA:34,165,0,0
BRDA:34,165,1,3
FN:39,System.Boolean Infrastructure.InMemoryDataAccess.Repositories.CustomerRepository/<>c__DisplayClass4_0::<Update>b__0(Infrastructure.InMemoryDataAccess.Customer)
FNDA:0,System.Boolean Infrastructure.InMemoryDataAccess.Repositories.CustomerRepository/<>c__DisplayClass4_0::<Update>b__0(Infrastructure.InMemoryDataAccess.Customer)
DA:40,0
FN:37,System.Void Infrastructure.InMemoryDataAccess.Repositories.CustomerRepository/<Update>d__4::MoveNext()
FNDA:0,System.Void Infrastructure.InMemoryDataAccess.Repositories.CustomerRepository/<Update>d__4::MoveNext()
DA:38,0
DA:39,0
DA:41,0
DA:43,0
DA:44,0
DA:45,0
BRDA:44,135,0,0
BRDA:44,135,1,0
LF:24
LH:15
BRF:8
BRH:3
FNF:6
FNH:4
end_of_record
SF:/Users/ivanpaulovich/git/clean-architecture-manga/src/Infrastructure/InMemoryDataAccess/Repositories/UserRepository.cs
FN:11,System.Void Infrastructure.InMemoryDataAccess.Repositories.UserRepository::.ctor(Infrastructure.InMemoryDataAccess.MangaContext)
FNDA:2,System.Void Infrastructure.InMemoryDataAccess.Repositories.UserRepository::.ctor(Infrastructure.InMemoryDataAccess.MangaContext)
DA:12,2
DA:13,2
DA:14,2
DA:15,2
FN:17,System.Void Infrastructure.InMemoryDataAccess.Repositories.UserRepository/<Add>d__2::MoveNext()
FNDA:2,System.Void Infrastructure.InMemoryDataAccess.Repositories.UserRepository/<Add>d__2::MoveNext()
DA:18,2
DA:19,2
DA:20,2
DA:21,2
BRDA:20,66,0,0
BRDA:20,66,1,2
FN:25,System.Boolean Infrastructure.InMemoryDataAccess.Repositories.UserRepository/<>c__DisplayClass3_0::<Get>b__0(Infrastructure.InMemoryDataAccess.User)
FNDA:0,System.Boolean Infrastructure.InMemoryDataAccess.Repositories.UserRepository/<>c__DisplayClass3_0::<Get>b__0(Infrastructure.InMemoryDataAccess.User)
DA:26,0
FN:23,System.Void Infrastructure.InMemoryDataAccess.Repositories.UserRepository/<Get>d__3::MoveNext()
FNDA:0,System.Void Infrastructure.InMemoryDataAccess.Repositories.UserRepository/<Get>d__3::MoveNext()
DA:24,0
DA:25,0
DA:27,0
DA:29,0
DA:30,0
DA:31,0
DA:34,0
DA:35,0
BRDA:29,106,0,0
BRDA:29,106,1,0
BRDA:34,165,0,0
BRDA:34,165,1,0
LF:17
LH:8
BRF:6
BRH:1
FNF:4
FNH:2
end_of_record
SF:/Users/ivanpaulovich/git/clean-architecture-manga/src/Infrastructure/InMemoryDataAccess/Presenters/CloseAccountPresenter.cs
FN:13,System.Collections.ObjectModel.Collection`1<Application.Boundaries.CloseAccount.CloseAccountOutput> Infrastructure.InMemoryDataAccess.Presenters.CloseAccountPresenter::get_ClosedAccounts()
FNDA:0,System.Collections.ObjectModel.Collection`1<Application.Boundaries.CloseAccount.CloseAccountOutput> Infrastructure.InMemoryDataAccess.Presenters.CloseAccountPresenter::get_ClosedAccounts()
DA:14,0
FN:15,System.Collections.ObjectModel.Collection`1<System.String> Infrastructure.InMemoryDataAccess.Presenters.CloseAccountPresenter::get_NotFounds()
FNDA:0,System.Collections.ObjectModel.Collection`1<System.String> Infrastructure.InMemoryDataAccess.Presenters.CloseAccountPresenter::get_NotFounds()
DA:16,0
FN:18,System.Void Infrastructure.InMemoryDataAccess.Presenters.CloseAccountPresenter::Standard(Application.Boundaries.CloseAccount.CloseAccountOutput)
FNDA:0,System.Void Infrastructure.InMemoryDataAccess.Presenters.CloseAccountPresenter::Standard(Application.Boundaries.CloseAccount.CloseAccountOutput)
DA:19,0
DA:20,0
DA:21,0
FN:23,System.Void Infrastructure.InMemoryDataAccess.Presenters.CloseAccountPresenter::NotFound(System.String)
FNDA:0,System.Void Infrastructure.InMemoryDataAccess.Presenters.CloseAccountPresenter::NotFound(System.String)
DA:24,0
DA:25,0
DA:26,0
FN:7,System.Void Infrastructure.InMemoryDataAccess.Presenters.CloseAccountPresenter::.ctor()
FNDA:0,System.Void Infrastructure.InMemoryDataAccess.Presenters.CloseAccountPresenter::.ctor()
DA:8,0
DA:9,0
DA:10,0
DA:11,0
DA:12,0
LF:13
LH:0
BRF:0
BRH:0
FNF:5
FNH:0
end_of_record
SF:/Users/ivanpaulovich/git/clean-architecture-manga/src/Infrastructure/InMemoryDataAccess/Presenters/DepositPresenter.cs
FN:13,System.Collections.ObjectModel.Collection`1<Application.Boundaries.Deposit.DepositOutput> Infrastructure.InMemoryDataAccess.Presenters.DepositPresenter::get_Deposits()
FNDA:0,System.Collections.ObjectModel.Collection`1<Application.Boundaries.Deposit.DepositOutput> Infrastructure.InMemoryDataAccess.Presenters.DepositPresenter::get_Deposits()
DA:14,0
FN:15,System.Collections.ObjectModel.Collection`1<System.String> Infrastructure.InMemoryDataAccess.Presenters.DepositPresenter::get_NotFounds()
FNDA:0,System.Collections.ObjectModel.Collection`1<System.String> Infrastructure.InMemoryDataAccess.Presenters.DepositPresenter::get_NotFounds()
DA:16,0
FN:18,System.Void Infrastructure.InMemoryDataAccess.Presenters.DepositPresenter::Standard(Application.Boundaries.Deposit.DepositOutput)
FNDA:0,System.Void Infrastructure.InMemoryDataAccess.Presenters.DepositPresenter::Standard(Application.Boundaries.Deposit.DepositOutput)
DA:19,0
DA:20,0
DA:21,0
FN:23,System.Void Infrastructure.InMemoryDataAccess.Presenters.DepositPresenter::NotFound(System.String)
FNDA:0,System.Void Infrastructure.InMemoryDataAccess.Presenters.DepositPresenter::NotFound(System.String)
DA:24,0
DA:25,0
DA:26,0
FN:7,System.Void Infrastructure.InMemoryDataAccess.Presenters.DepositPresenter::.ctor()
FNDA:0,System.Void Infrastructure.InMemoryDataAccess.Presenters.DepositPresenter::.ctor()
DA:8,0
DA:9,0
DA:10,0
DA:11,0
DA:12,0
LF:13
LH:0
BRF:0
BRH:0
FNF:5
FNH:0
end_of_record
SF:/Users/ivanpaulovich/git/clean-architecture-manga/src/Infrastructure/InMemoryDataAccess/Presenters/GetAccountDetailsPresenter.cs
FN:13,System.Collections.ObjectModel.Collection`1<Application.Boundaries.GetAccountDetails.GetAccountDetailsOutput> Infrastructure.InMemoryDataAccess.Presenters.GetAccountDetailsPresenter::get_GetAccountDetails()
FNDA:0,System.Collections.ObjectModel.Collection`1<Application.Boundaries.GetAccountDetails.GetAccountDetailsOutput> Infrastructure.InMemoryDataAccess.Presenters.GetAccountDetailsPresenter::get_GetAccountDetails()
DA:14,0
FN:15,System.Collections.ObjectModel.Collection`1<System.String> Infrastructure.InMemoryDataAccess.Presenters.GetAccountDetailsPresenter::get_NotFounds()
FNDA:0,System.Collections.ObjectModel.Collection`1<System.String> Infrastructure.InMemoryDataAccess.Presenters.GetAccountDetailsPresenter::get_NotFounds()
DA:16,0
FN:18,System.Void Infrastructure.InMemoryDataAccess.Presenters.GetAccountDetailsPresenter::Standard(Application.Boundaries.GetAccountDetails.GetAccountDetailsOutput)
FNDA:0,System.Void Infrastructure.InMemoryDataAccess.Presenters.GetAccountDetailsPresenter::Standard(Application.Boundaries.GetAccountDetails.GetAccountDetailsOutput)
DA:19,0
DA:20,0
DA:21,0
FN:23,System.Void Infrastructure.InMemoryDataAccess.Presenters.GetAccountDetailsPresenter::NotFound(System.String)
FNDA:0,System.Void Infrastructure.InMemoryDataAccess.Presenters.GetAccountDetailsPresenter::NotFound(System.String)
DA:24,0
DA:25,0
DA:26,0
FN:7,System.Void Infrastructure.InMemoryDataAccess.Presenters.GetAccountDetailsPresenter::.ctor()
FNDA:0,System.Void Infrastructure.InMemoryDataAccess.Presenters.GetAccountDetailsPresenter::.ctor()
DA:8,0
DA:9,0
DA:10,0
DA:11,0
DA:12,0
LF:13
LH:0
BRF:0
BRH:0
FNF:5
FNH:0
end_of_record
SF:/Users/ivanpaulovich/git/clean-architecture-manga/src/Infrastructure/InMemoryDataAccess/Presenters/GetCustomerDetailsPresenter.cs
FN:13,System.Collections.ObjectModel.Collection`1<Application.Boundaries.GetCustomerDetails.GetCustomerDetailsOutput> Infrastructure.InMemoryDataAccess.Presenters.GetCustomerDetailsPresenter::get_GetCustomerDetails()
FNDA:0,System.Collections.ObjectModel.Collection`1<Application.Boundaries.GetCustomerDetails.GetCustomerDetailsOutput> Infrastructure.InMemoryDataAccess.Presenters.GetCustomerDetailsPresenter::get_GetCustomerDetails()
DA:14,0
FN:15,System.Collections.ObjectModel.Collection`1<System.String> Infrastructure.InMemoryDataAccess.Presenters.GetCustomerDetailsPresenter::get_NotFounds()
FNDA:0,System.Collections.ObjectModel.Collection`1<System.String> Infrastructure.InMemoryDataAccess.Presenters.GetCustomerDetailsPresenter::get_NotFounds()
DA:16,0
FN:18,System.Void Infrastructure.InMemoryDataAccess.Presenters.GetCustomerDetailsPresenter::Standard(Application.Boundaries.GetCustomerDetails.GetCustomerDetailsOutput)
FNDA:0,System.Void Infrastructure.InMemoryDataAccess.Presenters.GetCustomerDetailsPresenter::Standard(Application.Boundaries.GetCustomerDetails.GetCustomerDetailsOutput)
DA:19,0
DA:20,0
DA:21,0
FN:23,System.Void Infrastructure.InMemoryDataAccess.Presenters.GetCustomerDetailsPresenter::NotFound(System.String)
FNDA:0,System.Void Infrastructure.InMemoryDataAccess.Presenters.GetCustomerDetailsPresenter::NotFound(System.String)
DA:24,0
DA:25,0
DA:26,0
FN:7,System.Void Infrastructure.InMemoryDataAccess.Presenters.GetCustomerDetailsPresenter::.ctor()
FNDA:0,System.Void Infrastructure.InMemoryDataAccess.Presenters.GetCustomerDetailsPresenter::.ctor()
DA:8,0
DA:9,0
DA:10,0
DA:11,0
DA:12,0
LF:13
LH:0
BRF:0
BRH:0
FNF:5
FNH:0
end_of_record
SF:/Users/ivanpaulovich/git/clean-architecture-manga/src/Infrastructure/InMemoryDataAccess/Presenters/RegisterPresenter.cs
FN:13,System.Collections.ObjectModel.Collection`1<Application.Boundaries.Register.RegisterOutput> Infrastructure.InMemoryDataAccess.Presenters.RegisterPresenter::get_Registers()
FNDA:0,System.Collections.ObjectModel.Collection`1<Application.Boundaries.Register.RegisterOutput> Infrastructure.InMemoryDataAccess.Presenters.RegisterPresenter::get_Registers()
DA:14,0
FN:15,System.Collections.ObjectModel.Collection`1<System.String> Infrastructure.InMemoryDataAccess.Presenters.RegisterPresenter::get_AlreadyRegistered()
FNDA:0,System.Collections.ObjectModel.Collection`1<System.String> Infrastructure.InMemoryDataAccess.Presenters.RegisterPresenter::get_AlreadyRegistered()
DA:16,0
FN:18,System.Void Infrastructure.InMemoryDataAccess.Presenters.RegisterPresenter::Standard(Application.Boundaries.Register.RegisterOutput)
FNDA:0,System.Void Infrastructure.InMemoryDataAccess.Presenters.RegisterPresenter::Standard(Application.Boundaries.Register.RegisterOutput)
DA:19,0
DA:20,0
DA:21,0
FN:23,System.Void Infrastructure.InMemoryDataAccess.Presenters.RegisterPresenter::CustomerAlreadyRegistered(System.String)
FNDA:0,System.Void Infrastructure.InMemoryDataAccess.Presenters.RegisterPresenter::CustomerAlreadyRegistered(System.String)
DA:24,0
DA:25,0
DA:26,0
FN:7,System.Void Infrastructure.InMemoryDataAccess.Presenters.RegisterPresenter::.ctor()
FNDA:0,System.Void Infrastructure.InMemoryDataAccess.Presenters.RegisterPresenter::.ctor()
DA:8,0
DA:9,0
DA:10,0
DA:11,0
DA:12,0
LF:13
LH:0
BRF:0
BRH:0
FNF:5
FNH:0
end_of_record
SF:/Users/ivanpaulovich/git/clean-architecture-manga/src/Infrastructure/InMemoryDataAccess/Presenters/TransferPresenter.cs
FN:13,System.Collections.ObjectModel.Collection`1<Application.Boundaries.Transfer.TransferOutput> Infrastructure.InMemoryDataAccess.Presenters.TransferPresenter::get_Transfers()
FNDA:0,System.Collections.ObjectModel.Collection`1<Application.Boundaries.Transfer.TransferOutput> Infrastructure.InMemoryDataAccess.Presenters.TransferPresenter::get_Transfers()
DA:14,0
FN:15,System.Collections.ObjectModel.Collection`1<System.String> Infrastructure.InMemoryDataAccess.Presenters.TransferPresenter::get_NotFounds()
FNDA:0,System.Collections.ObjectModel.Collection`1<System.String> Infrastructure.InMemoryDataAccess.Presenters.TransferPresenter::get_NotFounds()
DA:16,0
FN:18,System.Void Infrastructure.InMemoryDataAccess.Presenters.TransferPresenter::Standard(Application.Boundaries.Transfer.TransferOutput)
FNDA:0,System.Void Infrastructure.InMemoryDataAccess.Presenters.TransferPresenter::Standard(Application.Boundaries.Transfer.TransferOutput)
DA:19,0
DA:20,0
DA:21,0
FN:23,System.Void Infrastructure.InMemoryDataAccess.Presenters.TransferPresenter::NotFound(System.String)
FNDA:0,System.Void Infrastructure.InMemoryDataAccess.Presenters.TransferPresenter::NotFound(System.String)
DA:24,0
DA:25,0
DA:26,0
FN:7,System.Void Infrastructure.InMemoryDataAccess.Presenters.TransferPresenter::.ctor()
FNDA:0,System.Void Infrastructure.InMemoryDataAccess.Presenters.TransferPresenter::.ctor()
DA:8,0
DA:9,0
DA:10,0
DA:11,0
DA:12,0
LF:13
LH:0
BRF:0
BRH:0
FNF:5
FNH:0
end_of_record
SF:/Users/ivanpaulovich/git/clean-architecture-manga/src/Infrastructure/InMemoryDataAccess/Presenters/WithdrawPresenter.cs
FN:14,System.Collections.ObjectModel.Collection`1<Application.Boundaries.Withdraw.WithdrawOutput> Infrastructure.InMemoryDataAccess.Presenters.WithdrawPresenter::get_Withdrawals()
FNDA:0,System.Collections.ObjectModel.Collection`1<Application.Boundaries.Withdraw.WithdrawOutput> Infrastructure.InMemoryDataAccess.Presenters.WithdrawPresenter::get_Withdrawals()
DA:15,0
FN:16,System.Collections.ObjectModel.Collection`1<System.String> Infrastructure.InMemoryDataAccess.Presenters.WithdrawPresenter::get_NotFounds()
FNDA:0,System.Collections.ObjectModel.Collection`1<System.String> Infrastructure.InMemoryDataAccess.Presenters.WithdrawPresenter::get_NotFounds()
DA:17,0
FN:18,System.Collections.ObjectModel.Collection`1<System.String> Infrastructure.InMemoryDataAccess.Presenters.WithdrawPresenter::get_OutOfBalances()
FNDA:0,System.Collections.ObjectModel.Collection`1<System.String> Infrastructure.InMemoryDataAccess.Presenters.WithdrawPresenter::get_OutOfBalances()
DA:19,0
FN:21,System.Void Infrastructure.InMemoryDataAccess.Presenters.WithdrawPresenter::Standard(Application.Boundaries.Withdraw.WithdrawOutput)
FNDA:0,System.Void Infrastructure.InMemoryDataAccess.Presenters.WithdrawPresenter::Standard(Application.Boundaries.Withdraw.WithdrawOutput)
DA:22,0
DA:23,0
DA:24,0
FN:26,System.Void Infrastructure.InMemoryDataAccess.Presenters.WithdrawPresenter::NotFound(System.String)
FNDA:0,System.Void Infrastructure.InMemoryDataAccess.Presenters.WithdrawPresenter::NotFound(System.String)
DA:27,0
DA:28,0
DA:29,0
FN:31,System.Void Infrastructure.InMemoryDataAccess.Presenters.WithdrawPresenter::OutOfBalance(System.String)
FNDA:0,System.Void Infrastructure.InMemoryDataAccess.Presenters.WithdrawPresenter::OutOfBalance(System.String)
DA:32,0
DA:33,0
DA:34,0
FN:7,System.Void Infrastructure.InMemoryDataAccess.Presenters.WithdrawPresenter::.ctor()
FNDA:0,System.Void Infrastructure.InMemoryDataAccess.Presenters.WithdrawPresenter::.ctor()
DA:8,0
DA:9,0
DA:10,0
DA:11,0
DA:12,0
DA:13,0
LF:18
LH:0
BRF:0
BRH:0
FNF:7
FNH:0
end_of_record
SF:/Users/ivanpaulovich/git/clean-architecture-manga/src/Infrastructure/EntityFrameworkDataAccess/ContextFactory.cs
FN:10,Infrastructure.EntityFrameworkDataAccess.MangaContext Infrastructure.EntityFrameworkDataAccess.ContextFactory::CreateDbContext(System.String[])
FNDA:0,Infrastructure.EntityFrameworkDataAccess.MangaContext Infrastructure.EntityFrameworkDataAccess.ContextFactory::CreateDbContext(System.String[])
DA:11,0
DA:12,0
DA:14,0
DA:15,0
DA:16,0
DA:17,0
FN:19,System.String Infrastructure.EntityFrameworkDataAccess.ContextFactory::ReadDefaultConnectionStringFromAppSettings()
FNDA:0,System.String Infrastructure.EntityFrameworkDataAccess.ContextFactory::ReadDefaultConnectionStringFromAppSettings()
DA:20,0
DA:21,0
DA:22,0
DA:23,0
DA:24,0
DA:26,0
DA:27,0
DA:28,0
LF:14
LH:0
BRF:0
BRH:0
FNF:2
FNH:0
end_of_record
SF:/Users/ivanpaulovich/git/clean-architecture-manga/src/Infrastructure/EntityFrameworkDataAccess/Entities/Account.cs
FN:22,Domain.Customers.ValueObjects.CustomerId Infrastructure.EntityFrameworkDataAccess.Account::get_CustomerId()
FNDA:0,Domain.Customers.ValueObjects.CustomerId Infrastructure.EntityFrameworkDataAccess.Account::get_CustomerId()
DA:23,0
FN:25,System.Void Infrastructure.EntityFrameworkDataAccess.Account::Load(System.Collections.Generic.IList`1<Infrastructure.EntityFrameworkDataAccess.Credit>,System.Collections.Generic.IList`1<Infrastructure.EntityFrameworkDataAccess.Debit>)
FNDA:0,System.Void Infrastructure.EntityFrameworkDataAccess.Account::Load(System.Collections.Generic.IList`1<Infrastructure.EntityFrameworkDataAccess.Credit>,System.Collections.Generic.IList`1<Infrastructure.EntityFrameworkDataAccess.Debit>)
DA:26,0
DA:27,0
DA:28,0
DA:30,0
DA:31,0
DA:32,0
FN:12,System.Void Infrastructure.EntityFrameworkDataAccess.Account::.ctor(Domain.Customers.ValueObjects.CustomerId)
FNDA:0,System.Void Infrastructure.EntityFrameworkDataAccess.Account::.ctor(Domain.Customers.ValueObjects.CustomerId)
DA:13,0
DA:14,0
DA:15,0
DA:16,0
DA:17,0
FN:18,System.Void Infrastructure.EntityFrameworkDataAccess.Account::.ctor()
FNDA:0,System.Void Infrastructure.EntityFrameworkDataAccess.Account::.ctor()
DA:19,0
DA:20,0
DA:21,0
LF:15
LH:0
BRF:0
BRH:0
FNF:4
FNH:0
end_of_record
SF:/Users/ivanpaulovich/git/clean-architecture-manga/src/Infrastructure/EntityFrameworkDataAccess/Entities/Credit.cs
FN:19,Domain.Accounts.ValueObjects.AccountId Infrastructure.EntityFrameworkDataAccess.Credit::get_AccountId()
FNDA:0,Domain.Accounts.ValueObjects.AccountId Infrastructure.EntityFrameworkDataAccess.Credit::get_AccountId()
DA:20,0
FN:8,System.Void Infrastructure.EntityFrameworkDataAccess.Credit::.ctor(Domain.Accounts.IAccount,Domain.Accounts.ValueObjects.PositiveMoney,System.DateTime)
FNDA:0,System.Void Infrastructure.EntityFrameworkDataAccess.Credit::.ctor(Domain.Accounts.IAccount,Domain.Accounts.ValueObjects.PositiveMoney,System.DateTime)
DA:9,0
DA:10,0
DA:11,0
DA:12,0
DA:13,0
DA:14,0
FN:15,System.Void Infrastructure.EntityFrameworkDataAccess.Credit::.ctor()
FNDA:0,System.Void Infrastructure.EntityFrameworkDataAccess.Credit::.ctor()
DA:16,0
DA:17,0
DA:18,0
LF:10
LH:0
BRF:0
BRH:0
FNF:3
FNH:0
end_of_record
SF:/Users/ivanpaulovich/git/clean-architecture-manga/src/Infrastructure/EntityFrameworkDataAccess/Entities/Customer.cs
FN:24,System.Void Infrastructure.EntityFrameworkDataAccess.Customer::LoadAccounts(System.Collections.Generic.IEnumerable`1<Domain.Accounts.ValueObjects.AccountId>)
FNDA:0,System.Void Infrastructure.EntityFrameworkDataAccess.Customer::LoadAccounts(System.Collections.Generic.IEnumerable`1<Domain.Accounts.ValueObjects.AccountId>)
DA:25,0
DA:26,0
DA:27,0
DA:28,0
FN:10,System.Void Infrastructure.EntityFrameworkDataAccess.Customer::.ctor(Domain.Customers.ValueObjects.SSN,Domain.Customers.ValueObjects.Name)
FNDA:0,System.Void Infrastructure.EntityFrameworkDataAccess.Customer::.ctor(Domain.Customers.ValueObjects.SSN,Domain.Customers.ValueObjects.Name)
DA:11,0
DA:12,0
DA:13,0
DA:14,0
DA:15,0
DA:16,0
DA:17,0
DA:18,0
FN:19,System.Void Infrastructure.EntityFrameworkDataAccess.Customer::.ctor()
FNDA:0,System.Void Infrastructure.EntityFrameworkDataAccess.Customer::.ctor()
DA:20,0
DA:21,0
DA:22,0
LF:15
LH:0
BRF:0
BRH:0
FNF:3
FNH:0
end_of_record
SF:/Users/ivanpaulovich/git/clean-architecture-manga/src/Infrastructure/EntityFrameworkDataAccess/Entities/Debit.cs
FN:19,Domain.Accounts.ValueObjects.AccountId Infrastructure.EntityFrameworkDataAccess.Debit::get_AccountId()
FNDA:0,Domain.Accounts.ValueObjects.AccountId Infrastructure.EntityFrameworkDataAccess.Debit::get_AccountId()
DA:20,0
FN:8,System.Void Infrastructure.EntityFrameworkDataAccess.Debit::.ctor(Domain.Accounts.IAccount,Domain.Accounts.ValueObjects.PositiveMoney,System.DateTime)
FNDA:0,System.Void Infrastructure.EntityFrameworkDataAccess.Debit::.ctor(Domain.Accounts.IAccount,Domain.Accounts.ValueObjects.PositiveMoney,System.DateTime)
DA:9,0
DA:10,0
DA:11,0
DA:12,0
DA:13,0
DA:14,0
FN:15,System.Void Infrastructure.EntityFrameworkDataAccess.Debit::.ctor()
FNDA:0,System.Void Infrastructure.EntityFrameworkDataAccess.Debit::.ctor()
DA:16,0
DA:17,0
DA:18,0
LF:10
LH:0
BRF:0
BRH:0
FNF:3
FNH:0
end_of_record
SF:/Users/ivanpaulovich/git/clean-architecture-manga/src/Infrastructure/EntityFrameworkDataAccess/Entities/User.cs
FN:7,System.Void Infrastructure.EntityFrameworkDataAccess.User::.ctor(Domain.Customers.ValueObjects.CustomerId,Domain.Security.ValueObjects.ExternalUserId)
FNDA:0,System.Void Infrastructure.EntityFrameworkDataAccess.User::.ctor(Domain.Customers.ValueObjects.CustomerId,Domain.Security.ValueObjects.ExternalUserId)
DA:8,0
DA:9,0
DA:10,0
DA:11,0
DA:12,0
FN:13,System.Void Infrastructure.EntityFrameworkDataAccess.User::.ctor()
FNDA:0,System.Void Infrastructure.EntityFrameworkDataAccess.User::.ctor()
DA:14,0
DA:15,0
DA:16,0
LF:8
LH:0
BRF:0
BRH:0
FNF:2
FNH:0
end_of_record
SF:/Users/ivanpaulovich/git/clean-architecture-manga/src/Infrastructure/EntityFrameworkDataAccess/EntityFactory.cs
FN:17,Domain.Accounts.IAccount Infrastructure.EntityFrameworkDataAccess.EntityFactory::NewAccount(Domain.Customers.ValueObjects.CustomerId)
FNDA:0,Domain.Accounts.IAccount Infrastructure.EntityFrameworkDataAccess.EntityFactory::NewAccount(Domain.Customers.ValueObjects.CustomerId)
DA:18,0
FN:22,Domain.Accounts.Credits.ICredit Infrastructure.EntityFrameworkDataAccess.EntityFactory::NewCredit(Domain.Accounts.IAccount,Domain.Accounts.ValueObjects.PositiveMoney,System.DateTime)
FNDA:0,Domain.Accounts.Credits.ICredit Infrastructure.EntityFrameworkDataAccess.EntityFactory::NewCredit(Domain.Accounts.IAccount,Domain.Accounts.ValueObjects.PositiveMoney,System.DateTime)
DA:23,0
FN:26,Domain.Customers.ICustomer Infrastructure.EntityFrameworkDataAccess.EntityFactory::NewCustomer(Domain.Customers.ValueObjects.SSN,Domain.Customers.ValueObjects.Name)
FNDA:0,Domain.Customers.ICustomer Infrastructure.EntityFrameworkDataAccess.EntityFactory::NewCustomer(Domain.Customers.ValueObjects.SSN,Domain.Customers.ValueObjects.Name)
DA:27,0
FN:31,Domain.Accounts.Debits.IDebit Infrastructure.EntityFrameworkDataAccess.EntityFactory::NewDebit(Domain.Accounts.IAccount,Domain.Accounts.ValueObjects.PositiveMoney,System.DateTime)
FNDA:0,Domain.Accounts.Debits.IDebit Infrastructure.EntityFrameworkDataAccess.EntityFactory::NewDebit(Domain.Accounts.IAccount,Domain.Accounts.ValueObjects.PositiveMoney,System.DateTime)
DA:32,0
FN:33,Domain.Security.IUser Infrastructure.EntityFrameworkDataAccess.EntityFactory::NewUser(Domain.Customers.ValueObjects.CustomerId,Domain.Security.ValueObjects.ExternalUserId)
FNDA:0,Domain.Security.IUser Infrastructure.EntityFrameworkDataAccess.EntityFactory::NewUser(Domain.Customers.ValueObjects.CustomerId,Domain.Security.ValueObjects.ExternalUserId)
DA:34,0
LF:5
LH:0
BRF:0
BRH:0
FNF:5
FNH:0
end_of_record
SF:/Users/ivanpaulovich/git/clean-architecture-manga/src/Infrastructure/EntityFrameworkDataAccess/MangaContext.cs
FN:11,Microsoft.EntityFrameworkCore.DbSet`1<Infrastructure.EntityFrameworkDataAccess.User> Infrastructure.EntityFrameworkDataAccess.MangaContext::get_Users()
FNDA:0,Microsoft.EntityFrameworkCore.DbSet`1<Infrastructure.EntityFrameworkDataAccess.User> Infrastructure.EntityFrameworkDataAccess.MangaContext::get_Users()
DA:12,0
FN:13,Microsoft.EntityFrameworkCore.DbSet`1<Infrastructure.EntityFrameworkDataAccess.Account> Infrastructure.EntityFrameworkDataAccess.MangaContext::get_Accounts()
FNDA:0,Microsoft.EntityFrameworkCore.DbSet`1<Infrastructure.EntityFrameworkDataAccess.Account> Infrastructure.EntityFrameworkDataAccess.MangaContext::get_Accounts()
DA:14,0
FN:15,Microsoft.EntityFrameworkCore.DbSet`1<Infrastructure.EntityFrameworkDataAccess.Customer> Infrastructure.EntityFrameworkDataAccess.MangaContext::get_Customers()
FNDA:0,Microsoft.EntityFrameworkCore.DbSet`1<Infrastructure.EntityFrameworkDataAccess.Customer> Infrastructure.EntityFrameworkDataAccess.MangaContext::get_Customers()
DA:16,0
FN:17,Microsoft.EntityFrameworkCore.DbSet`1<Infrastructure.EntityFrameworkDataAccess.Credit> Infrastructure.EntityFrameworkDataAccess.MangaContext::get_Credits()
FNDA:0,Microsoft.EntityFrameworkCore.DbSet`1<Infrastructure.EntityFrameworkDataAccess.Credit> Infrastructure.EntityFrameworkDataAccess.MangaContext::get_Credits()
DA:18,0
FN:19,Microsoft.EntityFrameworkCore.DbSet`1<Infrastructure.EntityFrameworkDataAccess.Debit> Infrastructure.EntityFrameworkDataAccess.MangaContext::get_Debits()
FNDA:0,Microsoft.EntityFrameworkCore.DbSet`1<Infrastructure.EntityFrameworkDataAccess.Debit> Infrastructure.EntityFrameworkDataAccess.MangaContext::get_Debits()
DA:20,0
FN:22,System.Void Infrastructure.EntityFrameworkDataAccess.MangaContext::OnModelCreating(Microsoft.EntityFrameworkCore.ModelBuilder)
FNDA:0,System.Void Infrastructure.EntityFrameworkDataAccess.MangaContext::OnModelCreating(Microsoft.EntityFrameworkCore.ModelBuilder)
DA:23,0
DA:24,0
DA:25,0
DA:26,0
FN:7,System.Void Infrastructure.EntityFrameworkDataAccess.MangaContext::.ctor(Microsoft.EntityFrameworkCore.DbContextOptions)
FNDA:0,System.Void Infrastructure.EntityFrameworkDataAccess.MangaContext::.ctor(Microsoft.EntityFrameworkCore.DbContextOptions)
DA:8,0
DA:9,0
DA:10,0
LF:12
LH:0
BRF:0
BRH:0
FNF:7
FNH:0
end_of_record
SF:/Users/ivanpaulovich/git/clean-architecture-manga/src/Infrastructure/EntityFrameworkDataAccess/SeedData.cs
FN:17,System.Void Infrastructure.EntityFrameworkDataAccess.SeedData::Seed(Microsoft.EntityFrameworkCore.ModelBuilder)
FNDA:0,System.Void Infrastructure.EntityFrameworkDataAccess.SeedData::Seed(Microsoft.EntityFrameworkCore.ModelBuilder)
DA:18,0
DA:19,0
DA:20,0
DA:22,0
DA:23,0
DA:25,0
DA:26,0
DA:27,0
DA:28,0
DA:29,0
DA:30,0
DA:31,0
DA:32,0
DA:33,0
DA:35,0
DA:36,0
DA:37,0
DA:38,0
DA:39,0
DA:40,0
DA:41,0
DA:42,0
DA:43,0
DA:45,0
DA:46,0
DA:47,0
FN:12,System.Void Infrastructure.EntityFrameworkDataAccess.SeedData::.cctor()
FNDA:0,System.Void Infrastructure.EntityFrameworkDataAccess.SeedData::.cctor()
DA:13,0
DA:15,0
LF:28
LH:0
BRF:0
BRH:0
FNF:2
FNH:0
end_of_record
SF:/Users/ivanpaulovich/git/clean-architecture-manga/src/Infrastructure/EntityFrameworkDataAccess/UnitOfWork.cs
FN:23,System.Void Infrastructure.EntityFrameworkDataAccess.UnitOfWork::Dispose()
FNDA:0,System.Void Infrastructure.EntityFrameworkDataAccess.UnitOfWork::Dispose()
DA:24,0
DA:25,0
DA:26,0
DA:27,0
FN:29,System.Void Infrastructure.EntityFrameworkDataAccess.UnitOfWork::Dispose(System.Boolean)
FNDA:0,System.Void Infrastructure.EntityFrameworkDataAccess.UnitOfWork::Dispose(System.Boolean)
DA:30,0
DA:31,0
DA:32,0
DA:33,0
DA:34,0
DA:35,0
DA:36,0
DA:37,0
DA:39,0
DA:40,0
BRDA:31,12,0,0
BRDA:33,18,0,0
BRDA:33,18,1,0
BRDA:31,12,1,0
FN:9,System.Void Infrastructure.EntityFrameworkDataAccess.UnitOfWork::.ctor(Infrastructure.EntityFrameworkDataAccess.MangaContext)
FNDA:0,System.Void Infrastructure.EntityFrameworkDataAccess.UnitOfWork::.ctor(Infrastructure.EntityFrameworkDataAccess.MangaContext)
DA:10,0
DA:12,0
DA:13,0
DA:14,0
DA:15,0
FN:17,System.Void Infrastructure.EntityFrameworkDataAccess.UnitOfWork/<Save>d__3::MoveNext()
FNDA:0,System.Void Infrastructure.EntityFrameworkDataAccess.UnitOfWork/<Save>d__3::MoveNext()
DA:18,0
DA:19,0
DA:20,0
DA:21,0
BRDA:19,53,0,0
BRDA:19,53,1,0
LF:23
LH:0
BRF:6
BRH:0
FNF:4
FNH:0
end_of_record
SF:/Users/ivanpaulovich/git/clean-architecture-manga/src/Infrastructure/EntityFrameworkDataAccess/Repositories/AccountRepository.cs
FN:16,System.Void Infrastructure.EntityFrameworkDataAccess.Repositories.AccountRepository::.ctor(Infrastructure.EntityFrameworkDataAccess.MangaContext)
FNDA:0,System.Void Infrastructure.EntityFrameworkDataAccess.Repositories.AccountRepository::.ctor(Infrastructure.EntityFrameworkDataAccess.MangaContext)
DA:17,0
DA:18,0
DA:19,0
DA:20,0
DA:21,0
BRDA:19,11,0,0
BRDA:19,11,1,0
FN:23,System.Void Infrastructure.EntityFrameworkDataAccess.Repositories.AccountRepository/<Add>d__2::MoveNext()
FNDA:0,System.Void Infrastructure.EntityFrameworkDataAccess.Repositories.AccountRepository/<Add>d__2::MoveNext()
DA:24,0
DA:25,0
DA:26,0
DA:27,0
BRDA:24,14,0,0
BRDA:25,83,0,0
BRDA:25,83,1,0
BRDA:26,220,0,0
BRDA:24,14,1,0
BRDA:26,220,1,0
FN:29,System.Void Infrastructure.EntityFrameworkDataAccess.Repositories.AccountRepository/<Delete>d__3::MoveNext()
FNDA:0,System.Void Infrastructure.EntityFrameworkDataAccess.Repositories.AccountRepository/<Delete>d__3::MoveNext()
DA:30,0
DA:31,0
DA:32,0
DA:33,0
DA:34,0
DA:36,0
DA:38,0
DA:39,0
DA:40,0
BRDA:38,116,0,0
BRDA:38,116,1,0
FN:42,System.Void Infrastructure.EntityFrameworkDataAccess.Repositories.AccountRepository/<Get>d__4::MoveNext()
FNDA:0,System.Void Infrastructure.EntityFrameworkDataAccess.Repositories.AccountRepository/<Get>d__4::MoveNext()
DA:43,0
DA:44,0
DA:45,0
DA:46,0
DA:47,0
DA:49,0
DA:50,0
DA:51,0
DA:54,0
DA:55,0
DA:56,0
DA:58,0
DA:59,0
DA:60,0
DA:62,0
DA:64,0
DA:65,0
BRDA:44,232,0,0
BRDA:44,232,1,0
BRDA:49,347,0,0
BRDA:49,347,1,0
FN:67,System.Void Infrastructure.EntityFrameworkDataAccess.Repositories.AccountRepository/<Update>d__5::MoveNext()
FNDA:0,System.Void Infrastructure.EntityFrameworkDataAccess.Repositories.AccountRepository/<Update>d__5::MoveNext()
DA:68,0
DA:69,0
DA:70,0
BRDA:69,72,0,0
BRDA:69,72,1,0
FN:72,System.Void Infrastructure.EntityFrameworkDataAccess.Repositories.AccountRepository/<Update>d__6::MoveNext()
FNDA:0,System.Void Infrastructure.EntityFrameworkDataAccess.Repositories.AccountRepository/<Update>d__6::MoveNext()
DA:73,0
DA:74,0
DA:75,0
BRDA:74,72,0,0
BRDA:74,72,1,0
LF:41
LH:0
BRF:18
BRH:0
FNF:6
FNH:0
end_of_record
SF:/Users/ivanpaulovich/git/clean-architecture-manga/src/Infrastructure/EntityFrameworkDataAccess/Repositories/CustomerRepository.cs
FN:13,System.Void Infrastructure.EntityFrameworkDataAccess.Repositories.CustomerRepository::.ctor(Infrastructure.EntityFrameworkDataAccess.MangaContext)
FNDA:0,System.Void Infrastructure.EntityFrameworkDataAccess.Repositories.CustomerRepository::.ctor(Infrastructure.EntityFrameworkDataAccess.MangaContext)
DA:14,0
DA:15,0
DA:16,0
DA:17,0
DA:18,0
BRDA:16,11,0,0
BRDA:16,11,1,0
FN:20,System.Void Infrastructure.EntityFrameworkDataAccess.Repositories.CustomerRepository/<Add>d__2::MoveNext()
FNDA:0,System.Void Infrastructure.EntityFrameworkDataAccess.Repositories.CustomerRepository/<Add>d__2::MoveNext()
DA:21,0
DA:22,0
DA:23,0
DA:24,0
BRDA:21,14,0,0
BRDA:22,83,0,0
BRDA:22,83,1,0
BRDA:23,200,0,0
BRDA:21,14,1,0
BRDA:23,200,1,0
FN:26,System.Void Infrastructure.EntityFrameworkDataAccess.Repositories.CustomerRepository/<GetBy>d__3::MoveNext()
FNDA:0,System.Void Infrastructure.EntityFrameworkDataAccess.Repositories.CustomerRepository/<GetBy>d__3::MoveNext()
DA:27,0
DA:28,0
DA:29,0
DA:30,0
DA:32,0
DA:33,0
DA:34,0
DA:37,0
DA:38,0
DA:39,0
DA:40,0
DA:42,0
DA:44,0
DA:45,0
BRDA:28,232,0,0
BRDA:28,232,1,0
BRDA:32,357,0,0
BRDA:32,357,1,0
FN:47,System.Void Infrastructure.EntityFrameworkDataAccess.Repositories.CustomerRepository/<Update>d__4::MoveNext()
FNDA:0,System.Void Infrastructure.EntityFrameworkDataAccess.Repositories.CustomerRepository/<Update>d__4::MoveNext()
DA:48,0
DA:49,0
DA:50,0
DA:51,0
BRDA:50,86,0,0
BRDA:50,86,1,0
LF:27
LH:0
BRF:14
BRH:0
FNF:4
FNH:0
end_of_record
SF:/Users/ivanpaulovich/git/clean-architecture-manga/src/Infrastructure/EntityFrameworkDataAccess/Repositories/UserRepository.cs
FN:13,System.Void Infrastructure.EntityFrameworkDataAccess.Repositories.UserRepository::.ctor(Infrastructure.EntityFrameworkDataAccess.MangaContext)
FNDA:0,System.Void Infrastructure.EntityFrameworkDataAccess.Repositories.UserRepository::.ctor(Infrastructure.EntityFrameworkDataAccess.MangaContext)
DA:14,0
DA:15,0
DA:16,0
DA:17,0
DA:18,0
BRDA:16,11,0,0
BRDA:16,11,1,0
FN:20,System.Void Infrastructure.EntityFrameworkDataAccess.Repositories.UserRepository/<Add>d__2::MoveNext()
FNDA:0,System.Void Infrastructure.EntityFrameworkDataAccess.Repositories.UserRepository/<Add>d__2::MoveNext()
DA:21,0
DA:22,0
DA:23,0
DA:24,0
BRDA:21,14,0,0
BRDA:22,83,0,0
BRDA:22,83,1,0
BRDA:23,200,0,0
BRDA:21,14,1,0
BRDA:23,200,1,0
FN:26,System.Void Infrastructure.EntityFrameworkDataAccess.Repositories.UserRepository/<Get>d__3::MoveNext()
FNDA:0,System.Void Infrastructure.EntityFrameworkDataAccess.Repositories.UserRepository/<Get>d__3::MoveNext()
DA:27,0
DA:28,0
DA:29,0
DA:30,0
DA:31,0
DA:33,0
DA:34,0
DA:35,0
DA:38,0
DA:39,0
BRDA:28,232,0,0
BRDA:28,232,1,0
BRDA:33,347,0,0
BRDA:33,347,1,0
LF:19
LH:0
BRF:12
BRH:0
FNF:3
FNH:0
end_of_record
SF:/Users/ivanpaulovich/git/clean-architecture-manga/src/Infrastructure/EntityFrameworkDataAccess/Migrations/20190928215112_InitialCreate.cs
FN:8,System.Void Infrastructure.EntityFrameworkDataAccess.Migrations.InitialCreate::Up(Microsoft.EntityFrameworkCore.Migrations.MigrationBuilder)
FNDA:0,System.Void Infrastructure.EntityFrameworkDataAccess.Migrations.InitialCreate::Up(Microsoft.EntityFrameworkCore.Migrations.MigrationBuilder)
DA:9,0
DA:10,0
DA:11,0
DA:12,0
DA:13,0
DA:14,0
DA:15,0
DA:16,0
DA:17,0
DA:18,0
DA:19,0
DA:20,0
DA:22,0
DA:23,0
DA:24,0
DA:25,0
DA:26,0
DA:27,0
DA:28,0
DA:29,0
DA:30,0
DA:31,0
DA:32,0
DA:33,0
DA:34,0
DA:36,0
DA:37,0
DA:38,0
DA:39,0
DA:40,0
DA:41,0
DA:42,0
DA:43,0
DA:44,0
DA:45,0
DA:46,0
DA:47,0
DA:49,0
DA:50,0
DA:51,0
DA:52,0
DA:53,0
DA:54,0
DA:55,0
DA:56,0
DA:57,0
DA:58,0
DA:59,0
DA:60,0
DA:61,0
DA:63,0
DA:64,0
DA:65,0
DA:66,0
DA:68,0
DA:69,0
DA:70,0
DA:71,0
DA:73,0
DA:74,0
DA:75,0
DA:76,0
DA:78,0
DA:79,0
DA:80,0
DA:81,0
DA:82,0
BRDA:10,13,0,0
BRDA:10,13,1,0
BRDA:10,45,0,0
BRDA:10,45,1,0
BRDA:22,89,0,0
BRDA:22,89,1,0
BRDA:22,121,0,0
BRDA:22,121,1,0
BRDA:36,165,0,0
BRDA:36,165,1,0
BRDA:36,197,0,0
BRDA:36,197,1,0
BRDA:49,241,0,0
BRDA:49,241,1,0
BRDA:49,273,0,0
BRDA:49,273,1,0
FN:84,System.Void Infrastructure.EntityFrameworkDataAccess.Migrations.InitialCreate::Down(Microsoft.EntityFrameworkCore.Migrations.MigrationBuilder)
FNDA:0,System.Void Infrastructure.EntityFrameworkDataAccess.Migrations.InitialCreate::Down(Microsoft.EntityFrameworkCore.Migrations.MigrationBuilder)
DA:85,0
DA:86,0
DA:87,0
DA:89,0
DA:90,0
DA:92,0
DA:93,0
DA:95,0
DA:96,0
DA:97,0
LF:77
LH:0
BRF:16
BRH:0
FNF:2
FNH:0
end_of_record
SF:/Users/ivanpaulovich/git/clean-architecture-manga/src/Infrastructure/EntityFrameworkDataAccess/Migrations/20190928215112_InitialCreate.Designer.cs
FN:14,System.Void Infrastructure.EntityFrameworkDataAccess.Migrations.InitialCreate::BuildTargetModel(Microsoft.EntityFrameworkCore.ModelBuilder)
FNDA:0,System.Void Infrastructure.EntityFrameworkDataAccess.Migrations.InitialCreate::BuildTargetModel(Microsoft.EntityFrameworkCore.ModelBuilder)
DA:15,0
DA:17,0
DA:18,0
DA:19,0
DA:20,0
DA:22,0
DA:23,0
DA:24,0
DA:25,0
DA:26,0
DA:27,0
DA:28,0
DA:29,0
DA:30,0
DA:31,0
DA:32,0
DA:33,0
DA:34,0
DA:35,0
DA:36,0
DA:37,0
DA:38,0
DA:39,0
DA:40,0
DA:41,0
DA:43,0
DA:44,0
DA:45,0
DA:46,0
DA:47,0
DA:48,0
DA:49,0
DA:50,0
DA:51,0
DA:52,0
DA:53,0
DA:54,0
DA:55,0
DA:56,0
DA:57,0
DA:58,0
DA:59,0
DA:60,0
DA:61,0
DA:62,0
DA:63,0
DA:64,0
DA:65,0
DA:66,0
DA:67,0
DA:68,0
DA:69,0
DA:70,0
DA:72,0
DA:73,0
DA:74,0
DA:75,0
DA:76,0
DA:77,0
DA:78,0
DA:79,0
DA:80,0
DA:81,0
DA:82,0
DA:83,0
DA:84,0
DA:85,0
DA:86,0
DA:87,0
DA:88,0
DA:89,0
DA:90,0
DA:91,0
DA:92,0
DA:93,0
DA:94,0
DA:95,0
DA:96,0
DA:97,0
DA:99,0
DA:100,0
DA:101,0
DA:102,0
DA:103,0
DA:104,0
DA:105,0
DA:106,0
DA:107,0
DA:108,0
DA:109,0
DA:110,0
DA:111,0
DA:112,0
DA:113,0
DA:114,0
DA:115,0
DA:116,0
DA:117,0
DA:118,0
DA:119,0
DA:120,0
DA:121,0
DA:122,0
DA:123,0
DA:124,0
DA:125,0
DA:126,0
DA:128,0
BRDA:22,66,0,0
BRDA:22,66,1,0
BRDA:43,109,0,0
BRDA:43,109,1,0
BRDA:72,152,0,0
BRDA:72,152,1,0
BRDA:99,195,0,0
BRDA:99,195,1,0
LF:108
LH:0
BRF:8
BRH:0
FNF:1
FNH:0
end_of_record
SF:/Users/ivanpaulovich/git/clean-architecture-manga/src/Infrastructure/EntityFrameworkDataAccess/Migrations/20191116221510_ExternalUserIdAdded.cs
FN:8,System.Void Infrastructure.EntityFrameworkDataAccess.Migrations.ExternalUserIdAdded::Up(Microsoft.EntityFrameworkCore.Migrations.MigrationBuilder)
FNDA:0,System.Void Infrastructure.EntityFrameworkDataAccess.Migrations.ExternalUserIdAdded::Up(Microsoft.EntityFrameworkCore.Migrations.MigrationBuilder)
DA:9,0
DA:10,0
DA:11,0
DA:12,0
DA:13,0
DA:14,0
DA:16,0
DA:17,0
DA:18,0
DA:19,0
DA:20,0
DA:21,0
DA:23,0
DA:24,0
DA:25,0
DA:26,0
DA:27,0
DA:28,0
DA:30,0
DA:31,0
DA:32,0
DA:33,0
DA:34,0
DA:35,0
DA:36,0
FN:38,System.Void Infrastructure.EntityFrameworkDataAccess.Migrations.ExternalUserIdAdded::Down(Microsoft.EntityFrameworkCore.Migrations.MigrationBuilder)
FNDA:0,System.Void Infrastructure.EntityFrameworkDataAccess.Migrations.ExternalUserIdAdded::Down(Microsoft.EntityFrameworkCore.Migrations.MigrationBuilder)
DA:39,0
DA:40,0
DA:41,0
DA:42,0
DA:44,0
DA:45,0
DA:46,0
DA:47,0
DA:48,0
DA:49,0
DA:51,0
DA:52,0
DA:53,0
DA:54,0
DA:55,0
DA:56,0
DA:57,0
LF:42
LH:0
BRF:0
BRH:0
FNF:2
FNH:0
end_of_record
SF:/Users/ivanpaulovich/git/clean-architecture-manga/src/Infrastructure/EntityFrameworkDataAccess/Migrations/20191116221510_ExternalUserIdAdded.Designer.cs
FN:16,System.Void Infrastructure.EntityFrameworkDataAccess.Migrations.ExternalUserIdAdded::BuildTargetModel(Microsoft.EntityFrameworkCore.ModelBuilder)
FNDA:0,System.Void Infrastructure.EntityFrameworkDataAccess.Migrations.ExternalUserIdAdded::BuildTargetModel(Microsoft.EntityFrameworkCore.ModelBuilder)
DA:17,0
DA:19,0
DA:20,0
DA:21,0
DA:22,0
DA:24,0
DA:25,0
DA:26,0
DA:27,0
DA:28,0
DA:29,0
DA:30,0
DA:31,0
DA:32,0
DA:33,0
DA:34,0
DA:35,0
DA:36,0
DA:37,0
DA:38,0
DA:39,0
DA:40,0
DA:41,0
DA:42,0
DA:43,0
DA:45,0
DA:46,0
DA:47,0
DA:48,0
DA:49,0
DA:50,0
DA:51,0
DA:52,0
DA:53,0
DA:54,0
DA:55,0
DA:56,0
DA:57,0
DA:58,0
DA:59,0
DA:60,0
DA:61,0
DA:62,0
DA:63,0
DA:64,0
DA:65,0
DA:66,0
DA:67,0
DA:68,0
DA:69,0
DA:70,0
DA:71,0
DA:72,0
DA:74,0
DA:75,0
DA:76,0
DA:77,0
DA:78,0
DA:79,0
DA:80,0
DA:81,0
DA:82,0
DA:83,0
DA:84,0
DA:85,0
DA:86,0
DA:87,0
DA:88,0
DA:89,0
DA:90,0
DA:91,0
DA:92,0
DA:93,0
DA:94,0
DA:95,0
DA:96,0
DA:97,0
DA:98,0
DA:99,0
DA:100,0
DA:101,0
DA:102,0
DA:103,0
DA:104,0
DA:106,0
DA:107,0
DA:108,0
DA:109,0
DA:110,0
DA:111,0
DA:112,0
DA:113,0
DA:114,0
DA:115,0
DA:116,0
DA:117,0
DA:118,0
DA:119,0
DA:120,0
DA:121,0
DA:122,0
DA:123,0
DA:124,0
DA:125,0
DA:126,0
DA:127,0
DA:128,0
DA:129,0
DA:130,0
DA:131,0
DA:132,0
DA:133,0
DA:135,0
BRDA:24,66,0,0
BRDA:24,66,1,0
BRDA:45,109,0,0
BRDA:45,109,1,0
BRDA:74,152,0,0
BRDA:74,152,1,0
BRDA:106,195,0,0
BRDA:106,195,1,0
LF:113
LH:0
BRF:8
BRH:0
FNF:1
FNH:0
end_of_record
SF:/Users/ivanpaulovich/git/clean-architecture-manga/src/Infrastructure/EntityFrameworkDataAccess/Migrations/20191124223925_Users.cs
FN:8,System.Void Infrastructure.EntityFrameworkDataAccess.Migrations.Users::Up(Microsoft.EntityFrameworkCore.Migrations.MigrationBuilder)
FNDA:0,System.Void Infrastructure.EntityFrameworkDataAccess.Migrations.Users::Up(Microsoft.EntityFrameworkCore.Migrations.MigrationBuilder)
DA:9,0
DA:10,0
DA:11,0
DA:12,0
DA:14,0
DA:15,0
DA:16,0
DA:17,0
DA:18,0
DA:19,0
DA:20,0
DA:21,0
DA:22,0
DA:23,0
DA:24,0
DA:26,0
DA:27,0
DA:28,0
DA:29,0
DA:30,0
DA:31,0
DA:33,0
DA:34,0
DA:35,0
DA:36,0
DA:37,0
DA:38,0
DA:40,0
DA:41,0
DA:42,0
DA:43,0
DA:44,0
BRDA:14,31,0,0
BRDA:14,31,1,0
BRDA:14,63,0,0
BRDA:14,63,1,0
FN:46,System.Void Infrastructure.EntityFrameworkDataAccess.Migrations.Users::Down(Microsoft.EntityFrameworkCore.Migrations.MigrationBuilder)
FNDA:0,System.Void Infrastructure.EntityFrameworkDataAccess.Migrations.Users::Down(Microsoft.EntityFrameworkCore.Migrations.MigrationBuilder)
DA:47,0
DA:48,0
DA:49,0
DA:51,0
DA:52,0
DA:53,0
DA:54,0
DA:55,0
DA:56,0
DA:58,0
DA:59,0
DA:60,0
DA:61,0
DA:62,0
DA:63,0
DA:65,0
DA:66,0
DA:67,0
DA:68,0
DA:69,0
DA:70,0
DA:72,0
DA:73,0
DA:74,0
DA:75,0
DA:76,0
DA:77,0
DA:78,0
LF:60
LH:0
BRF:4
BRH:0
FNF:2
FNH:0
end_of_record
SF:/Users/ivanpaulovich/git/clean-architecture-manga/src/Infrastructure/EntityFrameworkDataAccess/Migrations/20191124223925_Users.Designer.cs
FN:16,System.Void Infrastructure.EntityFrameworkDataAccess.Migrations.Users::BuildTargetModel(Microsoft.EntityFrameworkCore.ModelBuilder)
FNDA:0,System.Void Infrastructure.EntityFrameworkDataAccess.Migrations.Users::BuildTargetModel(Microsoft.EntityFrameworkCore.ModelBuilder)
DA:17,0
DA:19,0
DA:20,0
DA:21,0
DA:22,0
DA:24,0
DA:25,0
DA:26,0
DA:27,0
DA:28,0
DA:29,0
DA:30,0
DA:31,0
DA:32,0
DA:33,0
DA:34,0
DA:35,0
DA:36,0
DA:37,0
DA:38,0
DA:39,0
DA:40,0
DA:41,0
DA:42,0
DA:44,0
DA:45,0
DA:46,0
DA:47,0
DA:48,0
DA:49,0
DA:50,0
DA:51,0
DA:52,0
DA:53,0
DA:54,0
DA:55,0
DA:56,0
DA:57,0
DA:58,0
DA:59,0
DA:60,0
DA:61,0
DA:62,0
DA:63,0
DA:64,0
DA:65,0
DA:66,0
DA:67,0
DA:68,0
DA:69,0
DA:70,0
DA:71,0
DA:73,0
DA:74,0
DA:75,0
DA:76,0
DA:77,0
DA:78,0
DA:79,0
DA:80,0
DA:81,0
DA:82,0
DA:83,0
DA:84,0
DA:85,0
DA:86,0
DA:87,0
DA:88,0
DA:89,0
DA:90,0
DA:91,0
DA:92,0
DA:93,0
DA:94,0
DA:95,0
DA:96,0
DA:97,0
DA:99,0
DA:100,0
DA:101,0
DA:102,0
DA:103,0
DA:104,0
DA:105,0
DA:106,0
DA:107,0
DA:108,0
DA:109,0
DA:110,0
DA:111,0
DA:112,0
DA:113,0
DA:114,0
DA:115,0
DA:116,0
DA:117,0
DA:118,0
DA:119,0
DA:120,0
DA:121,0
DA:122,0
DA:123,0
DA:124,0
DA:125,0
DA:126,0
DA:128,0
DA:129,0
DA:130,0
DA:131,0
DA:132,0
DA:133,0
DA:134,0
DA:135,0
DA:136,0
DA:137,0
DA:138,0
DA:139,0
DA:140,0
DA:141,0
DA:142,0
DA:143,0
DA:144,0
DA:145,0
DA:146,0
DA:148,0
BRDA:24,66,0,0
BRDA:24,66,1,0
BRDA:44,109,0,0
BRDA:44,109,1,0
BRDA:73,152,0,0
BRDA:73,152,1,0
BRDA:99,195,0,0
BRDA:99,195,1,0
BRDA:128,238,0,0
BRDA:128,238,1,0
LF:125
LH:0
BRF:10
BRH:0
FNF:1
FNH:0
end_of_record
SF:/Users/ivanpaulovich/git/clean-architecture-manga/src/Infrastructure/EntityFrameworkDataAccess/Migrations/20191126172117_ValueObjects.cs
FN:8,System.Void Infrastructure.EntityFrameworkDataAccess.Migrations.ValueObjects::Up(Microsoft.EntityFrameworkCore.Migrations.MigrationBuilder)
FNDA:0,System.Void Infrastructure.EntityFrameworkDataAccess.Migrations.ValueObjects::Up(Microsoft.EntityFrameworkCore.Migrations.MigrationBuilder)
DA:9,0
DA:10,0
DA:11,0
DA:12,0
DA:13,0
DA:14,0
DA:15,0
DA:17,0
DA:18,0
DA:19,0
DA:20,0
DA:21,0
DA:22,0
DA:23,0
FN:25,System.Void Infrastructure.EntityFrameworkDataAccess.Migrations.ValueObjects::Down(Microsoft.EntityFrameworkCore.Migrations.MigrationBuilder)
FNDA:0,System.Void Infrastructure.EntityFrameworkDataAccess.Migrations.ValueObjects::Down(Microsoft.EntityFrameworkCore.Migrations.MigrationBuilder)
DA:26,0
DA:27,0
DA:28,0
DA:29,0
DA:30,0
DA:31,0
DA:32,0
DA:34,0
DA:35,0
DA:36,0
DA:37,0
DA:38,0
DA:39,0
DA:40,0
LF:28
LH:0
BRF:0
BRH:0
FNF:2
FNH:0
end_of_record
SF:/Users/ivanpaulovich/git/clean-architecture-manga/src/Infrastructure/EntityFrameworkDataAccess/Migrations/20191126172117_ValueObjects.Designer.cs
FN:16,System.Void Infrastructure.EntityFrameworkDataAccess.Migrations.ValueObjects::BuildTargetModel(Microsoft.EntityFrameworkCore.ModelBuilder)
FNDA:0,System.Void Infrastructure.EntityFrameworkDataAccess.Migrations.ValueObjects::BuildTargetModel(Microsoft.EntityFrameworkCore.ModelBuilder)
DA:17,0
DA:19,0
DA:20,0
DA:21,0
DA:22,0
DA:24,0
DA:25,0
DA:26,0
DA:27,0
DA:28,0
DA:29,0
DA:30,0
DA:31,0
DA:32,0
DA:33,0
DA:34,0
DA:35,0
DA:36,0
DA:37,0
DA:38,0
DA:39,0
DA:40,0
DA:41,0
DA:42,0
DA:44,0
DA:45,0
DA:46,0
DA:47,0
DA:48,0
DA:49,0
DA:50,0
DA:51,0
DA:52,0
DA:53,0
DA:54,0
DA:55,0
DA:56,0
DA:57,0
DA:58,0
DA:59,0
DA:60,0
DA:61,0
DA:62,0
DA:63,0
DA:64,0
DA:65,0
DA:66,0
DA:67,0
DA:68,0
DA:69,0
DA:70,0
DA:72,0
DA:73,0
DA:74,0
DA:75,0
DA:76,0
DA:77,0
DA:78,0
DA:79,0
DA:80,0
DA:81,0
DA:82,0
DA:83,0
DA:84,0
DA:85,0
DA:86,0
DA:87,0
DA:88,0
DA:89,0
DA:90,0
DA:91,0
DA:92,0
DA:93,0
DA:94,0
DA:95,0
DA:96,0
DA:98,0
DA:99,0
DA:100,0
DA:101,0
DA:102,0
DA:103,0
DA:104,0
DA:105,0
DA:106,0
DA:107,0
DA:108,0
DA:109,0
DA:110,0
DA:111,0
DA:112,0
DA:113,0
DA:114,0
DA:115,0
DA:116,0
DA:117,0
DA:118,0
DA:119,0
DA:120,0
DA:121,0
DA:122,0
DA:123,0
DA:124,0
DA:126,0
DA:127,0
DA:128,0
DA:129,0
DA:130,0
DA:131,0
DA:132,0
DA:133,0
DA:134,0
DA:135,0
DA:136,0
DA:137,0
DA:138,0
DA:139,0
DA:140,0
DA:141,0
DA:142,0
DA:143,0
DA:144,0
DA:146,0
BRDA:24,66,0,0
BRDA:24,66,1,0
BRDA:44,109,0,0
BRDA:44,109,1,0
BRDA:72,152,0,0
BRDA:72,152,1,0
BRDA:98,195,0,0
BRDA:98,195,1,0
BRDA:126,238,0,0
BRDA:126,238,1,0
LF:123
LH:0
BRF:10
BRH:0
FNF:1
FNH:0
end_of_record
SF:/Users/ivanpaulovich/git/clean-architecture-manga/src/Infrastructure/EntityFrameworkDataAccess/Migrations/MangaContextModelSnapshot.cs
FN:14,System.Void Infrastructure.EntityFrameworkDataAccess.Migrations.MangaContextModelSnapshot::BuildModel(Microsoft.EntityFrameworkCore.ModelBuilder)
FNDA:0,System.Void Infrastructure.EntityFrameworkDataAccess.Migrations.MangaContextModelSnapshot::BuildModel(Microsoft.EntityFrameworkCore.ModelBuilder)
DA:15,0
DA:17,0
DA:18,0
DA:19,0
DA:20,0
DA:22,0
DA:23,0
DA:24,0
DA:25,0
DA:26,0
DA:27,0
DA:28,0
DA:29,0
DA:30,0
DA:31,0
DA:32,0
DA:33,0
DA:34,0
DA:35,0
DA:36,0
DA:37,0
DA:38,0
DA:39,0
DA:40,0
DA:42,0
DA:43,0
DA:44,0
DA:45,0
DA:46,0
DA:47,0
DA:48,0
DA:49,0
DA:50,0
DA:51,0
DA:52,0
DA:53,0
DA:54,0
DA:55,0
DA:56,0
DA:57,0
DA:58,0
DA:59,0
DA:60,0
DA:61,0
DA:62,0
DA:63,0
DA:64,0
DA:65,0
DA:66,0
DA:67,0
DA:68,0
DA:70,0
DA:71,0
DA:72,0
DA:73,0
DA:74,0
DA:75,0
DA:76,0
DA:77,0
DA:78,0
DA:79,0
DA:80,0
DA:81,0
DA:82,0
DA:83,0
DA:84,0
DA:85,0
DA:86,0
DA:87,0
DA:88,0
DA:89,0
DA:90,0
DA:91,0
DA:92,0
DA:93,0
DA:94,0
DA:96,0
DA:97,0
DA:98,0
DA:99,0
DA:100,0
DA:101,0
DA:102,0
DA:103,0
DA:104,0
DA:105,0
DA:106,0
DA:107,0
DA:108,0
DA:109,0
DA:110,0
DA:111,0
DA:112,0
DA:113,0
DA:114,0
DA:115,0
DA:116,0
DA:117,0
DA:118,0
DA:119,0
DA:120,0
DA:121,0
DA:122,0
DA:124,0
DA:125,0
DA:126,0
DA:127,0
DA:128,0
DA:129,0
DA:130,0
DA:131,0
DA:132,0
DA:133,0
DA:134,0
DA:135,0
DA:136,0
DA:137,0
DA:138,0
DA:139,0
DA:140,0
DA:141,0
DA:142,0
DA:144,0
BRDA:22,66,0,0
BRDA:22,66,1,0
BRDA:42,109,0,0
BRDA:42,109,1,0
BRDA:70,152,0,0
BRDA:70,152,1,0
BRDA:96,195,0,0
BRDA:96,195,1,0
BRDA:124,238,0,0
BRDA:124,238,1,0
LF:123
LH:0
BRF:10
BRH:0
FNF:1
FNH:0
end_of_record
SF:/Users/ivanpaulovich/git/clean-architecture-manga/src/Infrastructure/EntityFrameworkDataAccess/Configuration/AccountConfiguration.cs
FN:10,System.Void Infrastructure.EntityFrameworkDataAccess.Configuration.AccountConfiguration::Configure(Microsoft.EntityFrameworkCore.Metadata.Builders.EntityTypeBuilder`1<Infrastructure.EntityFrameworkDataAccess.Account>)
FNDA:0,System.Void Infrastructure.EntityFrameworkDataAccess.Configuration.AccountConfiguration::Configure(Microsoft.EntityFrameworkCore.Metadata.Builders.EntityTypeBuilder`1<Infrastructure.EntityFrameworkDataAccess.Account>)
DA:11,0
DA:12,0
DA:14,0
DA:15,0
DA:16,0
DA:17,0
DA:18,0
DA:20,0
DA:21,0
DA:22,0
DA:23,0
DA:24,0
DA:26,0
DA:27,0
DA:28,0
LF:15
LH:0
BRF:0
BRH:0
FNF:1
FNH:0
end_of_record
SF:/Users/ivanpaulovich/git/clean-architecture-manga/src/Infrastructure/EntityFrameworkDataAccess/Configuration/CreditConfiguration.cs
FN:10,System.Void Infrastructure.EntityFrameworkDataAccess.Configuration.CreditConfiguration::Configure(Microsoft.EntityFrameworkCore.Metadata.Builders.EntityTypeBuilder`1<Infrastructure.EntityFrameworkDataAccess.Credit>)
FNDA:0,System.Void Infrastructure.EntityFrameworkDataAccess.Configuration.CreditConfiguration::Configure(Microsoft.EntityFrameworkCore.Metadata.Builders.EntityTypeBuilder`1<Infrastructure.EntityFrameworkDataAccess.Credit>)
DA:11,0
DA:12,0
DA:14,0
DA:15,0
DA:16,0
DA:17,0
DA:18,0
DA:20,0
DA:21,0
DA:22,0
DA:23,0
DA:24,0
DA:26,0
DA:27,0
DA:28,0
DA:29,0
DA:30,0
DA:31,0
LF:18
LH:0
BRF:0
BRH:0
FNF:1
FNH:0
end_of_record
SF:/Users/ivanpaulovich/git/clean-architecture-manga/src/Infrastructure/EntityFrameworkDataAccess/Configuration/CustomerConfiguration.cs
FN:10,System.Void Infrastructure.EntityFrameworkDataAccess.Configuration.CustomerConfiguration::Configure(Microsoft.EntityFrameworkCore.Metadata.Builders.EntityTypeBuilder`1<Infrastructure.EntityFrameworkDataAccess.Customer>)
FNDA:0,System.Void Infrastructure.EntityFrameworkDataAccess.Configuration.CustomerConfiguration::Configure(Microsoft.EntityFrameworkCore.Metadata.Builders.EntityTypeBuilder`1<Infrastructure.EntityFrameworkDataAccess.Customer>)
DA:11,0
DA:12,0
DA:14,0
DA:15,0
DA:16,0
DA:17,0
DA:18,0
DA:20,0
DA:21,0
DA:22,0
DA:23,0
DA:24,0
DA:26,0
DA:27,0
DA:28,0
DA:29,0
DA:30,0
DA:32,0
DA:33,0
LF:19
LH:0
BRF:0
BRH:0
FNF:1
FNH:0
end_of_record
SF:/Users/ivanpaulovich/git/clean-architecture-manga/src/Infrastructure/EntityFrameworkDataAccess/Configuration/DebitConfiguration.cs
FN:10,System.Void Infrastructure.EntityFrameworkDataAccess.Configuration.DebitConfiguration::Configure(Microsoft.EntityFrameworkCore.Metadata.Builders.EntityTypeBuilder`1<Infrastructure.EntityFrameworkDataAccess.Debit>)
FNDA:0,System.Void Infrastructure.EntityFrameworkDataAccess.Configuration.DebitConfiguration::Configure(Microsoft.EntityFrameworkCore.Metadata.Builders.EntityTypeBuilder`1<Infrastructure.EntityFrameworkDataAccess.Debit>)
DA:11,0
DA:12,0
DA:14,0
DA:15,0
DA:16,0
DA:17,0
DA:18,0
DA:20,0
DA:21,0
DA:22,0
DA:23,0
DA:24,0
DA:26,0
DA:27,0
DA:28,0
DA:29,0
DA:30,0
DA:31,0
LF:18
LH:0
BRF:0
BRH:0
FNF:1
FNH:0
end_of_record
SF:/Users/ivanpaulovich/git/clean-architecture-manga/src/Infrastructure/EntityFrameworkDataAccess/Configuration/UserConfiguration.cs
FN:10,System.Void Infrastructure.EntityFrameworkDataAccess.Configuration.UserConfiguration::Configure(Microsoft.EntityFrameworkCore.Metadata.Builders.EntityTypeBuilder`1<Infrastructure.EntityFrameworkDataAccess.User>)
FNDA:0,System.Void Infrastructure.EntityFrameworkDataAccess.Configuration.UserConfiguration::Configure(Microsoft.EntityFrameworkCore.Metadata.Builders.EntityTypeBuilder`1<Infrastructure.EntityFrameworkDataAccess.User>)
DA:11,0
DA:12,0
DA:14,0
DA:15,0
DA:16,0
DA:17,0
DA:18,0
DA:20,0
DA:21,0
DA:22,0
DA:23,0
DA:24,0
DA:26,0
DA:27,0
DA:28,0
DA:29,0
LF:16
LH:0
BRF:0
BRH:0
FNF:1
FNH:0
end_of_record
SF:/Users/ivanpaulovich/git/clean-architecture-manga/src/WebApi/Program.cs
FN:8,System.Void WebApi.Program::Main(System.String[])
FNDA:0,System.Void WebApi.Program::Main(System.String[])
DA:9,0
DA:10,0
DA:11,0
FN:13,Microsoft.Extensions.Hosting.IHostBuilder WebApi.Program::CreateHostBuilder(System.String[])
FNDA:2,Microsoft.Extensions.Hosting.IHostBuilder WebApi.Program::CreateHostBuilder(System.String[])
DA:14,2
DA:15,2
DA:16,4
DA:17,4
DA:18,4
BRDA:14,12,0,1
BRDA:14,12,1,2
LF:8
LH:5
BRF:2
BRH:2
FNF:2
FNH:1
end_of_record
SF:/Users/ivanpaulovich/git/clean-architecture-manga/src/WebApi/Startup.cs
FN:20,Microsoft.Extensions.Configuration.IConfiguration WebApi.Startup::get_Configuration()
FNDA:2,Microsoft.Extensions.Configuration.IConfiguration WebApi.Startup::get_Configuration()
DA:21,2
FN:25,System.Void WebApi.Startup::ConfigureDevelopmentServices(Microsoft.Extensions.DependencyInjection.IServiceCollection)
FNDA:2,System.Void WebApi.Startup::ConfigureDevelopmentServices(Microsoft.Extensions.DependencyInjection.IServiceCollection)
DA:26,2
DA:27,2
DA:28,2
DA:29,2
DA:30,2
DA:31,2
DA:32,2
DA:33,2
DA:34,2
DA:35,2
DA:36,2
DA:37,2
DA:38,2
FN:43,System.Void WebApi.Startup::ConfigureDevelopment(Microsoft.AspNetCore.Builder.IApplicationBuilder,Microsoft.AspNetCore.Hosting.IWebHostEnvironment,Microsoft.AspNetCore.Mvc.ApiExplorer.IApiVersionDescriptionProvider)
FNDA:2,System.Void WebApi.Startup::ConfigureDevelopment(Microsoft.AspNetCore.Builder.IApplicationBuilder,Microsoft.AspNetCore.Hosting.IWebHostEnvironment,Microsoft.AspNetCore.Mvc.ApiExplorer.IApiVersionDescriptionProvider)
DA:44,2
DA:45,2
DA:46,2
DA:47,2
DA:48,2
DA:49,2
DA:50,2
DA:51,2
DA:52,2
DA:53,2
DA:54,4
DA:55,4
DA:56,4
DA:57,4
DA:58,2
BRDA:53,71,0,1
BRDA:53,71,1,2
FN:64,System.Void WebApi.Startup::ConfigureProductionServices(Microsoft.Extensions.DependencyInjection.IServiceCollection)
FNDA:0,System.Void WebApi.Startup::ConfigureProductionServices(Microsoft.Extensions.DependencyInjection.IServiceCollection)
DA:65,0
DA:66,0
DA:67,0
DA:68,0
DA:69,0
DA:70,0
DA:71,0
DA:72,0
DA:73,0
DA:74,0
DA:75,0
DA:76,0
DA:77,0
DA:78,0
FN:83,System.Void WebApi.Startup::ConfigureProduction(Microsoft.AspNetCore.Builder.IApplicationBuilder,Microsoft.AspNetCore.Hosting.IWebHostEnvironment,Microsoft.AspNetCore.Mvc.ApiExplorer.IApiVersionDescriptionProvider)
FNDA:0,System.Void WebApi.Startup::ConfigureProduction(Microsoft.AspNetCore.Builder.IApplicationBuilder,Microsoft.AspNetCore.Hosting.IWebHostEnvironment,Microsoft.AspNetCore.Mvc.ApiExplorer.IApiVersionDescriptionProvider)
DA:84,0
DA:85,0
DA:86,0
DA:87,0
DA:88,0
DA:89,0
DA:90,0
DA:91,0
DA:92,0
DA:93,0
DA:94,0
DA:95,0
DA:96,0
DA:97,0
DA:98,0
DA:99,0
DA:100,0
BRDA:94,78,0,0
BRDA:94,78,1,0
FN:15,System.Void WebApi.Startup::.ctor(Microsoft.Extensions.Configuration.IConfiguration)
FNDA:2,System.Void WebApi.Startup::.ctor(Microsoft.Extensions.Configuration.IConfiguration)
DA:16,2
DA:17,2
DA:18,2
DA:19,2
LF:64
LH:33
BRF:4
BRH:2
FNF:6
FNH:4
end_of_record
SF:/Users/ivanpaulovich/git/clean-architecture-manga/src/WebApi/ViewModels/AccountDetailsModel.cs
FN:26,System.Guid WebApi.ViewModels.AccountDetailsModel::get_AccountId()
FNDA:5,System.Guid WebApi.ViewModels.AccountDetailsModel::get_AccountId()
DA:27,5
FN:32,System.Decimal WebApi.ViewModels.AccountDetailsModel::get_CurrentBalance()
FNDA:5,System.Decimal WebApi.ViewModels.AccountDetailsModel::get_CurrentBalance()
DA:33,5
FN:38,System.Collections.Generic.List`1<WebApi.ViewModels.TransactionModel> WebApi.ViewModels.AccountDetailsModel::get_Transactions()
FNDA:5,System.Collections.Generic.List`1<WebApi.ViewModels.TransactionModel> WebApi.ViewModels.AccountDetailsModel::get_Transactions()
DA:39,5
FN:12,System.Void WebApi.ViewModels.AccountDetailsModel::.ctor(Domain.Accounts.ValueObjects.AccountId,Domain.Accounts.ValueObjects.Money,System.Collections.Generic.List`1<WebApi.ViewModels.TransactionModel>)
FNDA:5,System.Void WebApi.ViewModels.AccountDetailsModel::.ctor(Domain.Accounts.ValueObjects.AccountId,Domain.Accounts.ValueObjects.Money,System.Collections.Generic.List`1<WebApi.ViewModels.TransactionModel>)
DA:13,5
DA:14,5
DA:15,5
DA:16,5
DA:17,5
DA:18,5
DA:19,5
DA:20,5
DA:21,5
LF:12
LH:12
BRF:0
BRH:0
FNF:4
FNH:4
end_of_record
SF:/Users/ivanpaulovich/git/clean-architecture-manga/src/WebApi/ViewModels/TransactionModel.cs
FN:22,System.Decimal WebApi.ViewModels.TransactionModel::get_Amount()
FNDA:10,System.Decimal WebApi.ViewModels.TransactionModel::get_Amount()
DA:23,10
FN:28,System.String WebApi.ViewModels.TransactionModel::get_Description()
FNDA:10,System.String WebApi.ViewModels.TransactionModel::get_Description()
DA:29,10
FN:34,System.DateTime WebApi.ViewModels.TransactionModel::get_TransactionDate()
FNDA:10,System.DateTime WebApi.ViewModels.TransactionModel::get_TransactionDate()
DA:35,10
FN:11,System.Void WebApi.ViewModels.TransactionModel::.ctor(Domain.Accounts.ValueObjects.PositiveMoney,System.String,System.DateTime)
FNDA:10,System.Void WebApi.ViewModels.TransactionModel::.ctor(Domain.Accounts.ValueObjects.PositiveMoney,System.String,System.DateTime)
DA:12,10
DA:13,10
DA:14,10
DA:15,10
DA:16,10
DA:17,10
LF:9
LH:9
BRF:0
BRH:0
FNF:4
FNH:4
end_of_record
SF:/Users/ivanpaulovich/git/clean-architecture-manga/src/WebApi/UseCases/V2/GetAccountDetails/AccountsController.cs
FN:21,System.Void WebApi.UseCases.V2.GetAccountDetails.AccountsController::.ctor(FluentMediator.IMediator,WebApi.UseCases.V2.GetAccountDetails.GetAccountDetailsPresenterV2)
FNDA:1,System.Void WebApi.UseCases.V2.GetAccountDetails.AccountsController::.ctor(FluentMediator.IMediator,WebApi.UseCases.V2.GetAccountDetails.GetAccountDetailsPresenterV2)
DA:22,1
DA:23,1
DA:24,1
DA:25,1
DA:26,1
DA:27,1
DA:28,1
FN:40,System.Void WebApi.UseCases.V2.GetAccountDetails.AccountsController/<Get>d__3::MoveNext()
FNDA:1,System.Void WebApi.UseCases.V2.GetAccountDetails.AccountsController/<Get>d__3::MoveNext()
DA:41,1
DA:42,1
DA:43,1
DA:44,1
DA:45,1
LF:12
LH:12
BRF:0
BRH:0
FNF:2
FNH:2
end_of_record
SF:/Users/ivanpaulovich/git/clean-architecture-manga/src/WebApi/UseCases/V2/GetAccountDetails/GetAccountDetailsPresenterV2.cs
FN:10,Microsoft.AspNetCore.Mvc.IActionResult WebApi.UseCases.V2.GetAccountDetails.GetAccountDetailsPresenterV2::get_ViewModel()
FNDA:2,Microsoft.AspNetCore.Mvc.IActionResult WebApi.UseCases.V2.GetAccountDetails.GetAccountDetailsPresenterV2::get_ViewModel()
DA:11,2
FN:13,System.Void WebApi.UseCases.V2.GetAccountDetails.GetAccountDetailsPresenterV2::NotFound(System.String)
FNDA:0,System.Void WebApi.UseCases.V2.GetAccountDetails.GetAccountDetailsPresenterV2::NotFound(System.String)
DA:14,0
DA:15,0
DA:16,0
FN:18,System.Void WebApi.UseCases.V2.GetAccountDetails.GetAccountDetailsPresenterV2::Standard(Application.Boundaries.GetAccountDetails.GetAccountDetailsOutput)
FNDA:1,System.Void WebApi.UseCases.V2.GetAccountDetails.GetAccountDetailsPresenterV2::Standard(Application.Boundaries.GetAccountDetails.GetAccountDetailsOutput)
DA:19,1
DA:20,1
DA:21,1
DA:22,1
DA:23,1
DA:25,5
DA:26,1
DA:27,1
DA:28,1
DA:29,1
DA:30,1
DA:31,1
DA:32,1
DA:33,1
DA:37,1
DA:38,1
DA:39,1
DA:40,1
DA:41,1
DA:42,1
DA:43,1
DA:44,1
DA:46,1
DA:47,1
BRDA:25,193,1,1
BRDA:25,193,0,1
LF:28
LH:25
BRF:2
BRH:2
FNF:3
FNH:2
end_of_record
SF:/Users/ivanpaulovich/git/clean-architecture-manga/src/WebApi/UseCases/V2/GetAccountDetails/GetAccountDetailsRequestV2.cs
FN:14,System.Guid WebApi.UseCases.V2.GetAccountDetails.GetAccountDetailsRequestV2::get_AccountId()
FNDA:3,System.Guid WebApi.UseCases.V2.GetAccountDetails.GetAccountDetailsRequestV2::get_AccountId()
DA:15,3
LF:1
LH:1
BRF:0
BRH:0
FNF:1
FNH:1
end_of_record
SF:/Users/ivanpaulovich/git/clean-architecture-manga/src/WebApi/UseCases/V1/Withdraw/AccountsController.cs
FN:18,System.Void WebApi.UseCases.V1.Withdraw.AccountsController::.ctor(FluentMediator.IMediator,WebApi.UseCases.V1.Withdraw.WithdrawPresenter)
FNDA:3,System.Void WebApi.UseCases.V1.Withdraw.AccountsController::.ctor(FluentMediator.IMediator,WebApi.UseCases.V1.Withdraw.WithdrawPresenter)
DA:19,3
DA:20,3
DA:21,3
DA:22,3
DA:23,3
DA:24,3
DA:25,3
FN:39,System.Void WebApi.UseCases.V1.Withdraw.AccountsController/<Withdraw>d__3::MoveNext()
FNDA:3,System.Void WebApi.UseCases.V1.Withdraw.AccountsController/<Withdraw>d__3::MoveNext()
DA:40,3
DA:41,3
DA:42,3
DA:43,3
DA:44,3
DA:45,3
DA:46,3
LF:14
LH:14
BRF:0
BRH:0
FNF:2
FNH:2
end_of_record
SF:/Users/ivanpaulovich/git/clean-architecture-manga/src/WebApi/UseCases/V1/Withdraw/WithdrawPresenter.cs
FN:7,Microsoft.AspNetCore.Mvc.IActionResult WebApi.UseCases.V1.Withdraw.WithdrawPresenter::get_ViewModel()
FNDA:6,Microsoft.AspNetCore.Mvc.IActionResult WebApi.UseCases.V1.Withdraw.WithdrawPresenter::get_ViewModel()
DA:8,6
FN:10,System.Void WebApi.UseCases.V1.Withdraw.WithdrawPresenter::NotFound(System.String)
FNDA:0,System.Void WebApi.UseCases.V1.Withdraw.WithdrawPresenter::NotFound(System.String)
DA:11,0
DA:12,0
DA:13,0
FN:15,System.Void WebApi.UseCases.V1.Withdraw.WithdrawPresenter::OutOfBalance(System.String)
FNDA:0,System.Void WebApi.UseCases.V1.Withdraw.WithdrawPresenter::OutOfBalance(System.String)
DA:16,0
DA:17,0
DA:18,0
FN:20,System.Void WebApi.UseCases.V1.Withdraw.WithdrawPresenter::Standard(Application.Boundaries.Withdraw.WithdrawOutput)
FNDA:3,System.Void WebApi.UseCases.V1.Withdraw.WithdrawPresenter::Standard(Application.Boundaries.Withdraw.WithdrawOutput)
DA:21,3
DA:22,3
DA:23,3
DA:24,3
DA:25,3
DA:26,3
DA:27,3
DA:28,3
LF:15
LH:9
BRF:0
BRH:0
FNF:4
FNH:2
end_of_record
SF:/Users/ivanpaulovich/git/clean-architecture-manga/src/WebApi/UseCases/V1/Withdraw/WithdrawRequest.cs
FN:14,System.Guid WebApi.UseCases.V1.Withdraw.WithdrawRequest::get_AccountId()
FNDA:9,System.Guid WebApi.UseCases.V1.Withdraw.WithdrawRequest::get_AccountId()
DA:15,9
FN:20,System.Decimal WebApi.UseCases.V1.Withdraw.WithdrawRequest::get_Amount()
FNDA:9,System.Decimal WebApi.UseCases.V1.Withdraw.WithdrawRequest::get_Amount()
DA:21,9
LF:2
LH:2
BRF:0
BRH:0
FNF:2
FNH:2
end_of_record
SF:/Users/ivanpaulovich/git/clean-architecture-manga/src/WebApi/UseCases/V1/Withdraw/WithdrawResponse.cs
FN:20,System.Decimal WebApi.UseCases.V1.Withdraw.WithdrawResponse::get_Amount()
FNDA:3,System.Decimal WebApi.UseCases.V1.Withdraw.WithdrawResponse::get_Amount()
DA:21,3
FN:23,System.String WebApi.UseCases.V1.Withdraw.WithdrawResponse::get_Description()
FNDA:3,System.String WebApi.UseCases.V1.Withdraw.WithdrawResponse::get_Description()
DA:24,3
FN:26,System.DateTime WebApi.UseCases.V1.Withdraw.WithdrawResponse::get_TransactionDate()
FNDA:3,System.DateTime WebApi.UseCases.V1.Withdraw.WithdrawResponse::get_TransactionDate()
DA:27,3
FN:29,System.Decimal WebApi.UseCases.V1.Withdraw.WithdrawResponse::get_UpdateBalance()
FNDA:3,System.Decimal WebApi.UseCases.V1.Withdraw.WithdrawResponse::get_UpdateBalance()
DA:30,3
FN:7,System.Void WebApi.UseCases.V1.Withdraw.WithdrawResponse::.ctor(System.Decimal,System.String,System.DateTime,System.Decimal)
FNDA:3,System.Void WebApi.UseCases.V1.Withdraw.WithdrawResponse::.ctor(System.Decimal,System.String,System.DateTime,System.Decimal)
DA:8,3
DA:9,3
DA:10,3
DA:11,3
DA:12,3
DA:13,3
DA:14,3
DA:15,3
DA:16,3
DA:17,3
DA:18,3
LF:15
LH:15
BRF:0
BRH:0
FNF:5
FNH:5
end_of_record
SF:/Users/ivanpaulovich/git/clean-architecture-manga/src/WebApi/UseCases/V1/Transfer/AccountsController.cs
FN:21,System.Void WebApi.UseCases.V1.Transfer.AccountsController::.ctor(FluentMediator.IMediator,WebApi.UseCases.V1.Transfer.TransferPresenter)
FNDA:0,System.Void WebApi.UseCases.V1.Transfer.AccountsController::.ctor(FluentMediator.IMediator,WebApi.UseCases.V1.Transfer.TransferPresenter)
DA:22,0
DA:23,0
DA:24,0
DA:25,0
DA:26,0
DA:27,0
DA:28,0
FN:42,System.Void WebApi.UseCases.V1.Transfer.AccountsController/<Transfer>d__3::MoveNext()
FNDA:0,System.Void WebApi.UseCases.V1.Transfer.AccountsController/<Transfer>d__3::MoveNext()
DA:43,0
DA:44,0
DA:45,0
DA:46,0
DA:47,0
DA:49,0
DA:50,0
DA:51,0
LF:15
LH:0
BRF:0
BRH:0
FNF:2
FNH:0
end_of_record
SF:/Users/ivanpaulovich/git/clean-architecture-manga/src/WebApi/UseCases/V1/Transfer/TransferPresenter.cs
FN:7,Microsoft.AspNetCore.Mvc.IActionResult WebApi.UseCases.V1.Transfer.TransferPresenter::get_ViewModel()
FNDA:0,Microsoft.AspNetCore.Mvc.IActionResult WebApi.UseCases.V1.Transfer.TransferPresenter::get_ViewModel()
DA:8,0
FN:10,System.Void WebApi.UseCases.V1.Transfer.TransferPresenter::NotFound(System.String)
FNDA:0,System.Void WebApi.UseCases.V1.Transfer.TransferPresenter::NotFound(System.String)
DA:11,0
DA:12,0
DA:13,0
FN:15,System.Void WebApi.UseCases.V1.Transfer.TransferPresenter::Standard(Application.Boundaries.Transfer.TransferOutput)
FNDA:0,System.Void WebApi.UseCases.V1.Transfer.TransferPresenter::Standard(Application.Boundaries.Transfer.TransferOutput)
DA:16,0
DA:17,0
DA:18,0
DA:19,0
DA:20,0
DA:21,0
DA:22,0
DA:23,0
DA:24,0
DA:25,0
LF:14
LH:0
BRF:0
BRH:0
FNF:3
FNH:0
end_of_record
SF:/Users/ivanpaulovich/git/clean-architecture-manga/src/WebApi/UseCases/V1/Transfer/TransferRequest.cs
FN:14,System.Guid WebApi.UseCases.V1.Transfer.TransferRequest::get_OriginAccountId()
FNDA:0,System.Guid WebApi.UseCases.V1.Transfer.TransferRequest::get_OriginAccountId()
DA:15,0
FN:20,System.Guid WebApi.UseCases.V1.Transfer.TransferRequest::get_DestinationAccountId()
FNDA:0,System.Guid WebApi.UseCases.V1.Transfer.TransferRequest::get_DestinationAccountId()
DA:21,0
FN:26,System.Decimal WebApi.UseCases.V1.Transfer.TransferRequest::get_Amount()
FNDA:0,System.Decimal WebApi.UseCases.V1.Transfer.TransferRequest::get_Amount()
DA:27,0
LF:3
LH:0
BRF:0
BRH:0
FNF:3
FNH:0
end_of_record
SF:/Users/ivanpaulovich/git/clean-architecture-manga/src/WebApi/UseCases/V1/Transfer/TransferResponse.cs
FN:16,System.Decimal WebApi.UseCases.V1.Transfer.TransferResponse::get_Amount()
[...]
FNDA:0,Domain.Accounts.ValueObjects.Money Application.Boundaries.Transfer.TransferOutput::get_UpdatedBalance()
DA:48,0
FN:21,System.Void Application.Boundaries.Transfer.TransferOutput::.ctor(Domain.Accounts.Debits.IDebit,Domain.Accounts.ValueObjects.Money,Domain.Accounts.ValueObjects.AccountId,Domain.Accounts.ValueObjects.AccountId)
FNDA:0,System.Void Application.Boundaries.Transfer.TransferOutput::.ctor(Domain.Accounts.Debits.IDebit,Domain.Accounts.ValueObjects.Money,Domain.Accounts.ValueObjects.AccountId,Domain.Accounts.ValueObjects.AccountId)
DA:22,0
DA:23,0
DA:24,0
DA:25,0
DA:26,0
DA:27,0
DA:28,0
DA:30,0
DA:31,0
DA:32,0
DA:33,0
DA:34,0
DA:35,0
DA:37,0
DA:38,0
LF:17
LH:0
BRF:0
BRH:0
FNF:3
FNH:0
end_of_record
SF:/Users/ivanpaulovich/git/clean-architecture-manga/src/Application/Boundaries/Register/Account.cs
FN:33,Domain.Accounts.ValueObjects.AccountId Application.Boundaries.Register.Account::get_AccountId()
FNDA:2,Domain.Accounts.ValueObjects.AccountId Application.Boundaries.Register.Account::get_AccountId()
DA:34,2
FN:38,Domain.Accounts.ValueObjects.Money Application.Boundaries.Register.Account::get_CurrentBalance()
FNDA:2,Domain.Accounts.ValueObjects.Money Application.Boundaries.Register.Account::get_CurrentBalance()
DA:39,2
FN:43,System.Collections.Generic.List`1<Application.Boundaries.Register.Transaction> Application.Boundaries.Register.Account::get_Transactions()
FNDA:2,System.Collections.Generic.List`1<Application.Boundaries.Register.Transaction> Application.Boundaries.Register.Account::get_Transactions()
DA:44,2
FN:20,System.Void Application.Boundaries.Register.Account::.ctor(Domain.Accounts.ValueObjects.AccountId,Domain.Accounts.ValueObjects.Money,System.Collections.Generic.List`1<Application.Boundaries.Register.Transaction>)
FNDA:2,System.Void Application.Boundaries.Register.Account::.ctor(Domain.Accounts.ValueObjects.AccountId,Domain.Accounts.ValueObjects.Money,System.Collections.Generic.List`1<Application.Boundaries.Register.Transaction>)
DA:21,2
DA:22,2
DA:23,2
DA:24,2
DA:25,2
DA:26,2
DA:27,2
DA:28,2
DA:29,2
LF:12
LH:12
BRF:0
BRH:0
FNF:4
FNH:4
end_of_record
SF:/Users/ivanpaulovich/git/clean-architecture-manga/src/Application/Boundaries/Register/Customer.cs
FN:38,Domain.Security.ValueObjects.ExternalUserId Application.Boundaries.Register.Customer::get_ExternalUserId()
FNDA:0,Domain.Security.ValueObjects.ExternalUserId Application.Boundaries.Register.Customer::get_ExternalUserId()
DA:39,0
FN:43,Domain.Customers.ValueObjects.CustomerId Application.Boundaries.Register.Customer::get_CustomerId()
FNDA:2,Domain.Customers.ValueObjects.CustomerId Application.Boundaries.Register.Customer::get_CustomerId()
DA:44,2
FN:48,Domain.Customers.ValueObjects.SSN Application.Boundaries.Register.Customer::get_SSN()
FNDA:2,Domain.Customers.ValueObjects.SSN Application.Boundaries.Register.Customer::get_SSN()
DA:49,2
FN:53,Domain.Customers.ValueObjects.Name Application.Boundaries.Register.Customer::get_Name()
FNDA:2,Domain.Customers.ValueObjects.Name Application.Boundaries.Register.Customer::get_Name()
DA:54,2
FN:58,System.Collections.Generic.IReadOnlyList`1<Application.Boundaries.Register.Account> Application.Boundaries.Register.Customer::get_Accounts()
FNDA:0,System.Collections.Generic.IReadOnlyList`1<Application.Boundaries.Register.Account> Application.Boundaries.Register.Customer::get_Accounts()
DA:59,0
FN:22,System.Void Application.Boundaries.Register.Customer::.ctor(Domain.Security.ValueObjects.ExternalUserId,Domain.Customers.ICustomer,System.Collections.Generic.List`1<Application.Boundaries.Register.Account>)
FNDA:2,System.Void Application.Boundaries.Register.Customer::.ctor(Domain.Security.ValueObjects.ExternalUserId,Domain.Customers.ICustomer,System.Collections.Generic.List`1<Application.Boundaries.Register.Account>)
DA:23,2
DA:24,2
DA:25,2
DA:26,2
DA:27,2
DA:28,2
DA:29,2
DA:30,2
DA:31,2
DA:32,2
DA:33,2
DA:34,2
LF:17
LH:15
BRF:0
BRH:0
FNF:6
FNH:4
end_of_record
SF:/Users/ivanpaulovich/git/clean-architecture-manga/src/Application/Boundaries/Register/RegisterInput.cs
FN:30,Domain.Customers.ValueObjects.SSN Application.Boundaries.Register.RegisterInput::get_SSN()
FNDA:2,Domain.Customers.ValueObjects.SSN Application.Boundaries.Register.RegisterInput::get_SSN()
DA:31,2
FN:35,Domain.Accounts.ValueObjects.PositiveMoney Application.Boundaries.Register.RegisterInput::get_InitialAmount()
FNDA:2,Domain.Accounts.ValueObjects.PositiveMoney Application.Boundaries.Register.RegisterInput::get_InitialAmount()
DA:36,2
FN:19,System.Void Application.Boundaries.Register.RegisterInput::.ctor(Domain.Customers.ValueObjects.SSN,Domain.Accounts.ValueObjects.PositiveMoney)
FNDA:2,System.Void Application.Boundaries.Register.RegisterInput::.ctor(Domain.Customers.ValueObjects.SSN,Domain.Accounts.ValueObjects.PositiveMoney)
DA:20,2
DA:21,2
DA:22,2
DA:23,2
DA:24,2
DA:25,2
DA:26,2
LF:9
LH:9
BRF:0
BRH:0
FNF:3
FNH:3
end_of_record
SF:/Users/ivanpaulovich/git/clean-architecture-manga/src/Application/Boundaries/Register/RegisterOutput.cs
FN:69,Application.Boundaries.Register.Customer Application.Boundaries.Register.RegisterOutput::get_Customer()
FNDA:6,Application.Boundaries.Register.Customer Application.Boundaries.Register.RegisterOutput::get_Customer()
DA:70,6
FN:74,Application.Boundaries.Register.Account Application.Boundaries.Register.RegisterOutput::get_Account()
FNDA:8,Application.Boundaries.Register.Account Application.Boundaries.Register.RegisterOutput::get_Account()
DA:75,8
FN:24,System.Void Application.Boundaries.Register.RegisterOutput::.ctor(Domain.Security.ValueObjects.ExternalUserId,Domain.Customers.ICustomer,Domain.Accounts.IAccount)
FNDA:2,System.Void Application.Boundaries.Register.RegisterOutput::.ctor(Domain.Security.ValueObjects.ExternalUserId,Domain.Customers.ICustomer,Domain.Accounts.IAccount)
DA:25,2
DA:26,2
DA:27,2
DA:29,2
DA:30,10
DA:31,2
DA:32,2
DA:33,2
DA:35,2
DA:36,2
DA:37,2
DA:38,2
DA:40,2
DA:41,2
DA:43,0
DA:44,2
DA:45,0
DA:46,0
DA:48,0
DA:49,0
DA:50,0
DA:51,0
DA:53,0
DA:54,0
DA:56,2
DA:57,2
DA:58,2
DA:59,2
DA:61,2
DA:62,2
DA:64,2
DA:65,2
BRDA:30,103,1,2
BRDA:30,103,0,2
BRDA:43,203,1,0
BRDA:43,203,0,2
LF:34
LH:25
BRF:4
BRH:3
FNF:3
FNH:3
end_of_record
SF:/Users/ivanpaulovich/git/clean-architecture-manga/src/Application/Boundaries/Register/Transaction.cs
FN:33,System.String Application.Boundaries.Register.Transaction::get_Description()
FNDA:2,System.String Application.Boundaries.Register.Transaction::get_Description()
DA:34,2
FN:38,Domain.Accounts.ValueObjects.PositiveMoney Application.Boundaries.Register.Transaction::get_Amount()
FNDA:2,Domain.Accounts.ValueObjects.PositiveMoney Application.Boundaries.Register.Transaction::get_Amount()
DA:39,2
FN:43,System.DateTime Application.Boundaries.Register.Transaction::get_TransactionDate()
FNDA:2,System.DateTime Application.Boundaries.Register.Transaction::get_TransactionDate()
DA:44,2
FN:20,System.Void Application.Boundaries.Register.Transaction::.ctor(System.String,Domain.Accounts.ValueObjects.PositiveMoney,System.DateTime)
FNDA:2,System.Void Application.Boundaries.Register.Transaction::.ctor(System.String,Domain.Accounts.ValueObjects.PositiveMoney,System.DateTime)
DA:21,2
DA:22,2
DA:23,2
DA:24,2
DA:25,2
DA:26,2
DA:27,2
DA:28,2
DA:29,2
LF:12
LH:12
BRF:0
BRH:0
FNF:4
FNH:4
end_of_record
SF:/Users/ivanpaulovich/git/clean-architecture-manga/src/Application/Boundaries/GetCustomerDetails/Account.cs
FN:59,Domain.Accounts.ValueObjects.AccountId Application.Boundaries.GetCustomerDetails.Account::get_AccountId()
FNDA:3,Domain.Accounts.ValueObjects.AccountId Application.Boundaries.GetCustomerDetails.Account::get_AccountId()
DA:60,3
FN:64,Domain.Accounts.ValueObjects.Money Application.Boundaries.GetCustomerDetails.Account::get_CurrentBalance()
FNDA:3,Domain.Accounts.ValueObjects.Money Application.Boundaries.GetCustomerDetails.Account::get_CurrentBalance()
DA:65,3
FN:69,System.Collections.Generic.List`1<Application.Boundaries.GetCustomerDetails.Transaction> Application.Boundaries.GetCustomerDetails.Account::get_Transactions()
FNDA:3,System.Collections.Generic.List`1<Application.Boundaries.GetCustomerDetails.Transaction> Application.Boundaries.GetCustomerDetails.Account::get_Transactions()
DA:70,3
FN:21,System.Void Application.Boundaries.GetCustomerDetails.Account::.ctor(Domain.Accounts.IAccount)
FNDA:3,System.Void Application.Boundaries.GetCustomerDetails.Account::.ctor(Domain.Accounts.IAccount)
DA:22,3
DA:23,3
DA:24,3
DA:26,3
DA:27,3
DA:29,3
DA:30,19
DA:31,5
DA:32,5
DA:34,5
DA:35,5
DA:36,5
DA:37,5
DA:39,5
DA:40,5
DA:42,13
DA:43,2
DA:44,2
DA:46,2
DA:47,2
DA:48,2
DA:49,2
DA:51,2
DA:52,2
DA:54,3
DA:55,3
BRDA:30,125,1,5
BRDA:30,125,0,3
BRDA:42,225,1,2
BRDA:42,225,0,3
LF:29
LH:29
BRF:4
BRH:4
FNF:4
FNH:4
end_of_record
SF:/Users/ivanpaulovich/git/clean-architecture-manga/src/Application/Boundaries/GetCustomerDetails/GetCustomerDetailsOutput.cs
FN:38,Domain.Security.ValueObjects.ExternalUserId Application.Boundaries.GetCustomerDetails.GetCustomerDetailsOutput::get_ExternalUserId()
FNDA:0,Domain.Security.ValueObjects.ExternalUserId Application.Boundaries.GetCustomerDetails.GetCustomerDetailsOutput::get_ExternalUserId()
DA:39,0
FN:43,Domain.Customers.ValueObjects.CustomerId Application.Boundaries.GetCustomerDetails.GetCustomerDetailsOutput::get_CustomerId()
FNDA:3,Domain.Customers.ValueObjects.CustomerId Application.Boundaries.GetCustomerDetails.GetCustomerDetailsOutput::get_CustomerId()
DA:44,3
FN:48,Domain.Customers.ValueObjects.SSN Application.Boundaries.GetCustomerDetails.GetCustomerDetailsOutput::get_SSN()
FNDA:3,Domain.Customers.ValueObjects.SSN Application.Boundaries.GetCustomerDetails.GetCustomerDetailsOutput::get_SSN()
DA:49,3
FN:53,Domain.Customers.ValueObjects.Name Application.Boundaries.GetCustomerDetails.GetCustomerDetailsOutput::get_Name()
FNDA:3,Domain.Customers.ValueObjects.Name Application.Boundaries.GetCustomerDetails.GetCustomerDetailsOutput::get_Name()
DA:54,3
FN:58,System.Collections.Generic.IReadOnlyList`1<Application.Boundaries.GetCustomerDetails.Account> Application.Boundaries.GetCustomerDetails.GetCustomerDetailsOutput::get_Accounts()
FNDA:3,System.Collections.Generic.IReadOnlyList`1<Application.Boundaries.GetCustomerDetails.Account> Application.Boundaries.GetCustomerDetails.GetCustomerDetailsOutput::get_Accounts()
DA:59,3
FN:22,System.Void Application.Boundaries.GetCustomerDetails.GetCustomerDetailsOutput::.ctor(Domain.Security.ValueObjects.ExternalUserId,Domain.Customers.ICustomer,System.Collections.Generic.List`1<Application.Boundaries.GetCustomerDetails.Account>)
FNDA:3,System.Void Application.Boundaries.GetCustomerDetails.GetCustomerDetailsOutput::.ctor(Domain.Security.ValueObjects.ExternalUserId,Domain.Customers.ICustomer,System.Collections.Generic.List`1<Application.Boundaries.GetCustomerDetails.Account>)
DA:23,3
DA:24,3
DA:25,3
DA:26,3
DA:27,3
DA:28,3
DA:29,3
DA:30,3
DA:31,3
DA:32,3
DA:33,3
DA:34,3
LF:17
LH:16
BRF:0
BRH:0
FNF:6
FNH:5
end_of_record
SF:/Users/ivanpaulovich/git/clean-architecture-manga/src/Application/Boundaries/GetCustomerDetails/Transaction.cs
FN:33,System.String Application.Boundaries.GetCustomerDetails.Transaction::get_Description()
FNDA:7,System.String Application.Boundaries.GetCustomerDetails.Transaction::get_Description()
DA:34,7
FN:38,Domain.Accounts.ValueObjects.PositiveMoney Application.Boundaries.GetCustomerDetails.Transaction::get_Amount()
FNDA:7,Domain.Accounts.ValueObjects.PositiveMoney Application.Boundaries.GetCustomerDetails.Transaction::get_Amount()
DA:39,7
FN:43,System.DateTime Application.Boundaries.GetCustomerDetails.Transaction::get_TransactionDate()
FNDA:7,System.DateTime Application.Boundaries.GetCustomerDetails.Transaction::get_TransactionDate()
DA:44,7
FN:20,System.Void Application.Boundaries.GetCustomerDetails.Transaction::.ctor(System.String,Domain.Accounts.ValueObjects.PositiveMoney,System.DateTime)
FNDA:7,System.Void Application.Boundaries.GetCustomerDetails.Transaction::.ctor(System.String,Domain.Accounts.ValueObjects.PositiveMoney,System.DateTime)
DA:21,7
DA:22,7
DA:23,7
DA:24,7
DA:25,7
DA:26,7
DA:27,7
DA:28,7
DA:29,7
LF:12
LH:12
BRF:0
BRH:0
FNF:4
FNH:4
end_of_record
SF:/Users/ivanpaulovich/git/clean-architecture-manga/src/Application/Boundaries/GetAccountDetails/GetAccountDetailsInput.cs
FN:25,Domain.Accounts.ValueObjects.AccountId Application.Boundaries.GetAccountDetails.GetAccountDetailsInput::get_AccountId()
FNDA:2,Domain.Accounts.ValueObjects.AccountId Application.Boundaries.GetAccountDetails.GetAccountDetailsInput::get_AccountId()
DA:26,2
FN:17,System.Void Application.Boundaries.GetAccountDetails.GetAccountDetailsInput::.ctor(Domain.Accounts.ValueObjects.AccountId)
FNDA:2,System.Void Application.Boundaries.GetAccountDetails.GetAccountDetailsInput::.ctor(Domain.Accounts.ValueObjects.AccountId)
DA:18,2
DA:19,2
DA:20,2
DA:21,2
LF:5
LH:5
BRF:0
BRH:0
FNF:2
FNH:2
end_of_record
SF:/Users/ivanpaulovich/git/clean-architecture-manga/src/Application/Boundaries/GetAccountDetails/GetAccountDetailsOutput.cs
FN:62,Domain.Accounts.ValueObjects.AccountId Application.Boundaries.GetAccountDetails.GetAccountDetailsOutput::get_AccountId()
FNDA:2,Domain.Accounts.ValueObjects.AccountId Application.Boundaries.GetAccountDetails.GetAccountDetailsOutput::get_AccountId()
DA:63,2
FN:67,Domain.Accounts.ValueObjects.Money Application.Boundaries.GetAccountDetails.GetAccountDetailsOutput::get_CurrentBalance()
FNDA:1,Domain.Accounts.ValueObjects.Money Application.Boundaries.GetAccountDetails.GetAccountDetailsOutput::get_CurrentBalance()
DA:68,1
FN:72,System.Collections.Generic.List`1<Application.Boundaries.GetAccountDetails.Transaction> Application.Boundaries.GetAccountDetails.GetAccountDetailsOutput::get_Transactions()
FNDA:2,System.Collections.Generic.List`1<Application.Boundaries.GetAccountDetails.Transaction> Application.Boundaries.GetAccountDetails.GetAccountDetailsOutput::get_Transactions()
DA:73,2
FN:21,System.Void Application.Boundaries.GetAccountDetails.GetAccountDetailsOutput::.ctor(Domain.Accounts.IAccount)
FNDA:2,System.Void Application.Boundaries.GetAccountDetails.GetAccountDetailsOutput::.ctor(Domain.Accounts.IAccount)
DA:22,2
DA:23,2
DA:24,2
DA:26,2
DA:27,2
DA:28,2
DA:30,2
DA:31,10
DA:32,2
DA:33,2
DA:34,2
DA:36,2
DA:37,2
DA:38,2
DA:39,2
DA:41,2
DA:42,2
DA:44,0
DA:45,2
DA:46,0
DA:47,0
DA:49,0
DA:50,0
DA:51,0
DA:52,0
DA:54,0
DA:55,0
DA:57,2
DA:58,2
BRDA:31,125,1,2
BRDA:31,125,0,2
BRDA:44,225,1,0
BRDA:44,225,0,2
LF:32
LH:23
BRF:4
BRH:3
FNF:4
FNH:4
end_of_record
SF:/Users/ivanpaulovich/git/clean-architecture-manga/src/Application/Boundaries/GetAccountDetails/Transaction.cs
FN:33,System.String Application.Boundaries.GetAccountDetails.Transaction::get_Description()
FNDA:2,System.String Application.Boundaries.GetAccountDetails.Transaction::get_Description()
DA:34,2
FN:38,Domain.Accounts.ValueObjects.PositiveMoney Application.Boundaries.GetAccountDetails.Transaction::get_Amount()
FNDA:2,Domain.Accounts.ValueObjects.PositiveMoney Application.Boundaries.GetAccountDetails.Transaction::get_Amount()
DA:39,2
FN:43,System.DateTime Application.Boundaries.GetAccountDetails.Transaction::get_TransactionDate()
FNDA:2,System.DateTime Application.Boundaries.GetAccountDetails.Transaction::get_TransactionDate()
DA:44,2
FN:20,System.Void Application.Boundaries.GetAccountDetails.Transaction::.ctor(System.String,Domain.Accounts.ValueObjects.PositiveMoney,System.DateTime)
FNDA:2,System.Void Application.Boundaries.GetAccountDetails.Transaction::.ctor(System.String,Domain.Accounts.ValueObjects.PositiveMoney,System.DateTime)
DA:21,2
DA:22,2
DA:23,2
DA:24,2
DA:25,2
DA:26,2
DA:27,2
DA:28,2
DA:29,2
LF:12
LH:12
BRF:0
BRH:0
FNF:4
FNH:4
end_of_record
SF:/Users/ivanpaulovich/git/clean-architecture-manga/src/Application/Boundaries/Deposit/DepositInput.cs
FN:29,Domain.Accounts.ValueObjects.AccountId Application.Boundaries.Deposit.DepositInput::get_AccountId()
FNDA:2,Domain.Accounts.ValueObjects.AccountId Application.Boundaries.Deposit.DepositInput::get_AccountId()
DA:30,2
FN:34,Domain.Accounts.ValueObjects.PositiveMoney Application.Boundaries.Deposit.DepositInput::get_Amount()
FNDA:2,Domain.Accounts.ValueObjects.PositiveMoney Application.Boundaries.Deposit.DepositInput::get_Amount()
DA:35,2
FN:18,System.Void Application.Boundaries.Deposit.DepositInput::.ctor(Domain.Accounts.ValueObjects.AccountId,Domain.Accounts.ValueObjects.PositiveMoney)
FNDA:2,System.Void Application.Boundaries.Deposit.DepositInput::.ctor(Domain.Accounts.ValueObjects.AccountId,Domain.Accounts.ValueObjects.PositiveMoney)
DA:19,2
DA:20,2
DA:21,2
DA:22,2
DA:23,2
DA:24,2
DA:25,2
LF:9
LH:9
BRF:0
BRH:0
FNF:3
FNH:3
end_of_record
SF:/Users/ivanpaulovich/git/clean-architecture-manga/src/Application/Boundaries/Deposit/DepositOutput.cs
FN:36,Application.Boundaries.Deposit.Transaction Application.Boundaries.Deposit.DepositOutput::get_Transaction()
FNDA:6,Application.Boundaries.Deposit.Transaction Application.Boundaries.Deposit.DepositOutput::get_Transaction()
DA:37,6
FN:41,Domain.Accounts.ValueObjects.Money Application.Boundaries.Deposit.DepositOutput::get_UpdatedBalance()
FNDA:2,Domain.Accounts.ValueObjects.Money Application.Boundaries.Deposit.DepositOutput::get_UpdatedBalance()
DA:42,2
FN:19,System.Void Application.Boundaries.Deposit.DepositOutput::.ctor(Domain.Accounts.Credits.ICredit,Domain.Accounts.ValueObjects.Money)
FNDA:2,System.Void Application.Boundaries.Deposit.DepositOutput::.ctor(Domain.Accounts.Credits.ICredit,Domain.Accounts.ValueObjects.Money)
DA:20,2
DA:21,2
DA:22,2
DA:23,2
DA:24,2
DA:26,2
DA:27,2
DA:28,2
DA:29,2
DA:31,2
DA:32,2
LF:13
LH:13
BRF:0
BRH:0
FNF:3
FNH:3
end_of_record
SF:/Users/ivanpaulovich/git/clean-architecture-manga/src/Application/Boundaries/Deposit/Transaction.cs
FN:33,System.String Application.Boundaries.Deposit.Transaction::get_Description()
FNDA:2,System.String Application.Boundaries.Deposit.Transaction::get_Description()
DA:34,2
FN:38,Domain.Accounts.ValueObjects.PositiveMoney Application.Boundaries.Deposit.Transaction::get_Amount()
FNDA:2,Domain.Accounts.ValueObjects.PositiveMoney Application.Boundaries.Deposit.Transaction::get_Amount()
DA:39,2
FN:43,System.DateTime Application.Boundaries.Deposit.Transaction::get_TransactionDate()
FNDA:2,System.DateTime Application.Boundaries.Deposit.Transaction::get_TransactionDate()
DA:44,2
FN:20,System.Void Application.Boundaries.Deposit.Transaction::.ctor(System.String,Domain.Accounts.ValueObjects.PositiveMoney,System.DateTime)
FNDA:2,System.Void Application.Boundaries.Deposit.Transaction::.ctor(System.String,Domain.Accounts.ValueObjects.PositiveMoney,System.DateTime)
DA:21,2
DA:22,2
DA:23,2
DA:24,2
DA:25,2
DA:26,2
DA:27,2
DA:28,2
DA:29,2
LF:12
LH:12
BRF:0
BRH:0
FNF:4
FNH:4
end_of_record
SF:/Users/ivanpaulovich/git/clean-architecture-manga/src/Application/Boundaries/CloseAccount/CloseAccountInput.cs
FN:25,Domain.Accounts.ValueObjects.AccountId Application.Boundaries.CloseAccount.CloseAccountInput::get_AccountId()
FNDA:1,Domain.Accounts.ValueObjects.AccountId Application.Boundaries.CloseAccount.CloseAccountInput::get_AccountId()
DA:26,1
FN:17,System.Void Application.Boundaries.CloseAccount.CloseAccountInput::.ctor(Domain.Accounts.ValueObjects.AccountId)
FNDA:1,System.Void Application.Boundaries.CloseAccount.CloseAccountInput::.ctor(Domain.Accounts.ValueObjects.AccountId)
DA:18,1
DA:19,1
DA:20,1
DA:21,1
LF:5
LH:5
BRF:0
BRH:0
FNF:2
FNH:2
end_of_record
SF:/Users/ivanpaulovich/git/clean-architecture-manga/src/Application/Boundaries/CloseAccount/CloseAccountOutput.cs
FN:26,Domain.Accounts.ValueObjects.AccountId Application.Boundaries.CloseAccount.CloseAccountOutput::get_AccountId()
FNDA:1,Domain.Accounts.ValueObjects.AccountId Application.Boundaries.CloseAccount.CloseAccountOutput::get_AccountId()
DA:27,1
FN:18,System.Void Application.Boundaries.CloseAccount.CloseAccountOutput::.ctor(Domain.Accounts.IAccount)
FNDA:1,System.Void Application.Boundaries.CloseAccount.CloseAccountOutput::.ctor(Domain.Accounts.IAccount)
DA:19,1
DA:20,1
DA:21,1
DA:22,1
LF:5
LH:5
BRF:0
BRH:0
FNF:2
FNH:2
end_of_record