<?xml version="1.0" encoding="utf-8"?>
<CoverageSession xmlns:xsd="http://www.w3.org/2001/XMLSchema" xmlns:xsi="http://www.w3.org/2001/XMLSchema-instance">
  <Summary numSequencePoints="0" visitedSequencePoints="0" numBranchPoints="0" visitedBranchPoints="0" sequenceCoverage="0" branchCoverage="0" maxCyclomaticComplexity="0" minCyclomaticComplexity="0" visitedClasses="0" numClasses="0" visitedMethods="0" numMethods="0" />
  <Modules>
    <Module skippedDueTo="Filter" hash="CA-72-7D-28-BC-0B-40-56-77-FE-1A-07-BD-F9-CC-18-8A-58-5E-9F">
      <ModulePath>C:\Program Files\dotnet\shared\Microsoft.NETCore.App\2.0.7\System.Private.CoreLib.dll</ModulePath>
      <ModuleTime>2018-04-06T16:34:46+02:00</ModuleTime>
      <ModuleName>System.Private.CoreLib</ModuleName>
      <Classes />
    </Module>
    <Module skippedDueTo="Filter" hash="15-22-A2-5C-E9-C1-6C-0F-2B-80-38-BF-40-90-5D-9F-67-08-31-6D">
      <ModulePath>C:\Program Files\dotnet\sdk\2.1.201\dotnet.dll</ModulePath>
      <ModuleTime>2018-05-16T12:12:08+02:00</ModuleTime>
      <ModuleName>dotnet</ModuleName>
      <Classes />
    </Module>
    <Module skippedDueTo="Filter" hash="4F-FB-D5-0C-6F-D3-45-4A-F5-74-3B-94-FC-D3-17-CB-58-10-B2-4E">
      <ModulePath>C:\Program Files\dotnet\shared\Microsoft.NETCore.App\2.0.7\System.Runtime.dll</ModulePath>
      <ModuleTime>2018-04-06T16:34:46+02:00</ModuleTime>
      <ModuleName>System.Runtime</ModuleName>
      <Classes />
    </Module>
    <Module skippedDueTo="Filter" hash="B6-1E-05-3C-EB-77-08-D9-81-64-A9-58-00-4A-BA-04-CA-CC-2C-51">
      <ModulePath>C:\Program Files\dotnet\sdk\2.1.201\Microsoft.DotNet.Cli.Utils.dll</ModulePath>
      <ModuleTime>2018-05-16T12:18:12+02:00</ModuleTime>
      <ModuleName>Microsoft.DotNet.Cli.Utils</ModuleName>
      <Classes />
    </Module>
    <Module skippedDueTo="Filter" hash="01-96-6D-71-06-7A-C1-F0-FB-01-7D-E8-24-7A-78-26-8A-1F-60-E6">
      <ModulePath>C:\Program Files\dotnet\shared\Microsoft.NETCore.App\2.0.7\netstandard.dll</ModulePath>
      <ModuleTime>2018-04-06T16:34:46+02:00</ModuleTime>
      <ModuleName>netstandard</ModuleName>
      <Classes />
    </Module>
    <Module skippedDueTo="Filter" hash="87-BE-9F-41-DB-E9-E1-81-8F-C2-0F-2B-CE-25-63-CB-FE-00-32-DC">
      <ModulePath>C:\Program Files\dotnet\shared\Microsoft.NETCore.App\2.0.7\System.Runtime.Extensions.dll</ModulePath>
      <ModuleTime>2018-04-06T16:34:46+02:00</ModuleTime>
      <ModuleName>System.Runtime.Extensions</ModuleName>
      <Classes />
    </Module>
    <Module skippedDueTo="Filter" hash="35-46-0D-D3-14-FE-C4-A5-D6-DB-50-F6-F8-72-87-DC-7A-E7-67-5B">
      <ModulePath>C:\Program Files\dotnet\shared\Microsoft.NETCore.App\2.0.7\System.Runtime.Loader.dll</ModulePath>
      <ModuleTime>2018-04-06T16:34:46+02:00</ModuleTime>
      <ModuleName>System.Runtime.Loader</ModuleName>
      <Classes />
    </Module>
    <Module skippedDueTo="Filter" hash="2B-C9-7E-4A-BB-59-98-C9-E6-8C-2D-AA-77-89-4D-3B-6A-28-A8-A5">
      <ModulePath>C:\Program Files\dotnet\sdk\2.1.201\Microsoft.DotNet.PlatformAbstractions.dll</ModulePath>
      <ModuleTime>2018-05-16T12:18:12+02:00</ModuleTime>
      <ModuleName>Microsoft.DotNet.PlatformAbstractions</ModuleName>
      <Classes />
    </Module>
    <Module skippedDueTo="Filter" hash="91-24-2C-61-46-15-A1-CF-99-0C-83-A1-49-8E-70-4C-1C-75-9B-F0">
      <ModulePath>C:\Program Files\dotnet\shared\Microsoft.NETCore.App\2.0.7\System.Runtime.InteropServices.RuntimeInformation.dll</ModulePath>
      <ModuleTime>2018-04-06T16:34:46+02:00</ModuleTime>
      <ModuleName>System.Runtime.InteropServices.RuntimeInformation</ModuleName>
      <Classes />
    </Module>
    <Module skippedDueTo="Filter" hash="C7-51-BB-6F-FF-2B-8C-A5-53-CB-D3-8C-D3-B7-D5-E1-DC-F6-72-4C">
      <ModulePath>C:\Program Files\dotnet\shared\Microsoft.NETCore.App\2.0.7\System.Runtime.InteropServices.dll</ModulePath>
      <ModuleTime>2018-04-06T16:34:46+02:00</ModuleTime>
      <ModuleName>System.Runtime.InteropServices</ModuleName>
      <Classes />
    </Module>
    <Module skippedDueTo="Filter" hash="56-FD-79-28-EE-75-9D-C5-BB-7F-F8-7F-2D-BC-4B-A1-50-2E-B8-F0">
      <ModulePath>C:\Program Files\dotnet\shared\Microsoft.NETCore.App\2.0.7\System.IO.FileSystem.dll</ModulePath>
      <ModuleTime>2018-04-06T16:34:44+02:00</ModuleTime>
      <ModuleName>System.IO.FileSystem</ModuleName>
      <Classes />
    </Module>
    <Module skippedDueTo="Filter" hash="66-45-74-C8-E1-53-04-EF-E4-4A-53-3B-83-F3-B8-17-62-78-C4-CE">
      <ModulePath>C:\Program Files\dotnet\sdk\2.1.201\runtimes\win\lib\netcoreapp2.0\System.Text.Encoding.CodePages.dll</ModulePath>
      <ModuleTime>2018-05-16T12:13:08+02:00</ModuleTime>
      <ModuleName>System.Text.Encoding.CodePages</ModuleName>
      <Classes />
    </Module>
    <Module skippedDueTo="Filter" hash="51-13-89-0B-AF-A1-DE-FD-81-1E-1B-E1-C9-30-61-12-20-A4-88-81">
      <ModulePath>C:\Program Files\dotnet\shared\Microsoft.NETCore.App\2.0.7\System.Collections.dll</ModulePath>
      <ModuleTime>2018-04-06T16:34:42+02:00</ModuleTime>
      <ModuleName>System.Collections</ModuleName>
      <Classes />
    </Module>
    <Module skippedDueTo="Filter" hash="B3-1E-F0-A9-39-19-0C-7A-27-DE-3E-2F-52-73-81-0F-25-78-13-19">
      <ModulePath>C:\Program Files\dotnet\shared\Microsoft.NETCore.App\2.0.7\System.Threading.dll</ModulePath>
      <ModuleTime>2018-04-06T16:34:46+02:00</ModuleTime>
      <ModuleName>System.Threading</ModuleName>
      <Classes />
    </Module>
    <Module skippedDueTo="Filter" hash="B0-F3-57-04-5F-5A-0C-DB-1D-D5-86-9C-BE-8E-2B-54-DF-31-85-60">
      <ModulePath>C:\Program Files\dotnet\shared\Microsoft.NETCore.App\2.0.7\System.Collections.Concurrent.dll</ModulePath>
      <ModuleTime>2018-04-06T16:34:40+02:00</ModuleTime>
      <ModuleName>System.Collections.Concurrent</ModuleName>
      <Classes />
    </Module>
    <Module skippedDueTo="Filter" hash="C9-34-09-1E-28-4B-74-2F-0E-1B-F7-9F-DB-98-70-68-37-01-76-F6">
      <ModulePath>C:\Program Files\dotnet\shared\Microsoft.NETCore.App\2.0.7\System.Threading.Thread.dll</ModulePath>
      <ModuleTime>2018-04-06T16:34:46+02:00</ModuleTime>
      <ModuleName>System.Threading.Thread</ModuleName>
      <Classes />
    </Module>
    <Module skippedDueTo="Filter" hash="62-DB-FF-17-97-61-35-11-97-6E-94-E9-9B-F4-E7-80-4D-E1-DA-D5">
      <ModulePath>C:\Program Files\dotnet\sdk\2.1.201\Microsoft.DotNet.Configurer.dll</ModulePath>
      <ModuleTime>2018-05-16T12:18:42+02:00</ModuleTime>
      <ModuleName>Microsoft.DotNet.Configurer</ModuleName>
      <Classes />
    </Module>
    <Module skippedDueTo="Filter" hash="52-60-00-2F-A7-AD-D0-AE-62-97-1D-38-7C-E9-A2-DE-00-14-91-C9">
      <ModulePath>C:\Program Files\dotnet\shared\Microsoft.NETCore.App\2.0.7\System.Diagnostics.Process.dll</ModulePath>
      <ModuleTime>2018-04-06T16:34:42+02:00</ModuleTime>
      <ModuleName>System.Diagnostics.Process</ModuleName>
      <Classes />
    </Module>
    <Module skippedDueTo="Filter" hash="08-9B-8E-53-14-4A-E7-BF-55-90-25-B4-6A-83-E1-66-C3-C2-9D-19">
      <ModulePath>C:\Program Files\dotnet\shared\Microsoft.NETCore.App\2.0.7\System.Linq.dll</ModulePath>
      <ModuleTime>2018-04-06T16:34:44+02:00</ModuleTime>
      <ModuleName>System.Linq</ModuleName>
      <Classes />
    </Module>
    <Module skippedDueTo="Filter" hash="A3-5E-FA-D0-E6-18-18-9A-AF-E6-33-B7-B5-03-10-48-51-40-92-7B">
      <ModulePath>C:\Program Files\dotnet\sdk\2.1.201\NuGet.Frameworks.dll</ModulePath>
      <ModuleTime>2018-05-16T12:20:36+02:00</ModuleTime>
      <ModuleName>NuGet.Frameworks</ModuleName>
      <Classes />
    </Module>
    <Module skippedDueTo="Filter" hash="BB-56-DE-4A-F6-92-19-A5-DE-4F-65-02-5F-6D-B1-DF-3B-97-C5-AE">
      <ModulePath>C:\Program Files\dotnet\sdk\2.1.201\Microsoft.DotNet.Cli.CommandLine.dll</ModulePath>
      <ModuleTime>2018-05-16T12:18:28+02:00</ModuleTime>
      <ModuleName>Microsoft.DotNet.Cli.CommandLine</ModuleName>
      <Classes />
    </Module>
    <Module skippedDueTo="Filter" hash="70-B0-61-52-82-37-04-F1-3C-EC-FF-FB-CF-01-B1-29-03-B7-9E-09">
      <ModulePath>C:\Program Files\dotnet\shared\Microsoft.NETCore.App\2.0.7\System.Console.dll</ModulePath>
      <ModuleTime>2018-04-06T16:34:42+02:00</ModuleTime>
      <ModuleName>System.Console</ModuleName>
      <Classes />
    </Module>
    <Module skippedDueTo="Filter" hash="6B-1C-58-E1-6D-0E-B5-A3-0E-0C-55-07-D7-7E-66-E2-16-E0-10-FA">
      <ModulePath>C:\Program Files\dotnet\sdk\2.1.201\Microsoft.DotNet.InternalAbstractions.dll</ModulePath>
      <ModuleTime>2018-05-16T12:18:12+02:00</ModuleTime>
      <ModuleName>Microsoft.DotNet.InternalAbstractions</ModuleName>
      <Classes />
    </Module>
    <Module skippedDueTo="Filter" hash="77-96-31-F0-CF-D4-3E-FC-4C-DD-D5-57-CE-F5-B3-91-B1-67-09-50">
      <ModulePath>C:\Program Files\dotnet\shared\Microsoft.NETCore.App\2.0.7\System.IO.FileSystem.Primitives.dll</ModulePath>
      <ModuleTime>2018-04-06T16:34:44+02:00</ModuleTime>
      <ModuleName>System.IO.FileSystem.Primitives</ModuleName>
      <Classes />
    </Module>
    <Module skippedDueTo="Filter" hash="14-2D-CD-8E-A2-3A-8D-6D-D9-26-DC-0D-BE-8E-A5-DA-BF-19-13-D7">
      <ModulePath>C:\Program Files\dotnet\shared\Microsoft.NETCore.App\2.0.7\System.AppContext.dll</ModulePath>
      <ModuleTime>2018-04-06T16:34:40+02:00</ModuleTime>
      <ModuleName>System.AppContext</ModuleName>
      <Classes />
    </Module>
    <Module skippedDueTo="Filter" hash="6F-F1-47-AB-D2-53-4C-7A-67-91-40-37-5D-1B-18-FF-24-80-2F-49">
      <ModulePath>C:\Program Files\dotnet\shared\Microsoft.NETCore.App\2.0.7\System.IO.dll</ModulePath>
      <ModuleTime>2018-04-06T16:34:44+02:00</ModuleTime>
      <ModuleName>System.IO</ModuleName>
      <Classes />
    </Module>
    <Module skippedDueTo="Filter" hash="CB-9E-1D-50-7C-A0-F4-A4-6D-E4-95-5C-A6-8C-F1-27-80-17-97-A1">
      <ModulePath>C:\Program Files\dotnet\shared\Microsoft.NETCore.App\2.0.7\System.Text.Encoding.Extensions.dll</ModulePath>
      <ModuleTime>2018-04-06T16:34:46+02:00</ModuleTime>
      <ModuleName>System.Text.Encoding.Extensions</ModuleName>
      <Classes />
    </Module>
    <Module skippedDueTo="Filter" hash="83-24-0F-37-61-DC-77-0B-74-01-28-41-27-01-33-A7-68-EE-11-B3">
      <ModulePath>C:\Program Files\dotnet\sdk\2.1.201\Microsoft.ApplicationInsights.dll</ModulePath>
      <ModuleTime>2018-05-16T12:18:18+02:00</ModuleTime>
      <ModuleName>Microsoft.ApplicationInsights</ModuleName>
      <Classes />
    </Module>
    <Module skippedDueTo="Filter" hash="3B-36-24-86-F5-DF-E5-C4-6E-11-56-D8-FC-FF-07-D0-3D-32-C0-F1">
      <ModulePath>C:\Program Files\dotnet\shared\Microsoft.NETCore.App\2.0.7\System.Reflection.Extensions.dll</ModulePath>
      <ModuleTime>2018-04-06T16:34:46+02:00</ModuleTime>
      <ModuleName>System.Reflection.Extensions</ModuleName>
      <Classes />
    </Module>
    <Module skippedDueTo="Filter" hash="63-D8-4C-73-BD-A7-01-28-CF-0F-2A-E5-2D-BE-76-16-C5-90-BD-FC">
      <ModulePath>C:\Program Files\dotnet\shared\Microsoft.NETCore.App\2.0.7\System.Reflection.dll</ModulePath>
      <ModuleTime>2018-04-06T16:34:46+02:00</ModuleTime>
      <ModuleName>System.Reflection</ModuleName>
      <Classes />
    </Module>
    <Module skippedDueTo="Filter" hash="E8-E1-94-CD-4F-B3-E4-0F-09-6F-08-C4-2B-9E-7C-96-36-87-73-9E">
      <ModulePath>C:\Program Files\dotnet\shared\Microsoft.NETCore.App\2.0.7\System.Xml.XDocument.dll</ModulePath>
      <ModuleTime>2018-04-06T16:34:46+02:00</ModuleTime>
      <ModuleName>System.Xml.XDocument</ModuleName>
      <Classes />
    </Module>
    <Module skippedDueTo="Filter" hash="77-CA-EB-46-7F-9F-98-B7-2C-3B-66-05-82-49-6F-BF-10-BC-15-63">
      <ModulePath>C:\Program Files\dotnet\shared\Microsoft.NETCore.App\2.0.7\System.Private.Xml.Linq.dll</ModulePath>
      <ModuleTime>2018-04-06T16:34:44+02:00</ModuleTime>
      <ModuleName>System.Private.Xml.Linq</ModuleName>
      <Classes />
    </Module>
    <Module skippedDueTo="Filter" hash="F4-77-59-93-C3-11-56-8C-BC-27-68-75-C2-B9-F3-FC-A6-38-72-7C">
      <ModulePath>C:\Program Files\dotnet\shared\Microsoft.NETCore.App\2.0.7\System.Security.Cryptography.Algorithms.dll</ModulePath>
      <ModuleTime>2018-04-06T16:34:46+02:00</ModuleTime>
      <ModuleName>System.Security.Cryptography.Algorithms</ModuleName>
      <Classes />
    </Module>
    <Module skippedDueTo="Filter" hash="4C-6F-0F-78-2B-28-D4-CA-55-C3-01-DB-48-76-A1-4C-2D-80-E4-20">
      <ModulePath>C:\Program Files\dotnet\shared\Microsoft.NETCore.App\2.0.7\System.Security.Cryptography.Primitives.dll</ModulePath>
      <ModuleTime>2018-04-06T16:34:46+02:00</ModuleTime>
      <ModuleName>System.Security.Cryptography.Primitives</ModuleName>
      <Classes />
    </Module>
    <Module skippedDueTo="Filter" hash="3C-85-EC-4E-26-6C-2C-5E-1D-9D-56-C9-24-23-D7-4D-40-FC-D9-4E">
      <ModulePath>C:\Program Files\dotnet\shared\Microsoft.NETCore.App\2.0.7\System.Private.Xml.dll</ModulePath>
      <ModuleTime>2018-04-06T16:34:44+02:00</ModuleTime>
      <ModuleName>System.Private.Xml</ModuleName>
      <Classes />
    </Module>
    <Module skippedDueTo="Filter" hash="F7-32-F3-C3-F4-BB-89-E1-64-28-4D-60-B2-2F-7F-BB-B9-55-A7-CE">
      <ModulePath>C:\Program Files\dotnet\shared\Microsoft.NETCore.App\2.0.7\System.Text.RegularExpressions.dll</ModulePath>
      <ModuleTime>2018-04-06T16:34:46+02:00</ModuleTime>
      <ModuleName>System.Text.RegularExpressions</ModuleName>
      <Classes />
    </Module>
    <Module skippedDueTo="Filter" hash="1A-2C-7E-E7-3A-96-0C-AA-45-73-B1-94-1D-0B-B6-FD-BD-C0-B7-5E">
      <ModulePath>C:\Program Files\dotnet\shared\Microsoft.NETCore.App\2.0.7\System.Xml.ReaderWriter.dll</ModulePath>
      <ModuleTime>2018-04-06T16:34:46+02:00</ModuleTime>
      <ModuleName>System.Xml.ReaderWriter</ModuleName>
      <Classes />
    </Module>
    <Module skippedDueTo="Filter" hash="BA-0A-B8-91-27-FD-E5-40-70-97-4A-8B-F2-71-DC-1D-4C-36-7B-F2">
      <ModulePath>C:\Program Files\dotnet\shared\Microsoft.NETCore.App\2.0.7\System.Diagnostics.Tracing.dll</ModulePath>
      <ModuleTime>2018-04-06T16:34:42+02:00</ModuleTime>
      <ModuleName>System.Diagnostics.Tracing</ModuleName>
      <Classes />
    </Module>
    <Module skippedDueTo="Filter" hash="CC-3E-E7-30-DF-F8-AA-99-0F-44-7B-97-B1-5F-5F-26-5D-85-38-B1">
      <ModulePath>C:\Program Files\dotnet\shared\Microsoft.NETCore.App\2.0.7\System.Private.Uri.dll</ModulePath>
      <ModuleTime>2018-04-06T16:34:44+02:00</ModuleTime>
      <ModuleName>System.Private.Uri</ModuleName>
      <Classes />
    </Module>
    <Module skippedDueTo="Filter" hash="05-06-E9-7D-8F-4F-EF-A5-6F-4C-F2-0D-9A-6E-D2-3B-5D-7F-4C-7D">
      <ModulePath>C:\Program Files\dotnet\shared\Microsoft.NETCore.App\2.0.7\System.Threading.Tasks.dll</ModulePath>
      <ModuleTime>2018-04-06T16:34:46+02:00</ModuleTime>
      <ModuleName>System.Threading.Tasks</ModuleName>
      <Classes />
    </Module>
    <Module skippedDueTo="Filter" hash="4B-65-FB-AA-D7-3E-5E-CF-68-AB-15-D1-BB-2F-6D-D9-90-23-33-0C">
      <ModulePath>C:\Program Files\dotnet\shared\Microsoft.NETCore.App\2.0.7\System.Globalization.dll</ModulePath>
      <ModuleTime>2018-04-06T16:34:42+02:00</ModuleTime>
      <ModuleName>System.Globalization</ModuleName>
      <Classes />
    </Module>
    <Module skippedDueTo="Filter" hash="42-D7-A5-B1-4A-37-BE-7D-A3-3A-9F-1B-69-17-E1-B3-5D-C7-52-56">
      <ModulePath>C:\Program Files\dotnet\shared\Microsoft.NETCore.App\2.0.7\System.Resources.ResourceManager.dll</ModulePath>
      <ModuleTime>2018-04-06T16:34:46+02:00</ModuleTime>
      <ModuleName>System.Resources.ResourceManager</ModuleName>
      <Classes />
    </Module>
    <Module skippedDueTo="Filter" hash="82-1C-18-BD-CE-3F-97-28-90-69-1E-56-94-39-E3-73-3E-20-DA-41">
      <ModulePath>C:\Program Files\dotnet\shared\Microsoft.NETCore.App\2.0.7\System.Diagnostics.Tools.dll</ModulePath>
      <ModuleTime>2018-04-06T16:34:42+02:00</ModuleTime>
      <ModuleName>System.Diagnostics.Tools</ModuleName>
      <Classes />
    </Module>
    <Module skippedDueTo="Filter" hash="67-7A-21-E4-50-15-94-7B-EC-EE-53-EA-50-95-06-E9-6E-CE-14-BD">
      <ModulePath>C:\Program Files\dotnet\shared\Microsoft.NETCore.App\2.0.7\System.Diagnostics.Debug.dll</ModulePath>
      <ModuleTime>2018-04-06T16:34:42+02:00</ModuleTime>
      <ModuleName>System.Diagnostics.Debug</ModuleName>
      <Classes />
    </Module>
    <Module skippedDueTo="Filter" hash="2A-48-9E-7C-7A-3D-29-D8-E3-92-B8-FF-3F-40-BC-72-D2-C4-A1-9E">
      <ModulePath>C:\Program Files\dotnet\shared\Microsoft.NETCore.App\2.0.7\System.Text.Encoding.dll</ModulePath>
      <ModuleTime>2018-04-06T16:34:46+02:00</ModuleTime>
      <ModuleName>System.Text.Encoding</ModuleName>
      <Classes />
    </Module>
    <Module skippedDueTo="Filter" hash="FE-91-B8-5B-30-F6-AC-83-2A-24-43-27-DE-86-C5-D1-CE-1C-AA-0E">
      <ModulePath>C:\Program Files\dotnet\shared\Microsoft.NETCore.App\2.0.7\System.IO.Compression.dll</ModulePath>
      <ModuleTime>2018-04-06T16:34:44+02:00</ModuleTime>
      <ModuleName>System.IO.Compression</ModuleName>
      <Classes />
    </Module>
    <Module skippedDueTo="Filter" hash="46-1C-FA-51-0F-16-EF-68-A0-48-80-DE-2E-52-63-A8-98-F6-68-92">
      <ModulePath>C:\Program Files\dotnet\shared\Microsoft.NETCore.App\2.0.7\System.Buffers.dll</ModulePath>
      <ModuleTime>2018-04-06T16:34:40+02:00</ModuleTime>
      <ModuleName>System.Buffers</ModuleName>
      <Classes />
    </Module>
    <Module skippedDueTo="Filter" hash="97-9C-2C-0A-6E-AE-11-40-88-10-DA-75-EC-4A-A6-40-23-66-27-BD">
      <ModulePath>C:\Program Files\dotnet\sdk\2.1.201\Microsoft.Build.Utilities.Core.dll</ModulePath>
      <ModuleTime>2018-05-16T12:18:12+02:00</ModuleTime>
      <ModuleName>Microsoft.Build.Utilities.Core</ModuleName>
      <Classes />
    </Module>
    <Module skippedDueTo="Filter" hash="B4-25-3B-25-11-DB-E6-89-C6-BB-29-9A-8C-E3-AC-F8-50-6E-F6-7B">
      <ModulePath>C:\Program Files\dotnet\sdk\2.1.201\Microsoft.Build.Framework.dll</ModulePath>
      <ModuleTime>2018-05-16T12:18:12+02:00</ModuleTime>
      <ModuleName>Microsoft.Build.Framework</ModuleName>
      <Classes />
    </Module>
    <Module skippedDueTo="Filter" hash="61-DA-70-F0-98-C4-6A-E6-69-E4-1A-B1-28-24-D2-9B-33-05-B9-93">
      <ModulePath>C:\Program Files\dotnet\shared\Microsoft.NETCore.App\2.0.7\System.ComponentModel.Primitives.dll</ModulePath>
      <ModuleTime>2018-04-06T16:34:42+02:00</ModuleTime>
      <ModuleName>System.ComponentModel.Primitives</ModuleName>
      <Classes />
    </Module>
    <Module skippedDueTo="Filter" hash="42-A8-DA-02-21-4F-83-0B-2F-F7-E1-F2-E6-42-CC-AE-62-36-60-47">
      <ModulePath>C:\Program Files\dotnet\shared\Microsoft.NETCore.App\2.0.7\Microsoft.Win32.Primitives.dll</ModulePath>
      <ModuleTime>2018-04-06T16:34:40+02:00</ModuleTime>
      <ModuleName>Microsoft.Win32.Primitives</ModuleName>
      <Classes />
    </Module>
    <Module skippedDueTo="Filter" hash="B4-29-7B-40-70-6D-4E-0A-42-C1-F8-72-7B-F8-77-19-2D-BD-92-B8">
      <ModulePath>C:\Program Files\dotnet\shared\Microsoft.NETCore.App\2.0.7\System.Net.Http.dll</ModulePath>
      <ModuleTime>2018-04-06T16:34:44+02:00</ModuleTime>
      <ModuleName>System.Net.Http</ModuleName>
      <Classes />
    </Module>
    <Module skippedDueTo="Filter" hash="54-2F-B7-8C-DA-61-2E-A8-70-A8-79-C2-44-6C-58-EF-AB-2F-F1-16">
      <ModulePath>C:\Program Files\dotnet\shared\Microsoft.NETCore.App\2.0.7\System.Net.Primitives.dll</ModulePath>
      <ModuleTime>2018-04-06T16:34:44+02:00</ModuleTime>
      <ModuleName>System.Net.Primitives</ModuleName>
      <Classes />
    </Module>
    <Module skippedDueTo="Filter" hash="CF-35-23-87-C7-48-C1-C5-9D-49-94-25-75-E2-BF-5F-3C-1D-EC-1C">
      <ModulePath>C:\Program Files\dotnet\shared\Microsoft.NETCore.App\2.0.7\System.Diagnostics.DiagnosticSource.dll</ModulePath>
      <ModuleTime>2018-04-06T16:34:42+02:00</ModuleTime>
      <ModuleName>System.Diagnostics.DiagnosticSource</ModuleName>
      <Classes />
    </Module>
    <Module skippedDueTo="Filter" hash="8D-1E-F7-AB-F1-06-77-A6-40-55-E2-7D-C3-DA-12-30-41-0E-5C-65">
      <ModulePath>C:\Program Files\dotnet\shared\Microsoft.NETCore.App\2.0.7\System.Security.Cryptography.X509Certificates.dll</ModulePath>
      <ModuleTime>2018-04-06T16:34:46+02:00</ModuleTime>
      <ModuleName>System.Security.Cryptography.X509Certificates</ModuleName>
      <Classes />
    </Module>
    <Module skippedDueTo="Filter" hash="D0-E5-55-FE-BF-E5-0E-19-EF-CD-0E-65-CD-BB-4B-B6-93-8B-94-D1">
      <ModulePath>C:\Program Files\dotnet\shared\Microsoft.NETCore.App\2.0.7\System.Collections.NonGeneric.dll</ModulePath>
      <ModuleTime>2018-04-06T16:34:42+02:00</ModuleTime>
      <ModuleName>System.Collections.NonGeneric</ModuleName>
      <Classes />
    </Module>
    <Module skippedDueTo="Filter" hash="CA-72-7D-28-BC-0B-40-56-77-FE-1A-07-BD-F9-CC-18-8A-58-5E-9F">
      <ModulePath>C:\Program Files\dotnet\shared\Microsoft.NETCore.App\2.0.7\System.Private.CoreLib.dll</ModulePath>
      <ModuleTime>2018-04-06T16:34:46+02:00</ModuleTime>
      <ModuleName>System.Private.CoreLib</ModuleName>
      <Classes />
    </Module>
    <Module skippedDueTo="Filter" hash="1A-4A-D9-0F-D0-48-A2-F6-37-09-90-7E-A7-61-5D-C7-57-9D-3D-1B">
      <ModulePath>C:\Program Files\dotnet\sdk\2.1.201\MSBuild.dll</ModulePath>
      <ModuleTime>2018-05-16T12:20:54+02:00</ModuleTime>
      <ModuleName>MSBuild</ModuleName>
      <Classes />
    </Module>
    <Module skippedDueTo="Filter" hash="4F-FB-D5-0C-6F-D3-45-4A-F5-74-3B-94-FC-D3-17-CB-58-10-B2-4E">
      <ModulePath>C:\Program Files\dotnet\shared\Microsoft.NETCore.App\2.0.7\System.Runtime.dll</ModulePath>
      <ModuleTime>2018-04-06T16:34:46+02:00</ModuleTime>
      <ModuleName>System.Runtime</ModuleName>
      <Classes />
    </Module>
    <Module skippedDueTo="Filter" hash="87-BE-9F-41-DB-E9-E1-81-8F-C2-0F-2B-CE-25-63-CB-FE-00-32-DC">
      <ModulePath>C:\Program Files\dotnet\shared\Microsoft.NETCore.App\2.0.7\System.Runtime.Extensions.dll</ModulePath>
      <ModuleTime>2018-04-06T16:34:46+02:00</ModuleTime>
      <ModuleName>System.Runtime.Extensions</ModuleName>
      <Classes />
    </Module>
    <Module skippedDueTo="Filter" hash="B3-1E-F0-A9-39-19-0C-7A-27-DE-3E-2F-52-73-81-0F-25-78-13-19">
      <ModulePath>C:\Program Files\dotnet\shared\Microsoft.NETCore.App\2.0.7\System.Threading.dll</ModulePath>
      <ModuleTime>2018-04-06T16:34:46+02:00</ModuleTime>
      <ModuleName>System.Threading</ModuleName>
      <Classes />
    </Module>
    <Module skippedDueTo="Filter" hash="56-FD-79-28-EE-75-9D-C5-BB-7F-F8-7F-2D-BC-4B-A1-50-2E-B8-F0">
      <ModulePath>C:\Program Files\dotnet\shared\Microsoft.NETCore.App\2.0.7\System.IO.FileSystem.dll</ModulePath>
      <ModuleTime>2018-04-06T16:34:44+02:00</ModuleTime>
      <ModuleName>System.IO.FileSystem</ModuleName>
      <Classes />
    </Module>
    <Module skippedDueTo="Filter" hash="91-24-2C-61-46-15-A1-CF-99-0C-83-A1-49-8E-70-4C-1C-75-9B-F0">
      <ModulePath>C:\Program Files\dotnet\shared\Microsoft.NETCore.App\2.0.7\System.Runtime.InteropServices.RuntimeInformation.dll</ModulePath>
      <ModuleTime>2018-04-06T16:34:46+02:00</ModuleTime>
      <ModuleName>System.Runtime.InteropServices.RuntimeInformation</ModuleName>
      <Classes />
    </Module>
    <Module skippedDueTo="Filter" hash="08-9B-8E-53-14-4A-E7-BF-55-90-25-B4-6A-83-E1-66-C3-C2-9D-19">
      <ModulePath>C:\Program Files\dotnet\shared\Microsoft.NETCore.App\2.0.7\System.Linq.dll</ModulePath>
      <ModuleTime>2018-04-06T16:34:44+02:00</ModuleTime>
      <ModuleName>System.Linq</ModuleName>
      <Classes />
    </Module>
    <Module skippedDueTo="Filter" hash="F7-32-F3-C3-F4-BB-89-E1-64-28-4D-60-B2-2F-7F-BB-B9-55-A7-CE">
      <ModulePath>C:\Program Files\dotnet\shared\Microsoft.NETCore.App\2.0.7\System.Text.RegularExpressions.dll</ModulePath>
      <ModuleTime>2018-04-06T16:34:46+02:00</ModuleTime>
      <ModuleName>System.Text.RegularExpressions</ModuleName>
      <Classes />
    </Module>
    <Module skippedDueTo="Filter" hash="51-13-89-0B-AF-A1-DE-FD-81-1E-1B-E1-C9-30-61-12-20-A4-88-81">
      <ModulePath>C:\Program Files\dotnet\shared\Microsoft.NETCore.App\2.0.7\System.Collections.dll</ModulePath>
      <ModuleTime>2018-04-06T16:34:42+02:00</ModuleTime>
      <ModuleName>System.Collections</ModuleName>
      <Classes />
    </Module>
    <Module skippedDueTo="Filter" hash="C7-51-BB-6F-FF-2B-8C-A5-53-CB-D3-8C-D3-B7-D5-E1-DC-F6-72-4C">
      <ModulePath>C:\Program Files\dotnet\shared\Microsoft.NETCore.App\2.0.7\System.Runtime.InteropServices.dll</ModulePath>
      <ModuleTime>2018-04-06T16:34:46+02:00</ModuleTime>
      <ModuleName>System.Runtime.InteropServices</ModuleName>
      <Classes />
    </Module>
    <Module skippedDueTo="Filter" hash="70-B0-61-52-82-37-04-F1-3C-EC-FF-FB-CF-01-B1-29-03-B7-9E-09">
      <ModulePath>C:\Program Files\dotnet\shared\Microsoft.NETCore.App\2.0.7\System.Console.dll</ModulePath>
      <ModuleTime>2018-04-06T16:34:42+02:00</ModuleTime>
      <ModuleName>System.Console</ModuleName>
      <Classes />
    </Module>
    <Module skippedDueTo="Filter" hash="52-60-00-2F-A7-AD-D0-AE-62-97-1D-38-7C-E9-A2-DE-00-14-91-C9">
      <ModulePath>C:\Program Files\dotnet\shared\Microsoft.NETCore.App\2.0.7\System.Diagnostics.Process.dll</ModulePath>
      <ModuleTime>2018-04-06T16:34:42+02:00</ModuleTime>
      <ModuleName>System.Diagnostics.Process</ModuleName>
      <Classes />
    </Module>
    <Module skippedDueTo="Filter" hash="61-DA-70-F0-98-C4-6A-E6-69-E4-1A-B1-28-24-D2-9B-33-05-B9-93">
      <ModulePath>C:\Program Files\dotnet\shared\Microsoft.NETCore.App\2.0.7\System.ComponentModel.Primitives.dll</ModulePath>
      <ModuleTime>2018-04-06T16:34:42+02:00</ModuleTime>
      <ModuleName>System.ComponentModel.Primitives</ModuleName>
      <Classes />
    </Module>
    <Module skippedDueTo="Filter" hash="B4-25-3B-25-11-DB-E6-89-C6-BB-29-9A-8C-E3-AC-F8-50-6E-F6-7B">
      <ModulePath>C:\Program Files\dotnet\sdk\2.1.201\Microsoft.Build.Framework.dll</ModulePath>
      <ModuleTime>2018-05-16T12:18:12+02:00</ModuleTime>
      <ModuleName>Microsoft.Build.Framework</ModuleName>
      <Classes />
    </Module>
    <Module skippedDueTo="Filter" hash="01-96-6D-71-06-7A-C1-F0-FB-01-7D-E8-24-7A-78-26-8A-1F-60-E6">
      <ModulePath>C:\Program Files\dotnet\shared\Microsoft.NETCore.App\2.0.7\netstandard.dll</ModulePath>
      <ModuleTime>2018-04-06T16:34:46+02:00</ModuleTime>
      <ModuleName>netstandard</ModuleName>
      <Classes />
    </Module>
    <Module skippedDueTo="Filter" hash="18-88-B4-41-4E-DF-91-36-8D-FE-0E-71-51-5D-BB-43-B6-F0-8D-21">
      <ModulePath>C:\Program Files\dotnet\sdk\2.1.201\Microsoft.Build.dll</ModulePath>
      <ModuleTime>2018-05-16T12:18:40+02:00</ModuleTime>
      <ModuleName>Microsoft.Build</ModuleName>
      <Classes />
    </Module>
    <Module skippedDueTo="Filter" hash="66-45-74-C8-E1-53-04-EF-E4-4A-53-3B-83-F3-B8-17-62-78-C4-CE">
      <ModulePath>C:\Program Files\dotnet\sdk\2.1.201\runtimes\win\lib\netcoreapp2.0\System.Text.Encoding.CodePages.dll</ModulePath>
      <ModuleTime>2018-05-16T12:13:08+02:00</ModuleTime>
      <ModuleName>System.Text.Encoding.CodePages</ModuleName>
      <Classes />
    </Module>
    <Module skippedDueTo="Filter" hash="42-D7-A5-B1-4A-37-BE-7D-A3-3A-9F-1B-69-17-E1-B3-5D-C7-52-56">
      <ModulePath>C:\Program Files\dotnet\shared\Microsoft.NETCore.App\2.0.7\System.Resources.ResourceManager.dll</ModulePath>
      <ModuleTime>2018-04-06T16:34:46+02:00</ModuleTime>
      <ModuleName>System.Resources.ResourceManager</ModuleName>
      <Classes />
    </Module>
    <Module skippedDueTo="Filter" hash="CB-9E-1D-50-7C-A0-F4-A4-6D-E4-95-5C-A6-8C-F1-27-80-17-97-A1">
      <ModulePath>C:\Program Files\dotnet\shared\Microsoft.NETCore.App\2.0.7\System.Text.Encoding.Extensions.dll</ModulePath>
      <ModuleTime>2018-04-06T16:34:46+02:00</ModuleTime>
      <ModuleName>System.Text.Encoding.Extensions</ModuleName>
      <Classes />
    </Module>
  </Modules>
</CoverageSession>