<?xml version="1.0" encoding="utf-8"?>
<CoverageSession xmlns:xsd="http://www.w3.org/2001/XMLSchema" xmlns:xsi="http://www.w3.org/2001/XMLSchema-instance">
  <Summary numSequencePoints="419" visitedSequencePoints="401" numBranchPoints="133" visitedBranchPoints="124" sequenceCoverage="95.70" branchCoverage="93.23" maxCyclomaticComplexity="5" minCyclomaticComplexity="1" visitedClasses="26" numClasses="28" visitedMethods="105" numMethods="107" />
  <Modules>
    <Module skippedDueTo="Filter" hash="CA-72-7D-28-BC-0B-40-56-77-FE-1A-07-BD-F9-CC-18-8A-58-5E-9F">
      <ModulePath>C:\Program Files\dotnet\shared\Microsoft.NETCore.App\2.0.7\System.Private.CoreLib.dll</ModulePath>
      <ModuleTime>2018-04-06T16:34:46+02:00</ModuleTime>
      <ModuleName>System.Private.CoreLib</ModuleName>
      <Classes />
    </Module>
    <Module skippedDueTo="MissingPdb" hash="15-22-A2-5C-E9-C1-6C-0F-2B-80-38-BF-40-90-5D-9F-67-08-31-6D">
      <ModulePath>C:\Program Files\dotnet\sdk\2.1.201\dotnet.dll</ModulePath>
      <ModuleTime>2018-05-16T12:12:08+02:00</ModuleTime>
      <ModuleName>dotnet</ModuleName>
      <Classes />
    </Module>
    <Module skippedDueTo="Filter" hash="4F-FB-D5-0C-6F-D3-45-4A-F5-74-3B-94-FC-D3-17-CB-58-10-B2-4E">
      <ModulePath>C:\Program Files\dotnet\shared\Microsoft.NETCore.App\2.0.7\System.Runtime.dll</ModulePath>
      <ModuleTime>2018-04-06T16:34:46+02:00</ModuleTime>
      <ModuleName>System.Runtime</ModuleName>
      <Classes />
    </Module>
    <Module skippedDueTo="MissingPdb" hash="B6-1E-05-3C-EB-77-08-D9-81-64-A9-58-00-4A-BA-04-CA-CC-2C-51">
      <ModulePath>C:\Program Files\dotnet\sdk\2.1.201\Microsoft.DotNet.Cli.Utils.dll</ModulePath>
      <ModuleTime>2018-05-16T12:18:12+02:00</ModuleTime>
      <ModuleName>Microsoft.DotNet.Cli.Utils</ModuleName>
      <Classes />
    </Module>
    <Module skippedDueTo="MissingPdb" hash="01-96-6D-71-06-7A-C1-F0-FB-01-7D-E8-24-7A-78-26-8A-1F-60-E6">
      <ModulePath>C:\Program Files\dotnet\shared\Microsoft.NETCore.App\2.0.7\netstandard.dll</ModulePath>
      <ModuleTime>2018-04-06T16:34:46+02:00</ModuleTime>
      <ModuleName>netstandard</ModuleName>
      <Classes />
    </Module>
    <Module skippedDueTo="Filter" hash="87-BE-9F-41-DB-E9-E1-81-8F-C2-0F-2B-CE-25-63-CB-FE-00-32-DC">
      <ModulePath>C:\Program Files\dotnet\shared\Microsoft.NETCore.App\2.0.7\System.Runtime.Extensions.dll</ModulePath>
      <ModuleTime>2018-04-06T16:34:46+02:00</ModuleTime>
      <ModuleName>System.Runtime.Extensions</ModuleName>
      <Classes />
    </Module>
    <Module skippedDueTo="Filter" hash="35-46-0D-D3-14-FE-C4-A5-D6-DB-50-F6-F8-72-87-DC-7A-E7-67-5B">
      <ModulePath>C:\Program Files\dotnet\shared\Microsoft.NETCore.App\2.0.7\System.Runtime.Loader.dll</ModulePath>
      <ModuleTime>2018-04-06T16:34:46+02:00</ModuleTime>
      <ModuleName>System.Runtime.Loader</ModuleName>
      <Classes />
    </Module>
    <Module skippedDueTo="MissingPdb" hash="2B-C9-7E-4A-BB-59-98-C9-E6-8C-2D-AA-77-89-4D-3B-6A-28-A8-A5">
      <ModulePath>C:\Program Files\dotnet\sdk\2.1.201\Microsoft.DotNet.PlatformAbstractions.dll</ModulePath>
      <ModuleTime>2018-05-16T12:18:12+02:00</ModuleTime>
      <ModuleName>Microsoft.DotNet.PlatformAbstractions</ModuleName>
      <Classes />
    </Module>
    <Module skippedDueTo="Filter" hash="91-24-2C-61-46-15-A1-CF-99-0C-83-A1-49-8E-70-4C-1C-75-9B-F0">
      <ModulePath>C:\Program Files\dotnet\shared\Microsoft.NETCore.App\2.0.7\System.Runtime.InteropServices.RuntimeInformation.dll</ModulePath>
      <ModuleTime>2018-04-06T16:34:46+02:00</ModuleTime>
      <ModuleName>System.Runtime.InteropServices.RuntimeInformation</ModuleName>
      <Classes />
    </Module>
    <Module skippedDueTo="Filter" hash="C7-51-BB-6F-FF-2B-8C-A5-53-CB-D3-8C-D3-B7-D5-E1-DC-F6-72-4C">
      <ModulePath>C:\Program Files\dotnet\shared\Microsoft.NETCore.App\2.0.7\System.Runtime.InteropServices.dll</ModulePath>
      <ModuleTime>2018-04-06T16:34:46+02:00</ModuleTime>
      <ModuleName>System.Runtime.InteropServices</ModuleName>
      <Classes />
    </Module>
    <Module skippedDueTo="Filter" hash="56-FD-79-28-EE-75-9D-C5-BB-7F-F8-7F-2D-BC-4B-A1-50-2E-B8-F0">
      <ModulePath>C:\Program Files\dotnet\shared\Microsoft.NETCore.App\2.0.7\System.IO.FileSystem.dll</ModulePath>
      <ModuleTime>2018-04-06T16:34:44+02:00</ModuleTime>
      <ModuleName>System.IO.FileSystem</ModuleName>
      <Classes />
    </Module>
    <Module skippedDueTo="Filter" hash="66-45-74-C8-E1-53-04-EF-E4-4A-53-3B-83-F3-B8-17-62-78-C4-CE">
      <ModulePath>C:\Program Files\dotnet\sdk\2.1.201\runtimes\win\lib\netcoreapp2.0\System.Text.Encoding.CodePages.dll</ModulePath>
      <ModuleTime>2018-05-16T12:13:08+02:00</ModuleTime>
      <ModuleName>System.Text.Encoding.CodePages</ModuleName>
      <Classes />
    </Module>
    <Module skippedDueTo="Filter" hash="51-13-89-0B-AF-A1-DE-FD-81-1E-1B-E1-C9-30-61-12-20-A4-88-81">
      <ModulePath>C:\Program Files\dotnet\shared\Microsoft.NETCore.App\2.0.7\System.Collections.dll</ModulePath>
      <ModuleTime>2018-04-06T16:34:42+02:00</ModuleTime>
      <ModuleName>System.Collections</ModuleName>
      <Classes />
    </Module>
    <Module skippedDueTo="Filter" hash="B3-1E-F0-A9-39-19-0C-7A-27-DE-3E-2F-52-73-81-0F-25-78-13-19">
      <ModulePath>C:\Program Files\dotnet\shared\Microsoft.NETCore.App\2.0.7\System.Threading.dll</ModulePath>
      <ModuleTime>2018-04-06T16:34:46+02:00</ModuleTime>
      <ModuleName>System.Threading</ModuleName>
      <Classes />
    </Module>
    <Module skippedDueTo="Filter" hash="B0-F3-57-04-5F-5A-0C-DB-1D-D5-86-9C-BE-8E-2B-54-DF-31-85-60">
      <ModulePath>C:\Program Files\dotnet\shared\Microsoft.NETCore.App\2.0.7\System.Collections.Concurrent.dll</ModulePath>
      <ModuleTime>2018-04-06T16:34:40+02:00</ModuleTime>
      <ModuleName>System.Collections.Concurrent</ModuleName>
      <Classes />
    </Module>
    <Module skippedDueTo="Filter" hash="C9-34-09-1E-28-4B-74-2F-0E-1B-F7-9F-DB-98-70-68-37-01-76-F6">
      <ModulePath>C:\Program Files\dotnet\shared\Microsoft.NETCore.App\2.0.7\System.Threading.Thread.dll</ModulePath>
      <ModuleTime>2018-04-06T16:34:46+02:00</ModuleTime>
      <ModuleName>System.Threading.Thread</ModuleName>
      <Classes />
    </Module>
    <Module skippedDueTo="MissingPdb" hash="62-DB-FF-17-97-61-35-11-97-6E-94-E9-9B-F4-E7-80-4D-E1-DA-D5">
      <ModulePath>C:\Program Files\dotnet\sdk\2.1.201\Microsoft.DotNet.Configurer.dll</ModulePath>
      <ModuleTime>2018-05-16T12:18:42+02:00</ModuleTime>
      <ModuleName>Microsoft.DotNet.Configurer</ModuleName>
      <Classes />
    </Module>
    <Module skippedDueTo="Filter" hash="52-60-00-2F-A7-AD-D0-AE-62-97-1D-38-7C-E9-A2-DE-00-14-91-C9">
      <ModulePath>C:\Program Files\dotnet\shared\Microsoft.NETCore.App\2.0.7\System.Diagnostics.Process.dll</ModulePath>
      <ModuleTime>2018-04-06T16:34:42+02:00</ModuleTime>
      <ModuleName>System.Diagnostics.Process</ModuleName>
      <Classes />
    </Module>
    <Module skippedDueTo="Filter" hash="08-9B-8E-53-14-4A-E7-BF-55-90-25-B4-6A-83-E1-66-C3-C2-9D-19">
      <ModulePath>C:\Program Files\dotnet\shared\Microsoft.NETCore.App\2.0.7\System.Linq.dll</ModulePath>
      <ModuleTime>2018-04-06T16:34:44+02:00</ModuleTime>
      <ModuleName>System.Linq</ModuleName>
      <Classes />
    </Module>
    <Module skippedDueTo="MissingPdb" hash="A3-5E-FA-D0-E6-18-18-9A-AF-E6-33-B7-B5-03-10-48-51-40-92-7B">
      <ModulePath>C:\Program Files\dotnet\sdk\2.1.201\NuGet.Frameworks.dll</ModulePath>
      <ModuleTime>2018-05-16T12:20:36+02:00</ModuleTime>
      <ModuleName>NuGet.Frameworks</ModuleName>
      <Classes />
    </Module>
    <Module skippedDueTo="MissingPdb" hash="BB-56-DE-4A-F6-92-19-A5-DE-4F-65-02-5F-6D-B1-DF-3B-97-C5-AE">
      <ModulePath>C:\Program Files\dotnet\sdk\2.1.201\Microsoft.DotNet.Cli.CommandLine.dll</ModulePath>
      <ModuleTime>2018-05-16T12:18:28+02:00</ModuleTime>
      <ModuleName>Microsoft.DotNet.Cli.CommandLine</ModuleName>
      <Classes />
    </Module>
    <Module skippedDueTo="Filter" hash="70-B0-61-52-82-37-04-F1-3C-EC-FF-FB-CF-01-B1-29-03-B7-9E-09">
      <ModulePath>C:\Program Files\dotnet\shared\Microsoft.NETCore.App\2.0.7\System.Console.dll</ModulePath>
      <ModuleTime>2018-04-06T16:34:42+02:00</ModuleTime>
      <ModuleName>System.Console</ModuleName>
      <Classes />
    </Module>
    <Module skippedDueTo="MissingPdb" hash="6B-1C-58-E1-6D-0E-B5-A3-0E-0C-55-07-D7-7E-66-E2-16-E0-10-FA">
      <ModulePath>C:\Program Files\dotnet\sdk\2.1.201\Microsoft.DotNet.InternalAbstractions.dll</ModulePath>
      <ModuleTime>2018-05-16T12:18:12+02:00</ModuleTime>
      <ModuleName>Microsoft.DotNet.InternalAbstractions</ModuleName>
      <Classes />
    </Module>
    <Module skippedDueTo="Filter" hash="77-96-31-F0-CF-D4-3E-FC-4C-DD-D5-57-CE-F5-B3-91-B1-67-09-50">
      <ModulePath>C:\Program Files\dotnet\shared\Microsoft.NETCore.App\2.0.7\System.IO.FileSystem.Primitives.dll</ModulePath>
      <ModuleTime>2018-04-06T16:34:44+02:00</ModuleTime>
      <ModuleName>System.IO.FileSystem.Primitives</ModuleName>
      <Classes />
    </Module>
    <Module skippedDueTo="Filter" hash="14-2D-CD-8E-A2-3A-8D-6D-D9-26-DC-0D-BE-8E-A5-DA-BF-19-13-D7">
      <ModulePath>C:\Program Files\dotnet\shared\Microsoft.NETCore.App\2.0.7\System.AppContext.dll</ModulePath>
      <ModuleTime>2018-04-06T16:34:40+02:00</ModuleTime>
      <ModuleName>System.AppContext</ModuleName>
      <Classes />
    </Module>
    <Module skippedDueTo="Filter" hash="6F-F1-47-AB-D2-53-4C-7A-67-91-40-37-5D-1B-18-FF-24-80-2F-49">
      <ModulePath>C:\Program Files\dotnet\shared\Microsoft.NETCore.App\2.0.7\System.IO.dll</ModulePath>
      <ModuleTime>2018-04-06T16:34:44+02:00</ModuleTime>
      <ModuleName>System.IO</ModuleName>
      <Classes />
    </Module>
    <Module skippedDueTo="Filter" hash="CB-9E-1D-50-7C-A0-F4-A4-6D-E4-95-5C-A6-8C-F1-27-80-17-97-A1">
      <ModulePath>C:\Program Files\dotnet\shared\Microsoft.NETCore.App\2.0.7\System.Text.Encoding.Extensions.dll</ModulePath>
      <ModuleTime>2018-04-06T16:34:46+02:00</ModuleTime>
      <ModuleName>System.Text.Encoding.Extensions</ModuleName>
      <Classes />
    </Module>
    <Module skippedDueTo="MissingPdb" hash="83-24-0F-37-61-DC-77-0B-74-01-28-41-27-01-33-A7-68-EE-11-B3">
      <ModulePath>C:\Program Files\dotnet\sdk\2.1.201\Microsoft.ApplicationInsights.dll</ModulePath>
      <ModuleTime>2018-05-16T12:18:18+02:00</ModuleTime>
      <ModuleName>Microsoft.ApplicationInsights</ModuleName>
      <Classes />
    </Module>
    <Module skippedDueTo="Filter" hash="3B-36-24-86-F5-DF-E5-C4-6E-11-56-D8-FC-FF-07-D0-3D-32-C0-F1">
      <ModulePath>C:\Program Files\dotnet\shared\Microsoft.NETCore.App\2.0.7\System.Reflection.Extensions.dll</ModulePath>
      <ModuleTime>2018-04-06T16:34:46+02:00</ModuleTime>
      <ModuleName>System.Reflection.Extensions</ModuleName>
      <Classes />
    </Module>
    <Module skippedDueTo="Filter" hash="63-D8-4C-73-BD-A7-01-28-CF-0F-2A-E5-2D-BE-76-16-C5-90-BD-FC">
      <ModulePath>C:\Program Files\dotnet\shared\Microsoft.NETCore.App\2.0.7\System.Reflection.dll</ModulePath>
      <ModuleTime>2018-04-06T16:34:46+02:00</ModuleTime>
      <ModuleName>System.Reflection</ModuleName>
      <Classes />
    </Module>
    <Module skippedDueTo="Filter" hash="E8-E1-94-CD-4F-B3-E4-0F-09-6F-08-C4-2B-9E-7C-96-36-87-73-9E">
      <ModulePath>C:\Program Files\dotnet\shared\Microsoft.NETCore.App\2.0.7\System.Xml.XDocument.dll</ModulePath>
      <ModuleTime>2018-04-06T16:34:46+02:00</ModuleTime>
      <ModuleName>System.Xml.XDocument</ModuleName>
      <Classes />
    </Module>
    <Module skippedDueTo="Filter" hash="77-CA-EB-46-7F-9F-98-B7-2C-3B-66-05-82-49-6F-BF-10-BC-15-63">
      <ModulePath>C:\Program Files\dotnet\shared\Microsoft.NETCore.App\2.0.7\System.Private.Xml.Linq.dll</ModulePath>
      <ModuleTime>2018-04-06T16:34:44+02:00</ModuleTime>
      <ModuleName>System.Private.Xml.Linq</ModuleName>
      <Classes />
    </Module>
    <Module skippedDueTo="Filter" hash="F4-77-59-93-C3-11-56-8C-BC-27-68-75-C2-B9-F3-FC-A6-38-72-7C">
      <ModulePath>C:\Program Files\dotnet\shared\Microsoft.NETCore.App\2.0.7\System.Security.Cryptography.Algorithms.dll</ModulePath>
      <ModuleTime>2018-04-06T16:34:46+02:00</ModuleTime>
      <ModuleName>System.Security.Cryptography.Algorithms</ModuleName>
      <Classes />
    </Module>
    <Module skippedDueTo="Filter" hash="4C-6F-0F-78-2B-28-D4-CA-55-C3-01-DB-48-76-A1-4C-2D-80-E4-20">
      <ModulePath>C:\Program Files\dotnet\shared\Microsoft.NETCore.App\2.0.7\System.Security.Cryptography.Primitives.dll</ModulePath>
      <ModuleTime>2018-04-06T16:34:46+02:00</ModuleTime>
      <ModuleName>System.Security.Cryptography.Primitives</ModuleName>
      <Classes />
    </Module>
    <Module skippedDueTo="Filter" hash="3C-85-EC-4E-26-6C-2C-5E-1D-9D-56-C9-24-23-D7-4D-40-FC-D9-4E">
      <ModulePath>C:\Program Files\dotnet\shared\Microsoft.NETCore.App\2.0.7\System.Private.Xml.dll</ModulePath>
      <ModuleTime>2018-04-06T16:34:44+02:00</ModuleTime>
      <ModuleName>System.Private.Xml</ModuleName>
      <Classes />
    </Module>
    <Module skippedDueTo="Filter" hash="F7-32-F3-C3-F4-BB-89-E1-64-28-4D-60-B2-2F-7F-BB-B9-55-A7-CE">
      <ModulePath>C:\Program Files\dotnet\shared\Microsoft.NETCore.App\2.0.7\System.Text.RegularExpressions.dll</ModulePath>
      <ModuleTime>2018-04-06T16:34:46+02:00</ModuleTime>
      <ModuleName>System.Text.RegularExpressions</ModuleName>
      <Classes />
    </Module>
    <Module skippedDueTo="Filter" hash="1A-2C-7E-E7-3A-96-0C-AA-45-73-B1-94-1D-0B-B6-FD-BD-C0-B7-5E">
      <ModulePath>C:\Program Files\dotnet\shared\Microsoft.NETCore.App\2.0.7\System.Xml.ReaderWriter.dll</ModulePath>
      <ModuleTime>2018-04-06T16:34:46+02:00</ModuleTime>
      <ModuleName>System.Xml.ReaderWriter</ModuleName>
      <Classes />
    </Module>
    <Module skippedDueTo="Filter" hash="BA-0A-B8-91-27-FD-E5-40-70-97-4A-8B-F2-71-DC-1D-4C-36-7B-F2">
      <ModulePath>C:\Program Files\dotnet\shared\Microsoft.NETCore.App\2.0.7\System.Diagnostics.Tracing.dll</ModulePath>
      <ModuleTime>2018-04-06T16:34:42+02:00</ModuleTime>
      <ModuleName>System.Diagnostics.Tracing</ModuleName>
      <Classes />
    </Module>
    <Module skippedDueTo="Filter" hash="CC-3E-E7-30-DF-F8-AA-99-0F-44-7B-97-B1-5F-5F-26-5D-85-38-B1">
      <ModulePath>C:\Program Files\dotnet\shared\Microsoft.NETCore.App\2.0.7\System.Private.Uri.dll</ModulePath>
      <ModuleTime>2018-04-06T16:34:44+02:00</ModuleTime>
      <ModuleName>System.Private.Uri</ModuleName>
      <Classes />
    </Module>
    <Module skippedDueTo="Filter" hash="05-06-E9-7D-8F-4F-EF-A5-6F-4C-F2-0D-9A-6E-D2-3B-5D-7F-4C-7D">
      <ModulePath>C:\Program Files\dotnet\shared\Microsoft.NETCore.App\2.0.7\System.Threading.Tasks.dll</ModulePath>
      <ModuleTime>2018-04-06T16:34:46+02:00</ModuleTime>
      <ModuleName>System.Threading.Tasks</ModuleName>
      <Classes />
    </Module>
    <Module skippedDueTo="Filter" hash="4B-65-FB-AA-D7-3E-5E-CF-68-AB-15-D1-BB-2F-6D-D9-90-23-33-0C">
      <ModulePath>C:\Program Files\dotnet\shared\Microsoft.NETCore.App\2.0.7\System.Globalization.dll</ModulePath>
      <ModuleTime>2018-04-06T16:34:42+02:00</ModuleTime>
      <ModuleName>System.Globalization</ModuleName>
      <Classes />
    </Module>
    <Module skippedDueTo="Filter" hash="42-D7-A5-B1-4A-37-BE-7D-A3-3A-9F-1B-69-17-E1-B3-5D-C7-52-56">
      <ModulePath>C:\Program Files\dotnet\shared\Microsoft.NETCore.App\2.0.7\System.Resources.ResourceManager.dll</ModulePath>
      <ModuleTime>2018-04-06T16:34:46+02:00</ModuleTime>
      <ModuleName>System.Resources.ResourceManager</ModuleName>
      <Classes />
    </Module>
    <Module skippedDueTo="Filter" hash="82-1C-18-BD-CE-3F-97-28-90-69-1E-56-94-39-E3-73-3E-20-DA-41">
      <ModulePath>C:\Program Files\dotnet\shared\Microsoft.NETCore.App\2.0.7\System.Diagnostics.Tools.dll</ModulePath>
      <ModuleTime>2018-04-06T16:34:42+02:00</ModuleTime>
      <ModuleName>System.Diagnostics.Tools</ModuleName>
      <Classes />
    </Module>
    <Module skippedDueTo="Filter" hash="67-7A-21-E4-50-15-94-7B-EC-EE-53-EA-50-95-06-E9-6E-CE-14-BD">
      <ModulePath>C:\Program Files\dotnet\shared\Microsoft.NETCore.App\2.0.7\System.Diagnostics.Debug.dll</ModulePath>
      <ModuleTime>2018-04-06T16:34:42+02:00</ModuleTime>
      <ModuleName>System.Diagnostics.Debug</ModuleName>
      <Classes />
    </Module>
    <Module skippedDueTo="Filter" hash="2A-48-9E-7C-7A-3D-29-D8-E3-92-B8-FF-3F-40-BC-72-D2-C4-A1-9E">
      <ModulePath>C:\Program Files\dotnet\shared\Microsoft.NETCore.App\2.0.7\System.Text.Encoding.dll</ModulePath>
      <ModuleTime>2018-04-06T16:34:46+02:00</ModuleTime>
      <ModuleName>System.Text.Encoding</ModuleName>
      <Classes />
    </Module>
    <Module skippedDueTo="Filter" hash="FE-91-B8-5B-30-F6-AC-83-2A-24-43-27-DE-86-C5-D1-CE-1C-AA-0E">
      <ModulePath>C:\Program Files\dotnet\shared\Microsoft.NETCore.App\2.0.7\System.IO.Compression.dll</ModulePath>
      <ModuleTime>2018-04-06T16:34:44+02:00</ModuleTime>
      <ModuleName>System.IO.Compression</ModuleName>
      <Classes />
    </Module>
    <Module skippedDueTo="Filter" hash="46-1C-FA-51-0F-16-EF-68-A0-48-80-DE-2E-52-63-A8-98-F6-68-92">
      <ModulePath>C:\Program Files\dotnet\shared\Microsoft.NETCore.App\2.0.7\System.Buffers.dll</ModulePath>
      <ModuleTime>2018-04-06T16:34:40+02:00</ModuleTime>
      <ModuleName>System.Buffers</ModuleName>
      <Classes />
    </Module>
    <Module skippedDueTo="MissingPdb" hash="97-9C-2C-0A-6E-AE-11-40-88-10-DA-75-EC-4A-A6-40-23-66-27-BD">
      <ModulePath>C:\Program Files\dotnet\sdk\2.1.201\Microsoft.Build.Utilities.Core.dll</ModulePath>
      <ModuleTime>2018-05-16T12:18:12+02:00</ModuleTime>
      <ModuleName>Microsoft.Build.Utilities.Core</ModuleName>
      <Classes />
    </Module>
    <Module skippedDueTo="MissingPdb" hash="B4-25-3B-25-11-DB-E6-89-C6-BB-29-9A-8C-E3-AC-F8-50-6E-F6-7B">
      <ModulePath>C:\Program Files\dotnet\sdk\2.1.201\Microsoft.Build.Framework.dll</ModulePath>
      <ModuleTime>2018-05-16T12:18:12+02:00</ModuleTime>
      <ModuleName>Microsoft.Build.Framework</ModuleName>
      <Classes />
    </Module>
    <Module skippedDueTo="Filter" hash="61-DA-70-F0-98-C4-6A-E6-69-E4-1A-B1-28-24-D2-9B-33-05-B9-93">
      <ModulePath>C:\Program Files\dotnet\shared\Microsoft.NETCore.App\2.0.7\System.ComponentModel.Primitives.dll</ModulePath>
      <ModuleTime>2018-04-06T16:34:42+02:00</ModuleTime>
      <ModuleName>System.ComponentModel.Primitives</ModuleName>
      <Classes />
    </Module>
    <Module skippedDueTo="MissingPdb" hash="42-A8-DA-02-21-4F-83-0B-2F-F7-E1-F2-E6-42-CC-AE-62-36-60-47">
      <ModulePath>C:\Program Files\dotnet\shared\Microsoft.NETCore.App\2.0.7\Microsoft.Win32.Primitives.dll</ModulePath>
      <ModuleTime>2018-04-06T16:34:40+02:00</ModuleTime>
      <ModuleName>Microsoft.Win32.Primitives</ModuleName>
      <Classes />
    </Module>
    <Module skippedDueTo="Filter" hash="B4-29-7B-40-70-6D-4E-0A-42-C1-F8-72-7B-F8-77-19-2D-BD-92-B8">
      <ModulePath>C:\Program Files\dotnet\shared\Microsoft.NETCore.App\2.0.7\System.Net.Http.dll</ModulePath>
      <ModuleTime>2018-04-06T16:34:44+02:00</ModuleTime>
      <ModuleName>System.Net.Http</ModuleName>
      <Classes />
    </Module>
    <Module skippedDueTo="Filter" hash="54-2F-B7-8C-DA-61-2E-A8-70-A8-79-C2-44-6C-58-EF-AB-2F-F1-16">
      <ModulePath>C:\Program Files\dotnet\shared\Microsoft.NETCore.App\2.0.7\System.Net.Primitives.dll</ModulePath>
      <ModuleTime>2018-04-06T16:34:44+02:00</ModuleTime>
      <ModuleName>System.Net.Primitives</ModuleName>
      <Classes />
    </Module>
    <Module skippedDueTo="Filter" hash="CF-35-23-87-C7-48-C1-C5-9D-49-94-25-75-E2-BF-5F-3C-1D-EC-1C">
      <ModulePath>C:\Program Files\dotnet\shared\Microsoft.NETCore.App\2.0.7\System.Diagnostics.DiagnosticSource.dll</ModulePath>
      <ModuleTime>2018-04-06T16:34:42+02:00</ModuleTime>
      <ModuleName>System.Diagnostics.DiagnosticSource</ModuleName>
      <Classes />
    </Module>
    <Module skippedDueTo="Filter" hash="8D-1E-F7-AB-F1-06-77-A6-40-55-E2-7D-C3-DA-12-30-41-0E-5C-65">
      <ModulePath>C:\Program Files\dotnet\shared\Microsoft.NETCore.App\2.0.7\System.Security.Cryptography.X509Certificates.dll</ModulePath>
      <ModuleTime>2018-04-06T16:34:46+02:00</ModuleTime>
      <ModuleName>System.Security.Cryptography.X509Certificates</ModuleName>
      <Classes />
    </Module>
    <Module skippedDueTo="Filter" hash="D0-E5-55-FE-BF-E5-0E-19-EF-CD-0E-65-CD-BB-4B-B6-93-8B-94-D1">
      <ModulePath>C:\Program Files\dotnet\shared\Microsoft.NETCore.App\2.0.7\System.Collections.NonGeneric.dll</ModulePath>
      <ModuleTime>2018-04-06T16:34:42+02:00</ModuleTime>
      <ModuleName>System.Collections.NonGeneric</ModuleName>
      <Classes />
    </Module>
    <Module skippedDueTo="Filter" hash="CA-72-7D-28-BC-0B-40-56-77-FE-1A-07-BD-F9-CC-18-8A-58-5E-9F">
      <ModulePath>C:\Program Files\dotnet\shared\Microsoft.NETCore.App\2.0.7\System.Private.CoreLib.dll</ModulePath>
      <ModuleTime>2018-04-06T16:34:46+02:00</ModuleTime>
      <ModuleName>System.Private.CoreLib</ModuleName>
      <Classes />
    </Module>
    <Module skippedDueTo="MissingPdb" hash="1A-4A-D9-0F-D0-48-A2-F6-37-09-90-7E-A7-61-5D-C7-57-9D-3D-1B">
      <ModulePath>C:\Program Files\dotnet\sdk\2.1.201\MSBuild.dll</ModulePath>
      <ModuleTime>2018-05-16T12:20:54+02:00</ModuleTime>
      <ModuleName>MSBuild</ModuleName>
      <Classes />
    </Module>
    <Module skippedDueTo="Filter" hash="4F-FB-D5-0C-6F-D3-45-4A-F5-74-3B-94-FC-D3-17-CB-58-10-B2-4E">
      <ModulePath>C:\Program Files\dotnet\shared\Microsoft.NETCore.App\2.0.7\System.Runtime.dll</ModulePath>
      <ModuleTime>2018-04-06T16:34:46+02:00</ModuleTime>
      <ModuleName>System.Runtime</ModuleName>
      <Classes />
    </Module>
    <Module skippedDueTo="Filter" hash="87-BE-9F-41-DB-E9-E1-81-8F-C2-0F-2B-CE-25-63-CB-FE-00-32-DC">
      <ModulePath>C:\Program Files\dotnet\shared\Microsoft.NETCore.App\2.0.7\System.Runtime.Extensions.dll</ModulePath>
      <ModuleTime>2018-04-06T16:34:46+02:00</ModuleTime>
      <ModuleName>System.Runtime.Extensions</ModuleName>
      <Classes />
    </Module>
    <Module skippedDueTo="Filter" hash="B3-1E-F0-A9-39-19-0C-7A-27-DE-3E-2F-52-73-81-0F-25-78-13-19">
      <ModulePath>C:\Program Files\dotnet\shared\Microsoft.NETCore.App\2.0.7\System.Threading.dll</ModulePath>
      <ModuleTime>2018-04-06T16:34:46+02:00</ModuleTime>
      <ModuleName>System.Threading</ModuleName>
      <Classes />
    </Module>
    <Module skippedDueTo="Filter" hash="56-FD-79-28-EE-75-9D-C5-BB-7F-F8-7F-2D-BC-4B-A1-50-2E-B8-F0">
      <ModulePath>C:\Program Files\dotnet\shared\Microsoft.NETCore.App\2.0.7\System.IO.FileSystem.dll</ModulePath>
      <ModuleTime>2018-04-06T16:34:44+02:00</ModuleTime>
      <ModuleName>System.IO.FileSystem</ModuleName>
      <Classes />
    </Module>
    <Module skippedDueTo="Filter" hash="91-24-2C-61-46-15-A1-CF-99-0C-83-A1-49-8E-70-4C-1C-75-9B-F0">
      <ModulePath>C:\Program Files\dotnet\shared\Microsoft.NETCore.App\2.0.7\System.Runtime.InteropServices.RuntimeInformation.dll</ModulePath>
      <ModuleTime>2018-04-06T16:34:46+02:00</ModuleTime>
      <ModuleName>System.Runtime.InteropServices.RuntimeInformation</ModuleName>
      <Classes />
    </Module>
    <Module skippedDueTo="Filter" hash="08-9B-8E-53-14-4A-E7-BF-55-90-25-B4-6A-83-E1-66-C3-C2-9D-19">
      <ModulePath>C:\Program Files\dotnet\shared\Microsoft.NETCore.App\2.0.7\System.Linq.dll</ModulePath>
      <ModuleTime>2018-04-06T16:34:44+02:00</ModuleTime>
      <ModuleName>System.Linq</ModuleName>
      <Classes />
    </Module>
    <Module skippedDueTo="Filter" hash="F7-32-F3-C3-F4-BB-89-E1-64-28-4D-60-B2-2F-7F-BB-B9-55-A7-CE">
      <ModulePath>C:\Program Files\dotnet\shared\Microsoft.NETCore.App\2.0.7\System.Text.RegularExpressions.dll</ModulePath>
      <ModuleTime>2018-04-06T16:34:46+02:00</ModuleTime>
      <ModuleName>System.Text.RegularExpressions</ModuleName>
      <Classes />
    </Module>
    <Module skippedDueTo="Filter" hash="51-13-89-0B-AF-A1-DE-FD-81-1E-1B-E1-C9-30-61-12-20-A4-88-81">
      <ModulePath>C:\Program Files\dotnet\shared\Microsoft.NETCore.App\2.0.7\System.Collections.dll</ModulePath>
      <ModuleTime>2018-04-06T16:34:42+02:00</ModuleTime>
      <ModuleName>System.Collections</ModuleName>
      <Classes />
    </Module>
    <Module skippedDueTo="Filter" hash="C7-51-BB-6F-FF-2B-8C-A5-53-CB-D3-8C-D3-B7-D5-E1-DC-F6-72-4C">
      <ModulePath>C:\Program Files\dotnet\shared\Microsoft.NETCore.App\2.0.7\System.Runtime.InteropServices.dll</ModulePath>
      <ModuleTime>2018-04-06T16:34:46+02:00</ModuleTime>
      <ModuleName>System.Runtime.InteropServices</ModuleName>
      <Classes />
    </Module>
    <Module skippedDueTo="Filter" hash="70-B0-61-52-82-37-04-F1-3C-EC-FF-FB-CF-01-B1-29-03-B7-9E-09">
      <ModulePath>C:\Program Files\dotnet\shared\Microsoft.NETCore.App\2.0.7\System.Console.dll</ModulePath>
      <ModuleTime>2018-04-06T16:34:42+02:00</ModuleTime>
      <ModuleName>System.Console</ModuleName>
      <Classes />
    </Module>
    <Module skippedDueTo="Filter" hash="52-60-00-2F-A7-AD-D0-AE-62-97-1D-38-7C-E9-A2-DE-00-14-91-C9">
      <ModulePath>C:\Program Files\dotnet\shared\Microsoft.NETCore.App\2.0.7\System.Diagnostics.Process.dll</ModulePath>
      <ModuleTime>2018-04-06T16:34:42+02:00</ModuleTime>
      <ModuleName>System.Diagnostics.Process</ModuleName>
      <Classes />
    </Module>
    <Module skippedDueTo="Filter" hash="61-DA-70-F0-98-C4-6A-E6-69-E4-1A-B1-28-24-D2-9B-33-05-B9-93">
      <ModulePath>C:\Program Files\dotnet\shared\Microsoft.NETCore.App\2.0.7\System.ComponentModel.Primitives.dll</ModulePath>
      <ModuleTime>2018-04-06T16:34:42+02:00</ModuleTime>
      <ModuleName>System.ComponentModel.Primitives</ModuleName>
      <Classes />
    </Module>
    <Module skippedDueTo="MissingPdb" hash="B4-25-3B-25-11-DB-E6-89-C6-BB-29-9A-8C-E3-AC-F8-50-6E-F6-7B">
      <ModulePath>C:\Program Files\dotnet\sdk\2.1.201\Microsoft.Build.Framework.dll</ModulePath>
      <ModuleTime>2018-05-16T12:18:12+02:00</ModuleTime>
      <ModuleName>Microsoft.Build.Framework</ModuleName>
      <Classes />
    </Module>
    <Module skippedDueTo="MissingPdb" hash="01-96-6D-71-06-7A-C1-F0-FB-01-7D-E8-24-7A-78-26-8A-1F-60-E6">
      <ModulePath>C:\Program Files\dotnet\shared\Microsoft.NETCore.App\2.0.7\netstandard.dll</ModulePath>
      <ModuleTime>2018-04-06T16:34:46+02:00</ModuleTime>
      <ModuleName>netstandard</ModuleName>
      <Classes />
    </Module>
    <Module skippedDueTo="MissingPdb" hash="18-88-B4-41-4E-DF-91-36-8D-FE-0E-71-51-5D-BB-43-B6-F0-8D-21">
      <ModulePath>C:\Program Files\dotnet\sdk\2.1.201\Microsoft.Build.dll</ModulePath>
      <ModuleTime>2018-05-16T12:18:40+02:00</ModuleTime>
      <ModuleName>Microsoft.Build</ModuleName>
      <Classes />
    </Module>
    <Module skippedDueTo="Filter" hash="66-45-74-C8-E1-53-04-EF-E4-4A-53-3B-83-F3-B8-17-62-78-C4-CE">
      <ModulePath>C:\Program Files\dotnet\sdk\2.1.201\runtimes\win\lib\netcoreapp2.0\System.Text.Encoding.CodePages.dll</ModulePath>
      <ModuleTime>2018-05-16T12:13:08+02:00</ModuleTime>
      <ModuleName>System.Text.Encoding.CodePages</ModuleName>
      <Classes />
    </Module>
    <Module skippedDueTo="Filter" hash="B0-F3-57-04-5F-5A-0C-DB-1D-D5-86-9C-BE-8E-2B-54-DF-31-85-60">
      <ModulePath>C:\Program Files\dotnet\shared\Microsoft.NETCore.App\2.0.7\System.Collections.Concurrent.dll</ModulePath>
      <ModuleTime>2018-04-06T16:34:40+02:00</ModuleTime>
      <ModuleName>System.Collections.Concurrent</ModuleName>
      <Classes />
    </Module>
    <Module skippedDueTo="MissingPdb" hash="15-22-A2-5C-E9-C1-6C-0F-2B-80-38-BF-40-90-5D-9F-67-08-31-6D">
      <ModulePath>C:\Program Files\dotnet\sdk\2.1.201\dotnet.dll</ModulePath>
      <ModuleTime>2018-05-16T12:12:08+02:00</ModuleTime>
      <ModuleName>dotnet</ModuleName>
      <Classes />
    </Module>
    <Module skippedDueTo="MissingPdb" hash="97-9C-2C-0A-6E-AE-11-40-88-10-DA-75-EC-4A-A6-40-23-66-27-BD">
      <ModulePath>C:\Program Files\dotnet\sdk\2.1.201\Microsoft.Build.Utilities.Core.dll</ModulePath>
      <ModuleTime>2018-05-16T12:18:12+02:00</ModuleTime>
      <ModuleName>Microsoft.Build.Utilities.Core</ModuleName>
      <Classes />
    </Module>
    <Module skippedDueTo="MissingPdb" hash="3A-F6-BC-B8-02-71-F4-D0-1C-94-FC-0F-89-EB-7C-D6-11-C5-53-BA">
      <ModulePath>C:\Program Files\dotnet\sdk\2.1.201\Microsoft.DotNet.Tools.MigrateCommand.dll</ModulePath>
      <ModuleTime>2018-05-16T12:18:12+02:00</ModuleTime>
      <ModuleName>Microsoft.DotNet.Tools.MigrateCommand</ModuleName>
      <Classes />
    </Module>
    <Module skippedDueTo="MissingPdb" hash="B6-1E-05-3C-EB-77-08-D9-81-64-A9-58-00-4A-BA-04-CA-CC-2C-51">
      <ModulePath>C:\Program Files\dotnet\sdk\2.1.201\Microsoft.DotNet.Cli.Utils.dll</ModulePath>
      <ModuleTime>2018-05-16T12:18:12+02:00</ModuleTime>
      <ModuleName>Microsoft.DotNet.Cli.Utils</ModuleName>
      <Classes />
    </Module>
    <Module skippedDueTo="MissingPdb" hash="A3-5E-FA-D0-E6-18-18-9A-AF-E6-33-B7-B5-03-10-48-51-40-92-7B">
      <ModulePath>C:\Program Files\dotnet\sdk\2.1.201\NuGet.Frameworks.dll</ModulePath>
      <ModuleTime>2018-05-16T12:20:36+02:00</ModuleTime>
      <ModuleName>NuGet.Frameworks</ModuleName>
      <Classes />
    </Module>
    <Module skippedDueTo="MissingPdb" hash="62-DB-FF-17-97-61-35-11-97-6E-94-E9-9B-F4-E7-80-4D-E1-DA-D5">
      <ModulePath>C:\Program Files\dotnet\sdk\2.1.201\Microsoft.DotNet.Configurer.dll</ModulePath>
      <ModuleTime>2018-05-16T12:18:42+02:00</ModuleTime>
      <ModuleName>Microsoft.DotNet.Configurer</ModuleName>
      <Classes />
    </Module>
    <Module skippedDueTo="MissingPdb" hash="6B-1C-58-E1-6D-0E-B5-A3-0E-0C-55-07-D7-7E-66-E2-16-E0-10-FA">
      <ModulePath>C:\Program Files\dotnet\sdk\2.1.201\Microsoft.DotNet.InternalAbstractions.dll</ModulePath>
      <ModuleTime>2018-05-16T12:18:12+02:00</ModuleTime>
      <ModuleName>Microsoft.DotNet.InternalAbstractions</ModuleName>
      <Classes />
    </Module>
    <Module skippedDueTo="Filter" hash="77-96-31-F0-CF-D4-3E-FC-4C-DD-D5-57-CE-F5-B3-91-B1-67-09-50">
      <ModulePath>C:\Program Files\dotnet\shared\Microsoft.NETCore.App\2.0.7\System.IO.FileSystem.Primitives.dll</ModulePath>
      <ModuleTime>2018-04-06T16:34:44+02:00</ModuleTime>
      <ModuleName>System.IO.FileSystem.Primitives</ModuleName>
      <Classes />
    </Module>
    <Module skippedDueTo="MissingPdb" hash="83-24-0F-37-61-DC-77-0B-74-01-28-41-27-01-33-A7-68-EE-11-B3">
      <ModulePath>C:\Program Files\dotnet\sdk\2.1.201\Microsoft.ApplicationInsights.dll</ModulePath>
      <ModuleTime>2018-05-16T12:18:18+02:00</ModuleTime>
      <ModuleName>Microsoft.ApplicationInsights</ModuleName>
      <Classes />
    </Module>
    <Module skippedDueTo="Filter" hash="CB-9E-1D-50-7C-A0-F4-A4-6D-E4-95-5C-A6-8C-F1-27-80-17-97-A1">
      <ModulePath>C:\Program Files\dotnet\shared\Microsoft.NETCore.App\2.0.7\System.Text.Encoding.Extensions.dll</ModulePath>
      <ModuleTime>2018-04-06T16:34:46+02:00</ModuleTime>
      <ModuleName>System.Text.Encoding.Extensions</ModuleName>
      <Classes />
    </Module>
    <Module skippedDueTo="MissingPdb" hash="2B-C9-7E-4A-BB-59-98-C9-E6-8C-2D-AA-77-89-4D-3B-6A-28-A8-A5">
      <ModulePath>C:\Program Files\dotnet\sdk\2.1.201\Microsoft.DotNet.PlatformAbstractions.dll</ModulePath>
      <ModuleTime>2018-05-16T12:18:12+02:00</ModuleTime>
      <ModuleName>Microsoft.DotNet.PlatformAbstractions</ModuleName>
      <Classes />
    </Module>
    <Module skippedDueTo="Filter" hash="3B-36-24-86-F5-DF-E5-C4-6E-11-56-D8-FC-FF-07-D0-3D-32-C0-F1">
      <ModulePath>C:\Program Files\dotnet\shared\Microsoft.NETCore.App\2.0.7\System.Reflection.Extensions.dll</ModulePath>
      <ModuleTime>2018-04-06T16:34:46+02:00</ModuleTime>
      <ModuleName>System.Reflection.Extensions</ModuleName>
      <Classes />
    </Module>
    <Module skippedDueTo="Filter" hash="63-D8-4C-73-BD-A7-01-28-CF-0F-2A-E5-2D-BE-76-16-C5-90-BD-FC">
      <ModulePath>C:\Program Files\dotnet\shared\Microsoft.NETCore.App\2.0.7\System.Reflection.dll</ModulePath>
      <ModuleTime>2018-04-06T16:34:46+02:00</ModuleTime>
      <ModuleName>System.Reflection</ModuleName>
      <Classes />
    </Module>
    <Module skippedDueTo="Filter" hash="E8-E1-94-CD-4F-B3-E4-0F-09-6F-08-C4-2B-9E-7C-96-36-87-73-9E">
      <ModulePath>C:\Program Files\dotnet\shared\Microsoft.NETCore.App\2.0.7\System.Xml.XDocument.dll</ModulePath>
      <ModuleTime>2018-04-06T16:34:46+02:00</ModuleTime>
      <ModuleName>System.Xml.XDocument</ModuleName>
      <Classes />
    </Module>
    <Module skippedDueTo="Filter" hash="77-CA-EB-46-7F-9F-98-B7-2C-3B-66-05-82-49-6F-BF-10-BC-15-63">
      <ModulePath>C:\Program Files\dotnet\shared\Microsoft.NETCore.App\2.0.7\System.Private.Xml.Linq.dll</ModulePath>
      <ModuleTime>2018-04-06T16:34:44+02:00</ModuleTime>
      <ModuleName>System.Private.Xml.Linq</ModuleName>
      <Classes />
    </Module>
    <Module skippedDueTo="Filter" hash="3C-85-EC-4E-26-6C-2C-5E-1D-9D-56-C9-24-23-D7-4D-40-FC-D9-4E">
      <ModulePath>C:\Program Files\dotnet\shared\Microsoft.NETCore.App\2.0.7\System.Private.Xml.dll</ModulePath>
      <ModuleTime>2018-04-06T16:34:44+02:00</ModuleTime>
      <ModuleName>System.Private.Xml</ModuleName>
      <Classes />
    </Module>
    <Module skippedDueTo="Filter" hash="1A-2C-7E-E7-3A-96-0C-AA-45-73-B1-94-1D-0B-B6-FD-BD-C0-B7-5E">
      <ModulePath>C:\Program Files\dotnet\shared\Microsoft.NETCore.App\2.0.7\System.Xml.ReaderWriter.dll</ModulePath>
      <ModuleTime>2018-04-06T16:34:46+02:00</ModuleTime>
      <ModuleName>System.Xml.ReaderWriter</ModuleName>
      <Classes />
    </Module>
    <Module skippedDueTo="Filter" hash="BA-0A-B8-91-27-FD-E5-40-70-97-4A-8B-F2-71-DC-1D-4C-36-7B-F2">
      <ModulePath>C:\Program Files\dotnet\shared\Microsoft.NETCore.App\2.0.7\System.Diagnostics.Tracing.dll</ModulePath>
      <ModuleTime>2018-04-06T16:34:42+02:00</ModuleTime>
      <ModuleName>System.Diagnostics.Tracing</ModuleName>
      <Classes />
    </Module>
    <Module skippedDueTo="Filter" hash="CC-3E-E7-30-DF-F8-AA-99-0F-44-7B-97-B1-5F-5F-26-5D-85-38-B1">
      <ModulePath>C:\Program Files\dotnet\shared\Microsoft.NETCore.App\2.0.7\System.Private.Uri.dll</ModulePath>
      <ModuleTime>2018-04-06T16:34:44+02:00</ModuleTime>
      <ModuleName>System.Private.Uri</ModuleName>
      <Classes />
    </Module>
    <Module skippedDueTo="Filter" hash="05-06-E9-7D-8F-4F-EF-A5-6F-4C-F2-0D-9A-6E-D2-3B-5D-7F-4C-7D">
      <ModulePath>C:\Program Files\dotnet\shared\Microsoft.NETCore.App\2.0.7\System.Threading.Tasks.dll</ModulePath>
      <ModuleTime>2018-04-06T16:34:46+02:00</ModuleTime>
      <ModuleName>System.Threading.Tasks</ModuleName>
      <Classes />
    </Module>
    <Module skippedDueTo="Filter" hash="4B-65-FB-AA-D7-3E-5E-CF-68-AB-15-D1-BB-2F-6D-D9-90-23-33-0C">
      <ModulePath>C:\Program Files\dotnet\shared\Microsoft.NETCore.App\2.0.7\System.Globalization.dll</ModulePath>
      <ModuleTime>2018-04-06T16:34:42+02:00</ModuleTime>
      <ModuleName>System.Globalization</ModuleName>
      <Classes />
    </Module>
    <Module skippedDueTo="Filter" hash="6C-56-72-92-23-FA-C1-4B-E5-E3-F8-39-0B-19-0E-61-E2-AA-9D-49">
      <ModulePath>C:\Program Files\dotnet\shared\Microsoft.NETCore.App\2.0.7\System.Threading.Tasks.Dataflow.dll</ModulePath>
      <ModuleTime>2018-04-06T16:34:46+02:00</ModuleTime>
      <ModuleName>System.Threading.Tasks.Dataflow</ModuleName>
      <Classes />
    </Module>
    <Module skippedDueTo="Filter" hash="F4-77-59-93-C3-11-56-8C-BC-27-68-75-C2-B9-F3-FC-A6-38-72-7C">
      <ModulePath>C:\Program Files\dotnet\shared\Microsoft.NETCore.App\2.0.7\System.Security.Cryptography.Algorithms.dll</ModulePath>
      <ModuleTime>2018-04-06T16:34:46+02:00</ModuleTime>
      <ModuleName>System.Security.Cryptography.Algorithms</ModuleName>
      <Classes />
    </Module>
    <Module skippedDueTo="Filter" hash="4C-6F-0F-78-2B-28-D4-CA-55-C3-01-DB-48-76-A1-4C-2D-80-E4-20">
      <ModulePath>C:\Program Files\dotnet\shared\Microsoft.NETCore.App\2.0.7\System.Security.Cryptography.Primitives.dll</ModulePath>
      <ModuleTime>2018-04-06T16:34:46+02:00</ModuleTime>
      <ModuleName>System.Security.Cryptography.Primitives</ModuleName>
      <Classes />
    </Module>
    <Module skippedDueTo="Filter" hash="42-D7-A5-B1-4A-37-BE-7D-A3-3A-9F-1B-69-17-E1-B3-5D-C7-52-56">
      <ModulePath>C:\Program Files\dotnet\shared\Microsoft.NETCore.App\2.0.7\System.Resources.ResourceManager.dll</ModulePath>
      <ModuleTime>2018-04-06T16:34:46+02:00</ModuleTime>
      <ModuleName>System.Resources.ResourceManager</ModuleName>
      <Classes />
    </Module>
    <Module skippedDueTo="Filter" hash="1E-6B-7A-0D-1C-ED-0D-6A-0D-43-2E-15-5C-AC-B9-58-15-F0-A7-D1">
      <ModulePath>C:\Program Files\dotnet\shared\Microsoft.NETCore.App\2.0.7\System.ObjectModel.dll</ModulePath>
      <ModuleTime>2018-04-06T16:34:44+02:00</ModuleTime>
      <ModuleName>System.ObjectModel</ModuleName>
      <Classes />
    </Module>
    <Module skippedDueTo="Filter" hash="C9-34-09-1E-28-4B-74-2F-0E-1B-F7-9F-DB-98-70-68-37-01-76-F6">
      <ModulePath>C:\Program Files\dotnet\shared\Microsoft.NETCore.App\2.0.7\System.Threading.Thread.dll</ModulePath>
      <ModuleTime>2018-04-06T16:34:46+02:00</ModuleTime>
      <ModuleName>System.Threading.Thread</ModuleName>
      <Classes />
    </Module>
    <Module skippedDueTo="Filter" hash="5E-03-F1-54-D2-5B-64-7D-92-B7-E5-20-67-63-D8-68-33-C6-06-74">
      <ModulePath>C:\Program Files\dotnet\shared\Microsoft.NETCore.App\2.0.7\System.Diagnostics.TraceSource.dll</ModulePath>
      <ModuleTime>2018-04-06T16:34:42+02:00</ModuleTime>
      <ModuleName>System.Diagnostics.TraceSource</ModuleName>
      <Classes />
    </Module>
    <Module skippedDueTo="Filter" hash="35-46-0D-D3-14-FE-C4-A5-D6-DB-50-F6-F8-72-87-DC-7A-E7-67-5B">
      <ModulePath>C:\Program Files\dotnet\shared\Microsoft.NETCore.App\2.0.7\System.Runtime.Loader.dll</ModulePath>
      <ModuleTime>2018-04-06T16:34:46+02:00</ModuleTime>
      <ModuleName>System.Runtime.Loader</ModuleName>
      <Classes />
    </Module>
    <Module skippedDueTo="MissingPdb" hash="F7-33-68-C7-42-D2-4D-B5-0D-DE-26-A1-CA-D1-01-BA-2F-B9-6B-F0">
      <ModulePath>C:\Program Files\dotnet\sdk\2.1.201\SdkResolvers\NuGet.MSBuildSdkResolver\NuGet.MSBuildSdkResolver.dll</ModulePath>
      <ModuleTime>2018-05-16T12:20:28+02:00</ModuleTime>
      <ModuleName>NuGet.MSBuildSdkResolver</ModuleName>
      <Classes />
    </Module>
    <Module skippedDueTo="Filter" hash="46-69-94-50-9D-CB-13-BC-F7-99-74-DF-77-D5-7D-79-10-29-92-4C">
      <ModulePath>C:\Program Files\dotnet\shared\Microsoft.NETCore.App\2.0.7\System.Diagnostics.FileVersionInfo.dll</ModulePath>
      <ModuleTime>2018-04-06T16:34:42+02:00</ModuleTime>
      <ModuleName>System.Diagnostics.FileVersionInfo</ModuleName>
      <Classes />
    </Module>
    <Module skippedDueTo="Filter" hash="04-B6-55-D0-DA-93-51-F4-38-DF-BE-6C-9A-FC-DC-E6-06-30-B1-69">
      <ModulePath>C:\Program Files\dotnet\shared\Microsoft.NETCore.App\2.0.7\System.Collections.Immutable.dll</ModulePath>
      <ModuleTime>2018-04-06T16:34:42+02:00</ModuleTime>
      <ModuleName>System.Collections.Immutable</ModuleName>
      <Classes />
    </Module>
    <Module skippedDueTo="Filter" hash="2B-62-F7-CD-DE-BE-DC-3C-B8-A1-E0-97-F4-28-14-1D-62-43-48-32">
      <ModulePath>C:\Program Files\dotnet\shared\Microsoft.NETCore.App\2.0.7\System.Threading.Tasks.Parallel.dll</ModulePath>
      <ModuleTime>2018-04-06T16:34:46+02:00</ModuleTime>
      <ModuleName>System.Threading.Tasks.Parallel</ModuleName>
      <Classes />
    </Module>
    <Module skippedDueTo="MissingPdb" hash="99-B0-D1-80-DF-73-DE-11-22-E5-C4-78-F0-0D-C1-BC-BD-FE-FC-32">
      <ModulePath>C:\Program Files\dotnet\sdk\2.1.201\Microsoft.Build.Tasks.Core.dll</ModulePath>
      <ModuleTime>2018-05-16T12:18:32+02:00</ModuleTime>
      <ModuleName>Microsoft.Build.Tasks.Core</ModuleName>
      <Classes />
    </Module>
    <Module skippedDueTo="Filter" hash="8D-F1-16-3E-41-BA-8F-97-D3-0D-90-08-14-F4-05-4B-89-6E-40-ED">
      <ModulePath>C:\Program Files\dotnet\shared\Microsoft.NETCore.App\2.0.7\System.Threading.ThreadPool.dll</ModulePath>
      <ModuleTime>2018-04-06T16:34:46+02:00</ModuleTime>
      <ModuleName>System.Threading.ThreadPool</ModuleName>
      <Classes />
    </Module>
    <Module skippedDueTo="MissingPdb" hash="0E-AC-4A-E9-8A-DF-49-C3-65-85-53-01-B5-F0-32-42-CE-CD-EA-3C">
      <ModulePath>C:\Program Files\dotnet\sdk\2.1.201\NuGet.Build.Tasks.dll</ModulePath>
      <ModuleTime>2018-05-16T12:20:26+02:00</ModuleTime>
      <ModuleName>NuGet.Build.Tasks</ModuleName>
      <Classes />
    </Module>
    <Module skippedDueTo="MissingPdb" hash="A5-24-4B-F7-7C-B1-22-77-B9-75-A5-52-F8-49-5C-19-16-84-13-4E">
      <ModulePath>C:\Program Files\dotnet\sdk\2.1.201\NuGet.Commands.dll</ModulePath>
      <ModuleTime>2018-05-16T12:20:28+02:00</ModuleTime>
      <ModuleName>NuGet.Commands</ModuleName>
      <Classes />
    </Module>
    <Module skippedDueTo="MissingPdb" hash="A6-A3-78-DA-6F-66-01-04-FA-FC-54-91-D4-85-41-63-CC-30-B5-69">
      <ModulePath>C:\Program Files\dotnet\sdk\2.1.201\NuGet.Common.dll</ModulePath>
      <ModuleTime>2018-05-16T12:20:26+02:00</ModuleTime>
      <ModuleName>NuGet.Common</ModuleName>
      <Classes />
    </Module>
    <Module skippedDueTo="Filter" hash="D0-E5-55-FE-BF-E5-0E-19-EF-CD-0E-65-CD-BB-4B-B6-93-8B-94-D1">
      <ModulePath>C:\Program Files\dotnet\shared\Microsoft.NETCore.App\2.0.7\System.Collections.NonGeneric.dll</ModulePath>
      <ModuleTime>2018-04-06T16:34:42+02:00</ModuleTime>
      <ModuleName>System.Collections.NonGeneric</ModuleName>
      <Classes />
    </Module>
    <Module skippedDueTo="MissingPdb" hash="42-A8-DA-02-21-4F-83-0B-2F-F7-E1-F2-E6-42-CC-AE-62-36-60-47">
      <ModulePath>C:\Program Files\dotnet\shared\Microsoft.NETCore.App\2.0.7\Microsoft.Win32.Primitives.dll</ModulePath>
      <ModuleTime>2018-04-06T16:34:40+02:00</ModuleTime>
      <ModuleName>Microsoft.Win32.Primitives</ModuleName>
      <Classes />
    </Module>
    <Module skippedDueTo="Filter" hash="48-67-9D-E8-FD-F4-FF-C8-7F-03-2E-C8-84-33-FA-C2-F7-9A-88-88">
      <ModulePath>C:\Program Files\dotnet\shared\Microsoft.NETCore.App\2.0.7\System.ComponentModel.dll</ModulePath>
      <ModuleTime>2018-04-06T16:34:42+02:00</ModuleTime>
      <ModuleName>System.ComponentModel</ModuleName>
      <Classes />
    </Module>
    <Module skippedDueTo="MissingPdb" hash="96-CD-5A-01-A7-EE-EC-45-90-EC-09-F3-14-E6-5C-50-C9-69-C2-0F">
      <ModulePath>C:\Program Files\dotnet\sdk\2.1.201\Sdks\Microsoft.NET.Sdk\build\..\tools\netcoreapp1.0/Microsoft.NET.Build.Tasks.dll</ModulePath>
      <ModuleTime>2018-05-16T12:18:42+02:00</ModuleTime>
      <ModuleName>Microsoft.NET.Build.Tasks</ModuleName>
      <Classes />
    </Module>
    <Module skippedDueTo="MissingPdb" hash="D5-BE-74-D5-30-8A-F8-21-56-F8-15-F5-1C-4A-5B-18-93-70-9C-B8">
      <ModulePath>C:\Program Files\dotnet\sdk\2.1.201\NuGet.Configuration.dll</ModulePath>
      <ModuleTime>2018-05-16T12:20:36+02:00</ModuleTime>
      <ModuleName>NuGet.Configuration</ModuleName>
      <Classes />
    </Module>
    <Module skippedDueTo="Filter" hash="6F-F1-47-AB-D2-53-4C-7A-67-91-40-37-5D-1B-18-FF-24-80-2F-49">
      <ModulePath>C:\Program Files\dotnet\shared\Microsoft.NETCore.App\2.0.7\System.IO.dll</ModulePath>
      <ModuleTime>2018-04-06T16:34:44+02:00</ModuleTime>
      <ModuleName>System.IO</ModuleName>
      <Classes />
    </Module>
    <Module skippedDueTo="Filter" hash="2A-48-9E-7C-7A-3D-29-D8-E3-92-B8-FF-3F-40-BC-72-D2-C4-A1-9E">
      <ModulePath>C:\Program Files\dotnet\shared\Microsoft.NETCore.App\2.0.7\System.Text.Encoding.dll</ModulePath>
      <ModuleTime>2018-04-06T16:34:46+02:00</ModuleTime>
      <ModuleName>System.Text.Encoding</ModuleName>
      <Classes />
    </Module>
    <Module skippedDueTo="MissingPdb" hash="85-04-28-04-46-BF-67-60-23-71-6E-77-C7-5A-62-12-D4-02-1E-BE">
      <ModulePath>C:\Program Files\dotnet\sdk\2.1.201\NuGet.ProjectModel.dll</ModulePath>
      <ModuleTime>2018-05-16T12:20:38+02:00</ModuleTime>
      <ModuleName>NuGet.ProjectModel</ModuleName>
      <Classes />
    </Module>
    <Module skippedDueTo="MissingPdb" hash="9E-C3-7C-98-BD-5E-B9-02-22-32-EC-05-3C-E4-BA-8F-BA-BD-AD-4D">
      <ModulePath>C:\Program Files\dotnet\sdk\2.1.201\NuGet.Versioning.dll</ModulePath>
      <ModuleTime>2018-05-16T12:20:36+02:00</ModuleTime>
      <ModuleName>NuGet.Versioning</ModuleName>
      <Classes />
    </Module>
    <Module skippedDueTo="MissingPdb" hash="40-65-96-DD-A1-D5-9A-96-E5-15-84-75-3E-C0-4E-5D-CD-2D-CC-19">
      <ModulePath>C:\Program Files\dotnet\sdk\2.1.201\NuGet.Protocol.dll</ModulePath>
      <ModuleTime>2018-05-16T12:20:28+02:00</ModuleTime>
      <ModuleName>NuGet.Protocol</ModuleName>
      <Classes />
    </Module>
    <Module skippedDueTo="MissingPdb" hash="40-65-88-4F-AE-45-0D-AF-58-93-0F-9A-3B-E8-0D-00-CF-B7-CF-4F">
      <ModulePath>C:\Program Files\dotnet\sdk\2.1.201\NuGet.Packaging.dll</ModulePath>
      <ModuleTime>2018-05-16T12:20:28+02:00</ModuleTime>
      <ModuleName>NuGet.Packaging</ModuleName>
      <Classes />
    </Module>
    <Module skippedDueTo="MissingPdb" hash="4F-A1-60-8A-44-2C-95-6D-42-94-B0-0C-BA-1A-E0-89-45-01-28-61">
      <ModulePath>C:\Program Files\dotnet\sdk\2.1.201\NuGet.DependencyResolver.Core.dll</ModulePath>
      <ModuleTime>2018-05-16T12:20:26+02:00</ModuleTime>
      <ModuleName>NuGet.DependencyResolver.Core</ModuleName>
      <Classes />
    </Module>
    <Module skippedDueTo="MissingPdb" hash="CF-4B-46-36-72-6F-3B-FB-21-31-F8-32-FE-E4-89-95-82-DE-FA-A0">
      <ModulePath>C:\Program Files\dotnet\sdk\2.1.201\NuGet.Packaging.Core.dll</ModulePath>
      <ModuleTime>2018-05-16T12:20:36+02:00</ModuleTime>
      <ModuleName>NuGet.Packaging.Core</ModuleName>
      <Classes />
    </Module>
    <Module skippedDueTo="MissingPdb" hash="C9-8D-36-FB-0C-89-B9-1F-A3-7B-4D-B3-20-53-2A-6C-59-74-98-75">
      <ModulePath>C:\Program Files\dotnet\sdk\2.1.201\Newtonsoft.Json.dll</ModulePath>
      <ModuleTime>2018-05-16T12:20:50+02:00</ModuleTime>
      <ModuleName>Newtonsoft.Json</ModuleName>
      <Classes />
    </Module>
    <Module skippedDueTo="Filter" hash="2C-61-2F-55-A9-32-78-BC-A2-D4-FC-5D-F4-E0-C2-47-1D-EF-B9-E8">
      <ModulePath>C:\Program Files\dotnet\shared\Microsoft.NETCore.App\2.0.7\System.Dynamic.Runtime.dll</ModulePath>
      <ModuleTime>2018-04-06T16:34:42+02:00</ModuleTime>
      <ModuleName>System.Dynamic.Runtime</ModuleName>
      <Classes />
    </Module>
    <Module skippedDueTo="Filter" hash="DF-83-E2-C1-7F-AD-97-E2-9B-A0-CC-E7-95-07-BD-D5-0E-20-D6-00">
      <ModulePath>C:\Program Files\dotnet\shared\Microsoft.NETCore.App\2.0.7\System.Linq.Expressions.dll</ModulePath>
      <ModuleTime>2018-04-06T16:34:44+02:00</ModuleTime>
      <ModuleName>System.Linq.Expressions</ModuleName>
      <Classes />
    </Module>
    <Module skippedDueTo="MissingPdb" hash="59-21-B0-AF-6D-68-4F-F5-03-74-44-BE-15-C1-25-46-BA-D2-C4-02">
      <ModulePath>C:\Program Files\dotnet\sdk\2.1.201\NuGet.LibraryModel.dll</ModulePath>
      <ModuleTime>2018-05-16T12:20:26+02:00</ModuleTime>
      <ModuleName>NuGet.LibraryModel</ModuleName>
      <Classes />
    </Module>
    <Module skippedDueTo="Filter" hash="3B-CD-22-58-7A-C3-7E-1A-94-90-B2-85-2A-ED-37-B4-8F-79-51-57">
      <ModulePath>C:\Program Files\dotnet\shared\Microsoft.NETCore.App\2.0.7\System.Runtime.Serialization.Primitives.dll</ModulePath>
      <ModuleTime>2018-04-06T16:34:46+02:00</ModuleTime>
      <ModuleName>System.Runtime.Serialization.Primitives</ModuleName>
      <Classes />
    </Module>
    <Module skippedDueTo="MissingPdb" hash="19-A4-A7-EA-99-34-2A-29-44-EB-0F-52-66-2B-C7-7F-B9-2B-CE-8D">
      <ModulePath>C:\Program Files\dotnet\sdk\2.1.201\Microsoft.TestPlatform.Build.dll</ModulePath>
      <ModuleTime>2018-05-16T12:18:22+02:00</ModuleTime>
      <ModuleName>Microsoft.TestPlatform.Build</ModuleName>
      <Classes />
    </Module>
    <Module skippedDueTo="Filter" hash="82-1C-18-BD-CE-3F-97-28-90-69-1E-56-94-39-E3-73-3E-20-DA-41">
      <ModulePath>C:\Program Files\dotnet\shared\Microsoft.NETCore.App\2.0.7\System.Diagnostics.Tools.dll</ModulePath>
      <ModuleTime>2018-04-06T16:34:42+02:00</ModuleTime>
      <ModuleName>System.Diagnostics.Tools</ModuleName>
      <Classes />
    </Module>
    <Module skippedDueTo="Filter" hash="67-7A-21-E4-50-15-94-7B-EC-EE-53-EA-50-95-06-E9-6E-CE-14-BD">
      <ModulePath>C:\Program Files\dotnet\shared\Microsoft.NETCore.App\2.0.7\System.Diagnostics.Debug.dll</ModulePath>
      <ModuleTime>2018-04-06T16:34:42+02:00</ModuleTime>
      <ModuleName>System.Diagnostics.Debug</ModuleName>
      <Classes />
    </Module>
    <Module skippedDueTo="Filter" hash="FE-91-B8-5B-30-F6-AC-83-2A-24-43-27-DE-86-C5-D1-CE-1C-AA-0E">
      <ModulePath>C:\Program Files\dotnet\shared\Microsoft.NETCore.App\2.0.7\System.IO.Compression.dll</ModulePath>
      <ModuleTime>2018-04-06T16:34:44+02:00</ModuleTime>
      <ModuleName>System.IO.Compression</ModuleName>
      <Classes />
    </Module>
    <Module skippedDueTo="Filter" hash="46-1C-FA-51-0F-16-EF-68-A0-48-80-DE-2E-52-63-A8-98-F6-68-92">
      <ModulePath>C:\Program Files\dotnet\shared\Microsoft.NETCore.App\2.0.7\System.Buffers.dll</ModulePath>
      <ModuleTime>2018-04-06T16:34:40+02:00</ModuleTime>
      <ModuleName>System.Buffers</ModuleName>
      <Classes />
    </Module>
    <Module skippedDueTo="Filter" hash="B4-29-7B-40-70-6D-4E-0A-42-C1-F8-72-7B-F8-77-19-2D-BD-92-B8">
      <ModulePath>C:\Program Files\dotnet\shared\Microsoft.NETCore.App\2.0.7\System.Net.Http.dll</ModulePath>
      <ModuleTime>2018-04-06T16:34:44+02:00</ModuleTime>
      <ModuleName>System.Net.Http</ModuleName>
      <Classes />
    </Module>
    <Module skippedDueTo="Filter" hash="54-2F-B7-8C-DA-61-2E-A8-70-A8-79-C2-44-6C-58-EF-AB-2F-F1-16">
      <ModulePath>C:\Program Files\dotnet\shared\Microsoft.NETCore.App\2.0.7\System.Net.Primitives.dll</ModulePath>
      <ModuleTime>2018-04-06T16:34:44+02:00</ModuleTime>
      <ModuleName>System.Net.Primitives</ModuleName>
      <Classes />
    </Module>
    <Module skippedDueTo="Filter" hash="CF-35-23-87-C7-48-C1-C5-9D-49-94-25-75-E2-BF-5F-3C-1D-EC-1C">
      <ModulePath>C:\Program Files\dotnet\shared\Microsoft.NETCore.App\2.0.7\System.Diagnostics.DiagnosticSource.dll</ModulePath>
      <ModuleTime>2018-04-06T16:34:42+02:00</ModuleTime>
      <ModuleName>System.Diagnostics.DiagnosticSource</ModuleName>
      <Classes />
    </Module>
    <Module skippedDueTo="Filter" hash="8D-1E-F7-AB-F1-06-77-A6-40-55-E2-7D-C3-DA-12-30-41-0E-5C-65">
      <ModulePath>C:\Program Files\dotnet\shared\Microsoft.NETCore.App\2.0.7\System.Security.Cryptography.X509Certificates.dll</ModulePath>
      <ModuleTime>2018-04-06T16:34:46+02:00</ModuleTime>
      <ModuleName>System.Security.Cryptography.X509Certificates</ModuleName>
      <Classes />
    </Module>
    <Module skippedDueTo="Filter" hash="77-AD-EA-C6-B2-71-13-9D-63-2C-A1-11-35-5D-E5-4D-44-51-98-D1">
      <ModulePath>C:\Program Files\dotnet\shared\Microsoft.NETCore.App\2.0.7\System.Runtime.Serialization.Formatters.dll</ModulePath>
      <ModuleTime>2018-04-06T16:34:46+02:00</ModuleTime>
      <ModuleName>System.Runtime.Serialization.Formatters</ModuleName>
      <Classes />
    </Module>
    <Module skippedDueTo="Filter" hash="86-52-7D-D4-25-CE-4F-AB-94-80-A3-9C-20-31-12-1B-04-CD-92-A5">
      <ModulePath>C:\Program Files\dotnet\shared\Microsoft.NETCore.App\2.0.7\mscorlib.dll</ModulePath>
      <ModuleTime>2018-04-06T16:34:40+02:00</ModuleTime>
      <ModuleName>mscorlib</ModuleName>
      <Classes />
    </Module>
    <Module skippedDueTo="Filter" hash="87-4E-5B-B6-24-FC-F6-3F-FC-11-80-EE-9B-5A-C7-C4-BF-9A-73-88">
      <ModulePath>C:\Program Files\dotnet\shared\Microsoft.NETCore.App\2.0.7\System.Core.dll</ModulePath>
      <ModuleTime>2018-04-06T16:34:42+02:00</ModuleTime>
      <ModuleName>System.Core</ModuleName>
      <Classes />
    </Module>
    <Module skippedDueTo="Filter" hash="7A-12-44-4C-03-EF-B7-40-FF-11-A3-CE-CF-56-79-68-30-CA-6C-1B">
      <ModulePath>C:\Program Files\dotnet\shared\Microsoft.NETCore.App\2.0.7\System.Reflection.Metadata.dll</ModulePath>
      <ModuleTime>2018-04-06T16:34:46+02:00</ModuleTime>
      <ModuleName>System.Reflection.Metadata</ModuleName>
      <Classes />
    </Module>
    <Module skippedDueTo="Filter" hash="CC-40-50-FB-3C-43-C3-EE-5F-11-0F-A9-44-D0-53-E4-A4-FD-CD-8D">
      <ModulePath>C:\Program Files\dotnet\shared\Microsoft.NETCore.App\2.0.7\System.IO.MemoryMappedFiles.dll</ModulePath>
      <ModuleTime>2018-04-06T16:34:44+02:00</ModuleTime>
      <ModuleName>System.IO.MemoryMappedFiles</ModuleName>
      <Classes />
    </Module>
    <Module skippedDueTo="Filter" hash="CA-72-7D-28-BC-0B-40-56-77-FE-1A-07-BD-F9-CC-18-8A-58-5E-9F">
      <ModulePath>C:\Program Files\dotnet\shared\Microsoft.NETCore.App\2.0.7\System.Private.CoreLib.dll</ModulePath>
      <ModuleTime>2018-04-06T16:34:46+02:00</ModuleTime>
      <ModuleName>System.Private.CoreLib</ModuleName>
      <Classes />
    </Module>
    <Module skippedDueTo="MissingPdb" hash="AE-8E-6C-9B-B0-C7-51-78-DA-7D-EB-F4-20-FE-15-8E-B5-A3-6F-71">
      <ModulePath>C:\Program Files\dotnet\sdk\2.1.201\vstest.console.dll</ModulePath>
      <ModuleTime>2018-05-16T12:20:46+02:00</ModuleTime>
      <ModuleName>vstest.console</ModuleName>
      <Classes />
    </Module>
    <Module skippedDueTo="Filter" hash="4F-FB-D5-0C-6F-D3-45-4A-F5-74-3B-94-FC-D3-17-CB-58-10-B2-4E">
      <ModulePath>C:\Program Files\dotnet\shared\Microsoft.NETCore.App\2.0.7\System.Runtime.dll</ModulePath>
      <ModuleTime>2018-04-06T16:34:46+02:00</ModuleTime>
      <ModuleName>System.Runtime</ModuleName>
      <Classes />
    </Module>
    <Module skippedDueTo="Filter" hash="52-60-00-2F-A7-AD-D0-AE-62-97-1D-38-7C-E9-A2-DE-00-14-91-C9">
      <ModulePath>C:\Program Files\dotnet\shared\Microsoft.NETCore.App\2.0.7\System.Diagnostics.Process.dll</ModulePath>
      <ModuleTime>2018-04-06T16:34:42+02:00</ModuleTime>
      <ModuleName>System.Diagnostics.Process</ModuleName>
      <Classes />
    </Module>
    <Module skippedDueTo="Filter" hash="61-DA-70-F0-98-C4-6A-E6-69-E4-1A-B1-28-24-D2-9B-33-05-B9-93">
      <ModulePath>C:\Program Files\dotnet\shared\Microsoft.NETCore.App\2.0.7\System.ComponentModel.Primitives.dll</ModulePath>
      <ModuleTime>2018-04-06T16:34:42+02:00</ModuleTime>
      <ModuleName>System.ComponentModel.Primitives</ModuleName>
      <Classes />
    </Module>
    <Module skippedDueTo="Filter" hash="87-BE-9F-41-DB-E9-E1-81-8F-C2-0F-2B-CE-25-63-CB-FE-00-32-DC">
      <ModulePath>C:\Program Files\dotnet\shared\Microsoft.NETCore.App\2.0.7\System.Runtime.Extensions.dll</ModulePath>
      <ModuleTime>2018-04-06T16:34:46+02:00</ModuleTime>
      <ModuleName>System.Runtime.Extensions</ModuleName>
      <Classes />
    </Module>
    <Module skippedDueTo="MissingPdb" hash="3F-38-8A-65-63-1B-70-11-58-B8-35-4A-2B-98-C2-01-75-44-F4-78">
      <ModulePath>C:\Program Files\dotnet\sdk\2.1.201\Microsoft.TestPlatform.CoreUtilities.dll</ModulePath>
      <ModuleTime>2018-05-16T12:18:12+02:00</ModuleTime>
      <ModuleName>Microsoft.TestPlatform.CoreUtilities</ModuleName>
      <Classes />
    </Module>
    <Module skippedDueTo="Filter" hash="67-7A-21-E4-50-15-94-7B-EC-EE-53-EA-50-95-06-E9-6E-CE-14-BD">
      <ModulePath>C:\Program Files\dotnet\shared\Microsoft.NETCore.App\2.0.7\System.Diagnostics.Debug.dll</ModulePath>
      <ModuleTime>2018-04-06T16:34:42+02:00</ModuleTime>
      <ModuleName>System.Diagnostics.Debug</ModuleName>
      <Classes />
    </Module>
    <Module skippedDueTo="Filter" hash="C9-34-09-1E-28-4B-74-2F-0E-1B-F7-9F-DB-98-70-68-37-01-76-F6">
      <ModulePath>C:\Program Files\dotnet\shared\Microsoft.NETCore.App\2.0.7\System.Threading.Thread.dll</ModulePath>
      <ModuleTime>2018-04-06T16:34:46+02:00</ModuleTime>
      <ModuleName>System.Threading.Thread</ModuleName>
      <Classes />
    </Module>
    <Module skippedDueTo="Filter" hash="B3-1E-F0-A9-39-19-0C-7A-27-DE-3E-2F-52-73-81-0F-25-78-13-19">
      <ModulePath>C:\Program Files\dotnet\shared\Microsoft.NETCore.App\2.0.7\System.Threading.dll</ModulePath>
      <ModuleTime>2018-04-06T16:34:46+02:00</ModuleTime>
      <ModuleName>System.Threading</ModuleName>
      <Classes />
    </Module>
    <Module skippedDueTo="Filter" hash="70-B0-61-52-82-37-04-F1-3C-EC-FF-FB-CF-01-B1-29-03-B7-9E-09">
      <ModulePath>C:\Program Files\dotnet\shared\Microsoft.NETCore.App\2.0.7\System.Console.dll</ModulePath>
      <ModuleTime>2018-04-06T16:34:42+02:00</ModuleTime>
      <ModuleName>System.Console</ModuleName>
      <Classes />
    </Module>
    <Module skippedDueTo="Filter" hash="6F-F1-47-AB-D2-53-4C-7A-67-91-40-37-5D-1B-18-FF-24-80-2F-49">
      <ModulePath>C:\Program Files\dotnet\shared\Microsoft.NETCore.App\2.0.7\System.IO.dll</ModulePath>
      <ModuleTime>2018-04-06T16:34:44+02:00</ModuleTime>
      <ModuleName>System.IO</ModuleName>
      <Classes />
    </Module>
    <Module skippedDueTo="Filter" hash="CB-9E-1D-50-7C-A0-F4-A4-6D-E4-95-5C-A6-8C-F1-27-80-17-97-A1">
      <ModulePath>C:\Program Files\dotnet\shared\Microsoft.NETCore.App\2.0.7\System.Text.Encoding.Extensions.dll</ModulePath>
      <ModuleTime>2018-04-06T16:34:46+02:00</ModuleTime>
      <ModuleName>System.Text.Encoding.Extensions</ModuleName>
      <Classes />
    </Module>
    <Module skippedDueTo="Filter" hash="BA-0A-B8-91-27-FD-E5-40-70-97-4A-8B-F2-71-DC-1D-4C-36-7B-F2">
      <ModulePath>C:\Program Files\dotnet\shared\Microsoft.NETCore.App\2.0.7\System.Diagnostics.Tracing.dll</ModulePath>
      <ModuleTime>2018-04-06T16:34:42+02:00</ModuleTime>
      <ModuleName>System.Diagnostics.Tracing</ModuleName>
      <Classes />
    </Module>
    <Module skippedDueTo="Filter" hash="51-13-89-0B-AF-A1-DE-FD-81-1E-1B-E1-C9-30-61-12-20-A4-88-81">
      <ModulePath>C:\Program Files\dotnet\shared\Microsoft.NETCore.App\2.0.7\System.Collections.dll</ModulePath>
      <ModuleTime>2018-04-06T16:34:42+02:00</ModuleTime>
      <ModuleName>System.Collections</ModuleName>
      <Classes />
    </Module>
    <Module skippedDueTo="MissingPdb" hash="B0-53-50-F0-44-C9-1F-1B-F0-82-DE-17-D3-A5-E8-5B-62-D5-29-BE">
      <ModulePath>C:\Program Files\dotnet\sdk\2.1.201\Microsoft.VisualStudio.TestPlatform.ObjectModel.dll</ModulePath>
      <ModuleTime>2018-05-16T12:18:20+02:00</ModuleTime>
      <ModuleName>Microsoft.VisualStudio.TestPlatform.ObjectModel</ModuleName>
      <Classes />
    </Module>
    <Module skippedDueTo="MissingPdb" hash="25-B8-A6-6A-C9-39-B1-C7-43-6D-72-EC-61-03-02-AE-84-EE-C5-5E">
      <ModulePath>C:\Program Files\dotnet\sdk\2.1.201\Microsoft.VisualStudio.TestPlatform.Client.dll</ModulePath>
      <ModuleTime>2018-05-16T12:18:18+02:00</ModuleTime>
      <ModuleName>Microsoft.VisualStudio.TestPlatform.Client</ModuleName>
      <Classes />
    </Module>
    <Module skippedDueTo="MissingPdb" hash="A0-F5-B4-BB-80-0E-60-17-E8-28-72-C3-3C-23-04-4B-BF-68-D3-33">
      <ModulePath>C:\Program Files\dotnet\sdk\2.1.201\Microsoft.VisualStudio.TestPlatform.Common.dll</ModulePath>
      <ModuleTime>2018-05-16T12:18:22+02:00</ModuleTime>
      <ModuleName>Microsoft.VisualStudio.TestPlatform.Common</ModuleName>
      <Classes />
    </Module>
    <Module skippedDueTo="Filter" hash="08-9B-8E-53-14-4A-E7-BF-55-90-25-B4-6A-83-E1-66-C3-C2-9D-19">
      <ModulePath>C:\Program Files\dotnet\shared\Microsoft.NETCore.App\2.0.7\System.Linq.dll</ModulePath>
      <ModuleTime>2018-04-06T16:34:44+02:00</ModuleTime>
      <ModuleName>System.Linq</ModuleName>
      <Classes />
    </Module>
    <Module skippedDueTo="Filter" hash="C7-51-BB-6F-FF-2B-8C-A5-53-CB-D3-8C-D3-B7-D5-E1-DC-F6-72-4C">
      <ModulePath>C:\Program Files\dotnet\shared\Microsoft.NETCore.App\2.0.7\System.Runtime.InteropServices.dll</ModulePath>
      <ModuleTime>2018-04-06T16:34:46+02:00</ModuleTime>
      <ModuleName>System.Runtime.InteropServices</ModuleName>
      <Classes />
    </Module>
    <Module skippedDueTo="Filter" hash="42-D7-A5-B1-4A-37-BE-7D-A3-3A-9F-1B-69-17-E1-B3-5D-C7-52-56">
      <ModulePath>C:\Program Files\dotnet\shared\Microsoft.NETCore.App\2.0.7\System.Resources.ResourceManager.dll</ModulePath>
      <ModuleTime>2018-04-06T16:34:46+02:00</ModuleTime>
      <ModuleName>System.Resources.ResourceManager</ModuleName>
      <Classes />
    </Module>
    <Module skippedDueTo="Filter" hash="77-96-31-F0-CF-D4-3E-FC-4C-DD-D5-57-CE-F5-B3-91-B1-67-09-50">
      <ModulePath>C:\Program Files\dotnet\shared\Microsoft.NETCore.App\2.0.7\System.IO.FileSystem.Primitives.dll</ModulePath>
      <ModuleTime>2018-04-06T16:34:44+02:00</ModuleTime>
      <ModuleName>System.IO.FileSystem.Primitives</ModuleName>
      <Classes />
    </Module>
    <Module skippedDueTo="Filter" hash="56-FD-79-28-EE-75-9D-C5-BB-7F-F8-7F-2D-BC-4B-A1-50-2E-B8-F0">
      <ModulePath>C:\Program Files\dotnet\shared\Microsoft.NETCore.App\2.0.7\System.IO.FileSystem.dll</ModulePath>
      <ModuleTime>2018-04-06T16:34:44+02:00</ModuleTime>
      <ModuleName>System.IO.FileSystem</ModuleName>
      <Classes />
    </Module>
    <Module skippedDueTo="Filter" hash="1A-2C-7E-E7-3A-96-0C-AA-45-73-B1-94-1D-0B-B6-FD-BD-C0-B7-5E">
      <ModulePath>C:\Program Files\dotnet\shared\Microsoft.NETCore.App\2.0.7\System.Xml.ReaderWriter.dll</ModulePath>
      <ModuleTime>2018-04-06T16:34:46+02:00</ModuleTime>
      <ModuleName>System.Xml.ReaderWriter</ModuleName>
      <Classes />
    </Module>
    <Module skippedDueTo="Filter" hash="3C-85-EC-4E-26-6C-2C-5E-1D-9D-56-C9-24-23-D7-4D-40-FC-D9-4E">
      <ModulePath>C:\Program Files\dotnet\shared\Microsoft.NETCore.App\2.0.7\System.Private.Xml.dll</ModulePath>
      <ModuleTime>2018-04-06T16:34:44+02:00</ModuleTime>
      <ModuleName>System.Private.Xml</ModuleName>
      <Classes />
    </Module>
    <Module skippedDueTo="MissingPdb" hash="88-F0-62-75-3F-7D-BD-5F-6F-3E-5D-14-7B-8D-94-66-F0-8C-2C-A9">
      <ModulePath>C:\Program Files\dotnet\sdk\2.1.201\Microsoft.TestPlatform.PlatformAbstractions.dll</ModulePath>
      <ModuleTime>2018-05-16T12:18:12+02:00</ModuleTime>
      <ModuleName>Microsoft.TestPlatform.PlatformAbstractions</ModuleName>
      <Classes />
    </Module>
    <Module skippedDueTo="Filter" hash="B8-A7-94-76-CA-36-61-96-B7-74-18-0E-AD-00-71-67-0E-53-C3-CF">
      <ModulePath>C:\Program Files\dotnet\shared\Microsoft.NETCore.App\2.0.7\System.Xml.XmlDocument.dll</ModulePath>
      <ModuleTime>2018-04-06T16:34:46+02:00</ModuleTime>
      <ModuleName>System.Xml.XmlDocument</ModuleName>
      <Classes />
    </Module>
    <Module skippedDueTo="MissingPdb" hash="93-93-71-A6-A2-C5-5A-52-65-94-1C-0C-34-42-4F-5A-13-9A-FA-E5">
      <ModulePath>C:\Program Files\dotnet\sdk\2.1.201\Microsoft.TestPlatform.Utilities.dll</ModulePath>
      <ModuleTime>2018-05-16T12:18:18+02:00</ModuleTime>
      <ModuleName>Microsoft.TestPlatform.Utilities</ModuleName>
      <Classes />
    </Module>
    <Module skippedDueTo="Filter" hash="91-24-2C-61-46-15-A1-CF-99-0C-83-A1-49-8E-70-4C-1C-75-9B-F0">
      <ModulePath>C:\Program Files\dotnet\shared\Microsoft.NETCore.App\2.0.7\System.Runtime.InteropServices.RuntimeInformation.dll</ModulePath>
      <ModuleTime>2018-04-06T16:34:46+02:00</ModuleTime>
      <ModuleName>System.Runtime.InteropServices.RuntimeInformation</ModuleName>
      <Classes />
    </Module>
    <Module skippedDueTo="Filter" hash="CC-3E-E7-30-DF-F8-AA-99-0F-44-7B-97-B1-5F-5F-26-5D-85-38-B1">
      <ModulePath>C:\Program Files\dotnet\shared\Microsoft.NETCore.App\2.0.7\System.Private.Uri.dll</ModulePath>
      <ModuleTime>2018-04-06T16:34:44+02:00</ModuleTime>
      <ModuleName>System.Private.Uri</ModuleName>
      <Classes />
    </Module>
    <Module skippedDueTo="Filter" hash="68-F2-95-3D-E2-10-36-2F-63-0D-C2-0B-31-EA-93-15-26-12-4F-8C">
      <ModulePath>C:\Program Files\dotnet\sdk\2.1.201\System.Xml.XPath.XmlDocument.dll</ModulePath>
      <ModuleTime>2018-05-16T12:09:08+02:00</ModuleTime>
      <ModuleName>System.Xml.XPath.XmlDocument</ModuleName>
      <Classes />
    </Module>
    <Module skippedDueTo="Filter" hash="E4-DF-2E-F7-D8-08-D2-30-CF-F4-5E-A3-94-2C-03-FE-85-A1-E1-F3">
      <ModulePath>C:\Program Files\dotnet\shared\Microsoft.NETCore.App\2.0.7\System.Xml.XPath.dll</ModulePath>
      <ModuleTime>2018-04-06T16:34:46+02:00</ModuleTime>
      <ModuleName>System.Xml.XPath</ModuleName>
      <Classes />
    </Module>
    <Module skippedDueTo="Filter" hash="4B-65-FB-AA-D7-3E-5E-CF-68-AB-15-D1-BB-2F-6D-D9-90-23-33-0C">
      <ModulePath>C:\Program Files\dotnet\shared\Microsoft.NETCore.App\2.0.7\System.Globalization.dll</ModulePath>
      <ModuleTime>2018-04-06T16:34:42+02:00</ModuleTime>
      <ModuleName>System.Globalization</ModuleName>
      <Classes />
    </Module>
    <Module skippedDueTo="Filter" hash="5E-03-F1-54-D2-5B-64-7D-92-B7-E5-20-67-63-D8-68-33-C6-06-74">
      <ModulePath>C:\Program Files\dotnet\shared\Microsoft.NETCore.App\2.0.7\System.Diagnostics.TraceSource.dll</ModulePath>
      <ModuleTime>2018-04-06T16:34:42+02:00</ModuleTime>
      <ModuleName>System.Diagnostics.TraceSource</ModuleName>
      <Classes />
    </Module>
    <Module skippedDueTo="Filter" hash="D0-E5-55-FE-BF-E5-0E-19-EF-CD-0E-65-CD-BB-4B-B6-93-8B-94-D1">
      <ModulePath>C:\Program Files\dotnet\shared\Microsoft.NETCore.App\2.0.7\System.Collections.NonGeneric.dll</ModulePath>
      <ModuleTime>2018-04-06T16:34:42+02:00</ModuleTime>
      <ModuleName>System.Collections.NonGeneric</ModuleName>
      <Classes />
    </Module>
    <Module skippedDueTo="MissingPdb" hash="39-34-DF-94-58-4F-79-39-F3-EE-E3-54-1C-0E-9B-03-41-B5-4B-CE">
      <ModulePath>C:\Program Files\dotnet\sdk\2.1.201\Microsoft.TestPlatform.CrossPlatEngine.dll</ModulePath>
      <ModuleTime>2018-05-16T12:18:28+02:00</ModuleTime>
      <ModuleName>Microsoft.TestPlatform.CrossPlatEngine</ModuleName>
      <Classes />
    </Module>
    <Module skippedDueTo="Filter" hash="63-D8-4C-73-BD-A7-01-28-CF-0F-2A-E5-2D-BE-76-16-C5-90-BD-FC">
      <ModulePath>C:\Program Files\dotnet\shared\Microsoft.NETCore.App\2.0.7\System.Reflection.dll</ModulePath>
      <ModuleTime>2018-04-06T16:34:46+02:00</ModuleTime>
      <ModuleName>System.Reflection</ModuleName>
      <Classes />
    </Module>
    <Module skippedDueTo="Filter" hash="05-06-E9-7D-8F-4F-EF-A5-6F-4C-F2-0D-9A-6E-D2-3B-5D-7F-4C-7D">
      <ModulePath>C:\Program Files\dotnet\shared\Microsoft.NETCore.App\2.0.7\System.Threading.Tasks.dll</ModulePath>
      <ModuleTime>2018-04-06T16:34:46+02:00</ModuleTime>
      <ModuleName>System.Threading.Tasks</ModuleName>
      <Classes />
    </Module>
    <Module skippedDueTo="Filter" hash="35-46-0D-D3-14-FE-C4-A5-D6-DB-50-F6-F8-72-87-DC-7A-E7-67-5B">
      <ModulePath>C:\Program Files\dotnet\shared\Microsoft.NETCore.App\2.0.7\System.Runtime.Loader.dll</ModulePath>
      <ModuleTime>2018-04-06T16:34:46+02:00</ModuleTime>
      <ModuleName>System.Runtime.Loader</ModuleName>
      <Classes />
    </Module>
    <Module skippedDueTo="MissingPdb" hash="2C-23-77-D8-87-45-3D-54-38-CD-1A-32-CE-0F-21-95-D4-2C-95-28">
      <ModulePath>C:\Program Files\dotnet\sdk\2.1.201\Extensions\Microsoft.TestPlatform.Extensions.BlameDataCollector.dll</ModulePath>
      <ModuleTime>2018-05-16T12:09:18+02:00</ModuleTime>
      <ModuleName>Microsoft.TestPlatform.Extensions.BlameDataCollector</ModuleName>
      <Classes />
    </Module>
    <Module skippedDueTo="Filter" hash="89-B7-DB-2E-0C-DA-EF-14-66-B0-34-5C-D7-C1-4E-83-58-02-E8-8F">
      <ModulePath>C:\Program Files\dotnet\shared\Microsoft.NETCore.App\2.0.7\System.Reflection.TypeExtensions.dll</ModulePath>
      <ModuleTime>2018-04-06T16:34:46+02:00</ModuleTime>
      <ModuleName>System.Reflection.TypeExtensions</ModuleName>
      <Classes />
    </Module>
    <Module skippedDueTo="MissingPdb" hash="B8-A8-BA-B3-DA-E8-4B-A2-7D-5B-8D-D2-B6-13-C1-4F-94-76-76-3A">
      <ModulePath>C:\Program Files\dotnet\sdk\2.1.201\Extensions\Microsoft.TestPlatform.Extensions.EventLogCollector.dll</ModulePath>
      <ModuleTime>2018-05-16T12:11:48+02:00</ModuleTime>
      <ModuleName>Microsoft.TestPlatform.Extensions.EventLogCollector</ModuleName>
      <Classes />
    </Module>
    <Module skippedDueTo="Filter" hash="86-52-7D-D4-25-CE-4F-AB-94-80-A3-9C-20-31-12-1B-04-CD-92-A5">
      <ModulePath>C:\Program Files\dotnet\shared\Microsoft.NETCore.App\2.0.7\mscorlib.dll</ModulePath>
      <ModuleTime>2018-04-06T16:34:40+02:00</ModuleTime>
      <ModuleName>mscorlib</ModuleName>
      <Classes />
    </Module>
    <Module skippedDueTo="Filter" hash="13-FC-5E-F2-2A-24-6D-70-B7-F7-15-6E-A5-BC-41-60-E5-EF-CE-B6">
      <ModulePath>C:\Program Files\dotnet\shared\Microsoft.NETCore.App\2.0.7\System.Xml.dll</ModulePath>
      <ModuleTime>2018-04-06T16:34:46+02:00</ModuleTime>
      <ModuleName>System.Xml</ModuleName>
      <Classes />
    </Module>
    <Module skippedDueTo="MissingPdb" hash="32-0C-76-EA-29-61-24-82-A6-F4-84-DA-58-2C-29-3B-DB-E6-71-EE">
      <ModulePath>C:\Program Files\dotnet\sdk\2.1.201\Extensions\Microsoft.TestPlatform.TestHostRuntimeProvider.dll</ModulePath>
      <ModuleTime>2018-05-16T12:10:32+02:00</ModuleTime>
      <ModuleName>Microsoft.TestPlatform.TestHostRuntimeProvider</ModuleName>
      <Classes />
    </Module>
    <Module skippedDueTo="Filter" hash="3B-36-24-86-F5-DF-E5-C4-6E-11-56-D8-FC-FF-07-D0-3D-32-C0-F1">
      <ModulePath>C:\Program Files\dotnet\shared\Microsoft.NETCore.App\2.0.7\System.Reflection.Extensions.dll</ModulePath>
      <ModuleTime>2018-04-06T16:34:46+02:00</ModuleTime>
      <ModuleName>System.Reflection.Extensions</ModuleName>
      <Classes />
    </Module>
    <Module skippedDueTo="MissingPdb" hash="2A-5A-F8-C2-27-9A-AF-90-DD-39-07-33-BF-92-25-74-BE-92-46-63">
      <ModulePath>C:\Program Files\dotnet\sdk\2.1.201\Extensions\Microsoft.VisualStudio.TestPlatform.Extensions.Trx.TestLogger.dll</ModulePath>
      <ModuleTime>2018-05-16T12:12:52+02:00</ModuleTime>
      <ModuleName>Microsoft.VisualStudio.TestPlatform.Extensions.Trx.TestLogger</ModuleName>
      <Classes />
    </Module>
    <Module skippedDueTo="Filter" hash="7A-12-44-4C-03-EF-B7-40-FF-11-A3-CE-CF-56-79-68-30-CA-6C-1B">
      <ModulePath>C:\Program Files\dotnet\shared\Microsoft.NETCore.App\2.0.7\System.Reflection.Metadata.dll</ModulePath>
      <ModuleTime>2018-04-06T16:34:46+02:00</ModuleTime>
      <ModuleName>System.Reflection.Metadata</ModuleName>
      <Classes />
    </Module>
    <Module skippedDueTo="Filter" hash="04-B6-55-D0-DA-93-51-F4-38-DF-BE-6C-9A-FC-DC-E6-06-30-B1-69">
      <ModulePath>C:\Program Files\dotnet\shared\Microsoft.NETCore.App\2.0.7\System.Collections.Immutable.dll</ModulePath>
      <ModuleTime>2018-04-06T16:34:42+02:00</ModuleTime>
      <ModuleName>System.Collections.Immutable</ModuleName>
      <Classes />
    </Module>
    <Module skippedDueTo="Filter" hash="B0-F3-57-04-5F-5A-0C-DB-1D-D5-86-9C-BE-8E-2B-54-DF-31-85-60">
      <ModulePath>C:\Program Files\dotnet\shared\Microsoft.NETCore.App\2.0.7\System.Collections.Concurrent.dll</ModulePath>
      <ModuleTime>2018-04-06T16:34:40+02:00</ModuleTime>
      <ModuleName>System.Collections.Concurrent</ModuleName>
      <Classes />
    </Module>
    <Module skippedDueTo="MissingPdb" hash="42-A8-DA-02-21-4F-83-0B-2F-F7-E1-F2-E6-42-CC-AE-62-36-60-47">
      <ModulePath>C:\Program Files\dotnet\shared\Microsoft.NETCore.App\2.0.7\Microsoft.Win32.Primitives.dll</ModulePath>
      <ModuleTime>2018-04-06T16:34:40+02:00</ModuleTime>
      <ModuleName>Microsoft.Win32.Primitives</ModuleName>
      <Classes />
    </Module>
    <Module skippedDueTo="MissingPdb" hash="72-CB-5B-A5-B6-C0-6B-D4-BE-C0-7A-FE-5B-E3-2A-2F-7D-45-9F-A2">
      <ModulePath>C:\Program Files\dotnet\sdk\2.1.201\Microsoft.TestPlatform.CommunicationUtilities.dll</ModulePath>
      <ModuleTime>2018-05-16T12:18:18+02:00</ModuleTime>
      <ModuleName>Microsoft.TestPlatform.CommunicationUtilities</ModuleName>
      <Classes />
    </Module>
    <Module skippedDueTo="MissingPdb" hash="C9-8D-36-FB-0C-89-B9-1F-A3-7B-4D-B3-20-53-2A-6C-59-74-98-75">
      <ModulePath>C:\Program Files\dotnet\sdk\2.1.201\Newtonsoft.Json.dll</ModulePath>
      <ModuleTime>2018-05-16T12:20:50+02:00</ModuleTime>
      <ModuleName>Newtonsoft.Json</ModuleName>
      <Classes />
    </Module>
    <Module skippedDueTo="Filter" hash="3B-CD-22-58-7A-C3-7E-1A-94-90-B2-85-2A-ED-37-B4-8F-79-51-57">
      <ModulePath>C:\Program Files\dotnet\shared\Microsoft.NETCore.App\2.0.7\System.Runtime.Serialization.Primitives.dll</ModulePath>
      <ModuleTime>2018-04-06T16:34:46+02:00</ModuleTime>
      <ModuleName>System.Runtime.Serialization.Primitives</ModuleName>
      <Classes />
    </Module>
    <Module skippedDueTo="Filter" hash="8B-F4-2A-50-15-1E-14-1C-6E-6A-99-D4-8D-6C-44-FC-54-2F-E3-41">
      <ModulePath>C:\Program Files\dotnet\shared\Microsoft.NETCore.App\2.0.7\System.Threading.Timer.dll</ModulePath>
      <ModuleTime>2018-04-06T16:34:46+02:00</ModuleTime>
      <ModuleName>System.Threading.Timer</ModuleName>
      <Classes />
    </Module>
    <Module skippedDueTo="Filter" hash="54-2F-B7-8C-DA-61-2E-A8-70-A8-79-C2-44-6C-58-EF-AB-2F-F1-16">
      <ModulePath>C:\Program Files\dotnet\shared\Microsoft.NETCore.App\2.0.7\System.Net.Primitives.dll</ModulePath>
      <ModuleTime>2018-04-06T16:34:44+02:00</ModuleTime>
      <ModuleName>System.Net.Primitives</ModuleName>
      <Classes />
    </Module>
    <Module skippedDueTo="Filter" hash="54-A3-4E-45-DB-6A-73-65-7A-60-60-5A-6C-C8-80-42-A6-A6-71-3B">
      <ModulePath>C:\Program Files\dotnet\shared\Microsoft.NETCore.App\2.0.7\System.Net.Sockets.dll</ModulePath>
      <ModuleTime>2018-04-06T16:34:44+02:00</ModuleTime>
      <ModuleName>System.Net.Sockets</ModuleName>
      <Classes />
    </Module>
    <Module skippedDueTo="Filter" hash="A9-42-98-4F-75-A8-EA-1C-7C-CA-FE-FD-2F-0C-49-E9-C4-4A-B4-AA">
      <ModulePath>C:\Program Files\dotnet\shared\Microsoft.NETCore.App\2.0.7\System.Threading.Overlapped.dll</ModulePath>
      <ModuleTime>2018-04-06T16:34:46+02:00</ModuleTime>
      <ModuleName>System.Threading.Overlapped</ModuleName>
      <Classes />
    </Module>
    <Module skippedDueTo="Filter" hash="BE-53-8B-4E-92-F8-2F-5D-11-1B-6C-24-BD-59-9C-84-9C-5D-1D-E3">
      <ModulePath>C:\Program Files\dotnet\shared\Microsoft.NETCore.App\2.0.7\System.Net.NameResolution.dll</ModulePath>
      <ModuleTime>2018-04-06T16:34:44+02:00</ModuleTime>
      <ModuleName>System.Net.NameResolution</ModuleName>
      <Classes />
    </Module>
    <Module skippedDueTo="MissingPdb" hash="99-BB-AD-AB-FB-C7-B1-0C-B5-43-48-98-BB-40-06-C3-07-F4-F3-AF">
      <ModulePath>C:\Program Files\dotnet\sdk\2.1.201\Microsoft.Extensions.DependencyModel.dll</ModulePath>
      <ModuleTime>2018-05-16T12:18:12+02:00</ModuleTime>
      <ModuleName>Microsoft.Extensions.DependencyModel</ModuleName>
      <Classes />
    </Module>
    <Module skippedDueTo="Filter" hash="2C-61-2F-55-A9-32-78-BC-A2-D4-FC-5D-F4-E0-C2-47-1D-EF-B9-E8">
      <ModulePath>C:\Program Files\dotnet\shared\Microsoft.NETCore.App\2.0.7\System.Dynamic.Runtime.dll</ModulePath>
      <ModuleTime>2018-04-06T16:34:42+02:00</ModuleTime>
      <ModuleName>System.Dynamic.Runtime</ModuleName>
      <Classes />
    </Module>
    <Module skippedDueTo="Filter" hash="DF-83-E2-C1-7F-AD-97-E2-9B-A0-CC-E7-95-07-BD-D5-0E-20-D6-00">
      <ModulePath>C:\Program Files\dotnet\shared\Microsoft.NETCore.App\2.0.7\System.Linq.Expressions.dll</ModulePath>
      <ModuleTime>2018-04-06T16:34:44+02:00</ModuleTime>
      <ModuleName>System.Linq.Expressions</ModuleName>
      <Classes />
    </Module>
    <Module skippedDueTo="Filter" hash="1E-6B-7A-0D-1C-ED-0D-6A-0D-43-2E-15-5C-AC-B9-58-15-F0-A7-D1">
      <ModulePath>C:\Program Files\dotnet\shared\Microsoft.NETCore.App\2.0.7\System.ObjectModel.dll</ModulePath>
      <ModuleTime>2018-04-06T16:34:44+02:00</ModuleTime>
      <ModuleName>System.ObjectModel</ModuleName>
      <Classes />
    </Module>
    <Module skippedDueTo="Filter" hash="8D-F1-16-3E-41-BA-8F-97-D3-0D-90-08-14-F4-05-4B-89-6E-40-ED">
      <ModulePath>C:\Program Files\dotnet\shared\Microsoft.NETCore.App\2.0.7\System.Threading.ThreadPool.dll</ModulePath>
      <ModuleTime>2018-04-06T16:34:46+02:00</ModuleTime>
      <ModuleName>System.Threading.ThreadPool</ModuleName>
      <Classes />
    </Module>
    <Module skippedDueTo="Filter" hash="CA-72-7D-28-BC-0B-40-56-77-FE-1A-07-BD-F9-CC-18-8A-58-5E-9F">
      <ModulePath>C:\Program Files\dotnet\shared\Microsoft.NETCore.App\2.0.7\System.Private.CoreLib.dll</ModulePath>
      <ModuleTime>2018-04-06T16:34:46+02:00</ModuleTime>
      <ModuleName>System.Private.CoreLib</ModuleName>
      <Classes />
    </Module>
    <Module skippedDueTo="MissingPdb" hash="EF-74-1E-B8-C0-39-86-98-DA-99-65-F3-59-D7-19-38-B2-83-FE-EC">
      <ModulePath>C:\Users\ivanp\.nuget\packages\microsoft.testplatform.testhost\15.5.0\lib\netstandard1.5\testhost.dll</ModulePath>
      <ModuleTime>2017-11-08T09:32:12+01:00</ModuleTime>
      <ModuleName>testhost</ModuleName>
      <Classes />
    </Module>
    <Module skippedDueTo="Filter" hash="4F-FB-D5-0C-6F-D3-45-4A-F5-74-3B-94-FC-D3-17-CB-58-10-B2-4E">
      <ModulePath>C:\Program Files\dotnet\shared\Microsoft.NETCore.App\2.0.7\System.Runtime.dll</ModulePath>
      <ModuleTime>2018-04-06T16:34:46+02:00</ModuleTime>
      <ModuleName>System.Runtime</ModuleName>
      <Classes />
    </Module>
    <Module skippedDueTo="MissingPdb" hash="22-23-00-09-54-FA-65-17-3C-4F-95-FD-89-EC-47-99-8A-28-A4-FA">
      <ModulePath>C:\Users\ivanp\.nuget\packages\microsoft.testplatform.objectmodel\15.5.0\lib\netstandard1.5\Microsoft.TestPlatform.CoreUtilities.dll</ModulePath>
      <ModuleTime>2017-11-08T09:32:10+01:00</ModuleTime>
      <ModuleName>Microsoft.TestPlatform.CoreUtilities</ModuleName>
      <Classes />
    </Module>
    <Module skippedDueTo="Filter" hash="BA-0A-B8-91-27-FD-E5-40-70-97-4A-8B-F2-71-DC-1D-4C-36-7B-F2">
      <ModulePath>C:\Program Files\dotnet\shared\Microsoft.NETCore.App\2.0.7\System.Diagnostics.Tracing.dll</ModulePath>
      <ModuleTime>2018-04-06T16:34:42+02:00</ModuleTime>
      <ModuleName>System.Diagnostics.Tracing</ModuleName>
      <Classes />
    </Module>
    <Module skippedDueTo="MissingPdb" hash="C3-E5-6A-F8-3E-E0-21-4C-5C-43-91-67-90-4F-EB-5B-35-7F-C1-E1">
      <ModulePath>C:\Users\ivanp\.nuget\packages\microsoft.testplatform.objectmodel\15.5.0\lib\netstandard1.5\Microsoft.TestPlatform.PlatformAbstractions.dll</ModulePath>
      <ModuleTime>2017-11-08T09:32:10+01:00</ModuleTime>
      <ModuleName>Microsoft.TestPlatform.PlatformAbstractions</ModuleName>
      <Classes />
    </Module>
    <Module skippedDueTo="Filter" hash="87-BE-9F-41-DB-E9-E1-81-8F-C2-0F-2B-CE-25-63-CB-FE-00-32-DC">
      <ModulePath>C:\Program Files\dotnet\shared\Microsoft.NETCore.App\2.0.7\System.Runtime.Extensions.dll</ModulePath>
      <ModuleTime>2018-04-06T16:34:46+02:00</ModuleTime>
      <ModuleName>System.Runtime.Extensions</ModuleName>
      <Classes />
    </Module>
    <Module skippedDueTo="Filter" hash="67-7A-21-E4-50-15-94-7B-EC-EE-53-EA-50-95-06-E9-6E-CE-14-BD">
      <ModulePath>C:\Program Files\dotnet\shared\Microsoft.NETCore.App\2.0.7\System.Diagnostics.Debug.dll</ModulePath>
      <ModuleTime>2018-04-06T16:34:42+02:00</ModuleTime>
      <ModuleName>System.Diagnostics.Debug</ModuleName>
      <Classes />
    </Module>
    <Module skippedDueTo="Filter" hash="05-06-E9-7D-8F-4F-EF-A5-6F-4C-F2-0D-9A-6E-D2-3B-5D-7F-4C-7D">
      <ModulePath>C:\Program Files\dotnet\shared\Microsoft.NETCore.App\2.0.7\System.Threading.Tasks.dll</ModulePath>
      <ModuleTime>2018-04-06T16:34:46+02:00</ModuleTime>
      <ModuleName>System.Threading.Tasks</ModuleName>
      <Classes />
    </Module>
[...]
      <ModulePath>C:\Program Files\dotnet\shared\Microsoft.NETCore.App\2.0.7\System.Net.ServicePoint.dll</ModulePath>
      <ModuleTime>2018-04-06T16:34:44+02:00</ModuleTime>
      <ModuleName>System.Net.ServicePoint</ModuleName>
      <Classes />
    </Module>
    <Module skippedDueTo="Filter" hash="EF-8C-03-F0-8F-AC-9C-5B-C4-DD-96-18-EF-9C-F0-61-7C-AE-77-CA">
      <ModulePath>C:\Program Files\dotnet\shared\Microsoft.NETCore.App\2.0.7\System.Net.WebClient.dll</ModulePath>
      <ModuleTime>2018-04-06T16:34:44+02:00</ModuleTime>
      <ModuleName>System.Net.WebClient</ModuleName>
      <Classes />
    </Module>
    <Module skippedDueTo="Filter" hash="92-34-26-95-15-B3-0C-8A-25-ED-02-A0-0D-ED-51-8D-42-6A-B8-8E">
      <ModulePath>C:\Program Files\dotnet\shared\Microsoft.NETCore.App\2.0.7\System.Net.WebHeaderCollection.dll</ModulePath>
      <ModuleTime>2018-04-06T16:34:44+02:00</ModuleTime>
      <ModuleName>System.Net.WebHeaderCollection</ModuleName>
      <Classes />
    </Module>
    <Module skippedDueTo="Filter" hash="11-7F-37-E4-F4-34-FB-96-C9-23-DC-40-B5-54-4C-92-DC-11-9D-6F">
      <ModulePath>C:\Program Files\dotnet\shared\Microsoft.NETCore.App\2.0.7\System.Net.WebProxy.dll</ModulePath>
      <ModuleTime>2018-04-06T16:34:44+02:00</ModuleTime>
      <ModuleName>System.Net.WebProxy</ModuleName>
      <Classes />
    </Module>
    <Module skippedDueTo="Filter" hash="AA-C9-59-7E-57-41-3E-EA-CE-DC-1F-55-8A-20-D9-DD-51-D3-63-4A">
      <ModulePath>C:\Program Files\dotnet\shared\Microsoft.NETCore.App\2.0.7\System.Net.WebSockets.Client.dll</ModulePath>
      <ModuleTime>2018-04-06T16:34:44+02:00</ModuleTime>
      <ModuleName>System.Net.WebSockets.Client</ModuleName>
      <Classes />
    </Module>
    <Module skippedDueTo="Filter" hash="69-CA-78-62-87-38-FA-DD-FD-03-8D-D2-B5-41-EA-FB-81-DB-01-5A">
      <ModulePath>C:\Program Files\dotnet\shared\Microsoft.NETCore.App\2.0.7\System.Net.dll</ModulePath>
      <ModuleTime>2018-04-06T16:34:44+02:00</ModuleTime>
      <ModuleName>System.Net</ModuleName>
      <Classes />
    </Module>
    <Module skippedDueTo="Filter" hash="67-5F-22-87-25-F2-D2-1B-B0-19-23-36-34-1A-36-71-BE-47-59-E7">
      <ModulePath>C:\Program Files\dotnet\shared\Microsoft.NETCore.App\2.0.7\System.Numerics.Vectors.dll</ModulePath>
      <ModuleTime>2018-04-06T16:34:44+02:00</ModuleTime>
      <ModuleName>System.Numerics.Vectors</ModuleName>
      <Classes />
    </Module>
    <Module skippedDueTo="Filter" hash="A6-A1-9B-CF-D7-CB-8B-72-EF-2D-66-C6-74-0A-CB-35-27-D7-95-65">
      <ModulePath>C:\Program Files\dotnet\shared\Microsoft.NETCore.App\2.0.7\System.Numerics.dll</ModulePath>
      <ModuleTime>2018-04-06T16:34:44+02:00</ModuleTime>
      <ModuleName>System.Numerics</ModuleName>
      <Classes />
    </Module>
    <Module skippedDueTo="Filter" hash="AA-AA-B3-7B-34-D6-57-52-18-74-36-5B-DD-8A-8C-01-C1-1D-8A-41">
      <ModulePath>C:\Program Files\dotnet\shared\Microsoft.NETCore.App\2.0.7\System.Private.DataContractSerialization.dll</ModulePath>
      <ModuleTime>2018-04-06T16:34:44+02:00</ModuleTime>
      <ModuleName>System.Private.DataContractSerialization</ModuleName>
      <Classes />
    </Module>
    <Module skippedDueTo="Filter" hash="71-FD-4C-8D-8E-A5-B1-B7-07-F1-42-54-9B-96-AA-8F-48-C9-99-B9">
      <ModulePath>C:\Program Files\dotnet\shared\Microsoft.NETCore.App\2.0.7\System.Threading.Tasks.Extensions.dll</ModulePath>
      <ModuleTime>2018-04-06T16:34:46+02:00</ModuleTime>
      <ModuleName>System.Threading.Tasks.Extensions</ModuleName>
      <Classes />
    </Module>
    <Module skippedDueTo="Filter" hash="C8-74-34-93-D9-09-19-31-7B-0D-7B-C2-79-C9-C7-F9-C0-34-B7-F5">
      <ModulePath>C:\Program Files\dotnet\shared\Microsoft.NETCore.App\2.0.7\System.Reflection.DispatchProxy.dll</ModulePath>
      <ModuleTime>2018-04-06T16:34:44+02:00</ModuleTime>
      <ModuleName>System.Reflection.DispatchProxy</ModuleName>
      <Classes />
    </Module>
    <Module skippedDueTo="Filter" hash="2E-70-CD-FE-1B-55-6E-2A-34-BD-9A-D8-A9-D9-34-12-B8-D4-30-0A">
      <ModulePath>C:\Program Files\dotnet\shared\Microsoft.NETCore.App\2.0.7\System.Reflection.Emit.dll</ModulePath>
      <ModuleTime>2018-04-06T16:34:44+02:00</ModuleTime>
      <ModuleName>System.Reflection.Emit</ModuleName>
      <Classes />
    </Module>
    <Module skippedDueTo="Filter" hash="7A-12-44-4C-03-EF-B7-40-FF-11-A3-CE-CF-56-79-68-30-CA-6C-1B">
      <ModulePath>C:\Program Files\dotnet\shared\Microsoft.NETCore.App\2.0.7\System.Reflection.Metadata.dll</ModulePath>
      <ModuleTime>2018-04-06T16:34:46+02:00</ModuleTime>
      <ModuleName>System.Reflection.Metadata</ModuleName>
      <Classes />
    </Module>
    <Module skippedDueTo="Filter" hash="69-19-C9-61-44-D9-B0-BE-3D-D1-C0-6A-13-CA-6C-C4-60-54-60-8E">
      <ModulePath>C:\Program Files\dotnet\shared\Microsoft.NETCore.App\2.0.7\System.Resources.Reader.dll</ModulePath>
      <ModuleTime>2018-04-06T16:34:46+02:00</ModuleTime>
      <ModuleName>System.Resources.Reader</ModuleName>
      <Classes />
    </Module>
    <Module skippedDueTo="Filter" hash="D8-06-52-D1-C6-8A-99-C3-B5-0B-5A-6E-E7-95-86-5C-89-34-BE-2B">
      <ModulePath>C:\Program Files\dotnet\shared\Microsoft.NETCore.App\2.0.7\System.Resources.Writer.dll</ModulePath>
      <ModuleTime>2018-04-06T16:34:46+02:00</ModuleTime>
      <ModuleName>System.Resources.Writer</ModuleName>
      <Classes />
    </Module>
    <Module skippedDueTo="Filter" hash="0B-DB-0E-89-3C-D1-91-8E-AB-A8-0D-18-06-88-45-B9-2E-E3-5D-F6">
      <ModulePath>C:\Program Files\dotnet\shared\Microsoft.NETCore.App\2.0.7\System.Runtime.CompilerServices.VisualC.dll</ModulePath>
      <ModuleTime>2018-04-06T16:34:46+02:00</ModuleTime>
      <ModuleName>System.Runtime.CompilerServices.VisualC</ModuleName>
      <Classes />
    </Module>
    <Module skippedDueTo="Filter" hash="21-C4-D8-10-26-EE-53-4B-6D-C5-E4-E3-F4-6C-21-12-4F-B5-07-68">
      <ModulePath>C:\Program Files\dotnet\shared\Microsoft.NETCore.App\2.0.7\System.Runtime.Handles.dll</ModulePath>
      <ModuleTime>2018-04-06T16:34:46+02:00</ModuleTime>
      <ModuleName>System.Runtime.Handles</ModuleName>
      <Classes />
    </Module>
    <Module skippedDueTo="Filter" hash="40-D0-64-B6-44-B1-65-A2-A0-FD-6C-AF-0D-FD-8D-28-C7-7D-98-16">
      <ModulePath>C:\Program Files\dotnet\shared\Microsoft.NETCore.App\2.0.7\System.Runtime.InteropServices.WindowsRuntime.dll</ModulePath>
      <ModuleTime>2018-04-06T16:34:46+02:00</ModuleTime>
      <ModuleName>System.Runtime.InteropServices.WindowsRuntime</ModuleName>
      <Classes />
    </Module>
    <Module skippedDueTo="Filter" hash="77-AD-EA-C6-B2-71-13-9D-63-2C-A1-11-35-5D-E5-4D-44-51-98-D1">
      <ModulePath>C:\Program Files\dotnet\shared\Microsoft.NETCore.App\2.0.7\System.Runtime.Serialization.Formatters.dll</ModulePath>
      <ModuleTime>2018-04-06T16:34:46+02:00</ModuleTime>
      <ModuleName>System.Runtime.Serialization.Formatters</ModuleName>
      <Classes />
    </Module>
    <Module skippedDueTo="Filter" hash="54-4E-39-CE-D2-B6-EA-C4-84-63-80-CA-ED-D9-5C-4F-8A-C5-66-44">
      <ModulePath>C:\Program Files\dotnet\shared\Microsoft.NETCore.App\2.0.7\System.Runtime.Serialization.Json.dll</ModulePath>
      <ModuleTime>2018-04-06T16:34:46+02:00</ModuleTime>
      <ModuleName>System.Runtime.Serialization.Json</ModuleName>
      <Classes />
    </Module>
    <Module skippedDueTo="Filter" hash="1E-CB-68-91-F1-B9-5D-35-8B-53-E9-B9-37-21-9D-7B-9E-3A-5E-A9">
      <ModulePath>C:\Program Files\dotnet\shared\Microsoft.NETCore.App\2.0.7\System.Runtime.Serialization.Xml.dll</ModulePath>
      <ModuleTime>2018-04-06T16:34:46+02:00</ModuleTime>
      <ModuleName>System.Runtime.Serialization.Xml</ModuleName>
      <Classes />
    </Module>
    <Module skippedDueTo="Filter" hash="3A-A3-0F-3C-B0-0A-97-EB-8E-13-E8-02-B6-13-A8-DD-83-2E-02-6F">
      <ModulePath>C:\Program Files\dotnet\shared\Microsoft.NETCore.App\2.0.7\System.Runtime.Serialization.dll</ModulePath>
      <ModuleTime>2018-04-06T16:34:46+02:00</ModuleTime>
      <ModuleName>System.Runtime.Serialization</ModuleName>
      <Classes />
    </Module>
    <Module skippedDueTo="Filter" hash="F4-77-59-93-C3-11-56-8C-BC-27-68-75-C2-B9-F3-FC-A6-38-72-7C">
      <ModulePath>C:\Program Files\dotnet\shared\Microsoft.NETCore.App\2.0.7\System.Security.Cryptography.Algorithms.dll</ModulePath>
      <ModuleTime>2018-04-06T16:34:46+02:00</ModuleTime>
      <ModuleName>System.Security.Cryptography.Algorithms</ModuleName>
      <Classes />
    </Module>
    <Module skippedDueTo="Filter" hash="3B-71-D5-E6-0F-8C-D1-38-B9-35-26-C0-97-ED-B6-C8-E8-1D-1E-4C">
      <ModulePath>C:\Program Files\dotnet\shared\Microsoft.NETCore.App\2.0.7\System.Security.Cryptography.Encoding.dll</ModulePath>
      <ModuleTime>2018-04-06T16:34:46+02:00</ModuleTime>
      <ModuleName>System.Security.Cryptography.Encoding</ModuleName>
      <Classes />
    </Module>
    <Module skippedDueTo="Filter" hash="4C-6F-0F-78-2B-28-D4-CA-55-C3-01-DB-48-76-A1-4C-2D-80-E4-20">
      <ModulePath>C:\Program Files\dotnet\shared\Microsoft.NETCore.App\2.0.7\System.Security.Cryptography.Primitives.dll</ModulePath>
      <ModuleTime>2018-04-06T16:34:46+02:00</ModuleTime>
      <ModuleName>System.Security.Cryptography.Primitives</ModuleName>
      <Classes />
    </Module>
    <Module skippedDueTo="Filter" hash="6A-4D-27-DE-5C-5B-42-3E-D0-DF-70-34-C4-B9-9F-87-CC-77-5E-7C">
      <ModulePath>C:\Program Files\dotnet\shared\Microsoft.NETCore.App\2.0.7\System.Security.Cryptography.Cng.dll</ModulePath>
      <ModuleTime>2018-04-06T16:34:46+02:00</ModuleTime>
      <ModuleName>System.Security.Cryptography.Cng</ModuleName>
      <Classes />
    </Module>
    <Module skippedDueTo="Filter" hash="A6-5A-C8-C8-3A-B7-25-3F-B9-14-12-9A-36-C4-F4-AF-19-B3-46-72">
      <ModulePath>C:\Program Files\dotnet\shared\Microsoft.NETCore.App\2.0.7\System.Security.Cryptography.Csp.dll</ModulePath>
      <ModuleTime>2018-04-06T16:34:46+02:00</ModuleTime>
      <ModuleName>System.Security.Cryptography.Csp</ModuleName>
      <Classes />
    </Module>
    <Module skippedDueTo="Filter" hash="3A-43-76-34-3F-A9-6F-29-B5-FA-C7-A2-94-F4-63-31-AD-D0-BF-85">
      <ModulePath>C:\Program Files\dotnet\shared\Microsoft.NETCore.App\2.0.7\System.Security.Cryptography.OpenSsl.dll</ModulePath>
      <ModuleTime>2018-04-06T16:34:46+02:00</ModuleTime>
      <ModuleName>System.Security.Cryptography.OpenSsl</ModuleName>
      <Classes />
    </Module>
    <Module skippedDueTo="Filter" hash="8D-1E-F7-AB-F1-06-77-A6-40-55-E2-7D-C3-DA-12-30-41-0E-5C-65">
      <ModulePath>C:\Program Files\dotnet\shared\Microsoft.NETCore.App\2.0.7\System.Security.Cryptography.X509Certificates.dll</ModulePath>
      <ModuleTime>2018-04-06T16:34:46+02:00</ModuleTime>
      <ModuleName>System.Security.Cryptography.X509Certificates</ModuleName>
      <Classes />
    </Module>
    <Module skippedDueTo="Filter" hash="8B-79-9B-45-79-8E-6D-B3-A5-57-76-FB-73-D5-C7-AC-25-CE-5A-BE">
      <ModulePath>C:\Program Files\dotnet\shared\Microsoft.NETCore.App\2.0.7\System.Security.SecureString.dll</ModulePath>
      <ModuleTime>2018-04-06T16:34:46+02:00</ModuleTime>
      <ModuleName>System.Security.SecureString</ModuleName>
      <Classes />
    </Module>
    <Module skippedDueTo="Filter" hash="18-B4-EF-15-26-4A-F5-C6-7C-89-C8-C4-BC-90-14-3A-13-ED-4A-AE">
      <ModulePath>C:\Program Files\dotnet\shared\Microsoft.NETCore.App\2.0.7\System.Security.dll</ModulePath>
      <ModuleTime>2018-04-06T16:34:46+02:00</ModuleTime>
      <ModuleName>System.Security</ModuleName>
      <Classes />
    </Module>
    <Module skippedDueTo="Filter" hash="34-98-43-78-AE-91-34-BA-EA-26-FC-74-87-DA-EF-5D-D5-1B-E2-38">
      <ModulePath>C:\Program Files\dotnet\shared\Microsoft.NETCore.App\2.0.7\System.ServiceModel.Web.dll</ModulePath>
      <ModuleTime>2018-04-06T16:34:46+02:00</ModuleTime>
      <ModuleName>System.ServiceModel.Web</ModuleName>
      <Classes />
    </Module>
    <Module skippedDueTo="Filter" hash="EF-FD-FB-44-F3-E0-D9-B8-37-CC-C5-65-06-EC-28-67-2E-25-45-BA">
      <ModulePath>C:\Program Files\dotnet\shared\Microsoft.NETCore.App\2.0.7\System.ServiceProcess.dll</ModulePath>
      <ModuleTime>2018-04-06T16:34:46+02:00</ModuleTime>
      <ModuleName>System.ServiceProcess</ModuleName>
      <Classes />
    </Module>
    <Module skippedDueTo="Filter" hash="6C-56-72-92-23-FA-C1-4B-E5-E3-F8-39-0B-19-0E-61-E2-AA-9D-49">
      <ModulePath>C:\Program Files\dotnet\shared\Microsoft.NETCore.App\2.0.7\System.Threading.Tasks.Dataflow.dll</ModulePath>
      <ModuleTime>2018-04-06T16:34:46+02:00</ModuleTime>
      <ModuleName>System.Threading.Tasks.Dataflow</ModuleName>
      <Classes />
    </Module>
    <Module skippedDueTo="Filter" hash="2B-62-F7-CD-DE-BE-DC-3C-B8-A1-E0-97-F4-28-14-1D-62-43-48-32">
      <ModulePath>C:\Program Files\dotnet\shared\Microsoft.NETCore.App\2.0.7\System.Threading.Tasks.Parallel.dll</ModulePath>
      <ModuleTime>2018-04-06T16:34:46+02:00</ModuleTime>
      <ModuleName>System.Threading.Tasks.Parallel</ModuleName>
      <Classes />
    </Module>
    <Module skippedDueTo="Filter" hash="C9-34-09-1E-28-4B-74-2F-0E-1B-F7-9F-DB-98-70-68-37-01-76-F6">
      <ModulePath>C:\Program Files\dotnet\shared\Microsoft.NETCore.App\2.0.7\System.Threading.Thread.dll</ModulePath>
      <ModuleTime>2018-04-06T16:34:46+02:00</ModuleTime>
      <ModuleName>System.Threading.Thread</ModuleName>
      <Classes />
    </Module>
    <Module skippedDueTo="Filter" hash="77-01-CD-A9-C7-D0-43-51-0C-E1-EB-28-3E-F7-29-C0-28-EE-7D-F5">
      <ModulePath>C:\Program Files\dotnet\shared\Microsoft.NETCore.App\2.0.7\System.Transactions.Local.dll</ModulePath>
      <ModuleTime>2018-04-06T16:34:46+02:00</ModuleTime>
      <ModuleName>System.Transactions.Local</ModuleName>
      <Classes />
    </Module>
    <Module skippedDueTo="Filter" hash="21-33-DA-D5-24-B9-77-1D-16-B4-07-48-06-DF-7E-57-44-E6-9E-FB">
      <ModulePath>C:\Program Files\dotnet\shared\Microsoft.NETCore.App\2.0.7\System.Transactions.dll</ModulePath>
      <ModuleTime>2018-04-06T16:34:46+02:00</ModuleTime>
      <ModuleName>System.Transactions</ModuleName>
      <Classes />
    </Module>
    <Module skippedDueTo="Filter" hash="74-67-C7-15-4A-38-A5-CD-42-BD-AB-2F-E9-B6-C5-9D-0C-86-4D-56">
      <ModulePath>C:\Program Files\dotnet\shared\Microsoft.NETCore.App\2.0.7\System.ValueTuple.dll</ModulePath>
      <ModuleTime>2018-04-06T16:34:46+02:00</ModuleTime>
      <ModuleName>System.ValueTuple</ModuleName>
      <Classes />
    </Module>
    <Module skippedDueTo="Filter" hash="67-EF-C0-1D-F8-85-FE-18-74-A1-E4-AB-5C-2B-E9-43-8F-FC-D6-B3">
      <ModulePath>C:\Program Files\dotnet\shared\Microsoft.NETCore.App\2.0.7\System.Web.HttpUtility.dll</ModulePath>
      <ModuleTime>2018-04-06T16:34:46+02:00</ModuleTime>
      <ModuleName>System.Web.HttpUtility</ModuleName>
      <Classes />
    </Module>
    <Module skippedDueTo="Filter" hash="BD-A3-BC-CF-A2-3F-A9-76-7C-96-6D-00-D9-9B-39-42-A8-A7-36-2C">
      <ModulePath>C:\Program Files\dotnet\shared\Microsoft.NETCore.App\2.0.7\System.Web.dll</ModulePath>
      <ModuleTime>2018-04-06T16:34:46+02:00</ModuleTime>
      <ModuleName>System.Web</ModuleName>
      <Classes />
    </Module>
    <Module skippedDueTo="Filter" hash="CC-B9-89-19-9E-FB-24-60-A8-19-83-74-E8-31-72-A0-20-8B-05-F9">
      <ModulePath>C:\Program Files\dotnet\shared\Microsoft.NETCore.App\2.0.7\System.Windows.dll</ModulePath>
      <ModuleTime>2018-04-06T16:34:46+02:00</ModuleTime>
      <ModuleName>System.Windows</ModuleName>
      <Classes />
    </Module>
    <Module skippedDueTo="Filter" hash="E2-7D-16-61-B6-3F-6A-43-6B-2E-ED-20-00-73-D1-AD-AB-4E-96-39">
      <ModulePath>C:\Program Files\dotnet\shared\Microsoft.NETCore.App\2.0.7\System.Xml.Linq.dll</ModulePath>
      <ModuleTime>2018-04-06T16:34:46+02:00</ModuleTime>
      <ModuleName>System.Xml.Linq</ModuleName>
      <Classes />
    </Module>
    <Module skippedDueTo="Filter" hash="28-61-D0-BA-50-D7-9E-DD-73-CA-65-67-36-9E-30-A0-76-B1-32-DE">
      <ModulePath>C:\Program Files\dotnet\shared\Microsoft.NETCore.App\2.0.7\System.Xml.Serialization.dll</ModulePath>
      <ModuleTime>2018-04-06T16:34:46+02:00</ModuleTime>
      <ModuleName>System.Xml.Serialization</ModuleName>
      <Classes />
    </Module>
    <Module skippedDueTo="Filter" hash="C8-E3-15-7B-2F-D2-E3-CE-A8-7F-D6-20-AF-17-4B-58-8B-F3-08-86">
      <ModulePath>C:\Program Files\dotnet\shared\Microsoft.NETCore.App\2.0.7\System.Xml.XPath.XDocument.dll</ModulePath>
      <ModuleTime>2018-04-06T16:34:46+02:00</ModuleTime>
      <ModuleName>System.Xml.XPath.XDocument</ModuleName>
      <Classes />
    </Module>
    <Module skippedDueTo="Filter" hash="55-5D-43-5D-E2-53-A0-BA-49-F0-F0-46-18-C3-C5-7B-84-02-91-91">
      <ModulePath>C:\Program Files\dotnet\shared\Microsoft.NETCore.App\2.0.7\System.Xml.XmlSerializer.dll</ModulePath>
      <ModuleTime>2018-04-06T16:34:46+02:00</ModuleTime>
      <ModuleName>System.Xml.XmlSerializer</ModuleName>
      <Classes />
    </Module>
    <Module skippedDueTo="Filter" hash="13-FC-5E-F2-2A-24-6D-70-B7-F7-15-6E-A5-BC-41-60-E5-EF-CE-B6">
      <ModulePath>C:\Program Files\dotnet\shared\Microsoft.NETCore.App\2.0.7\System.Xml.dll</ModulePath>
      <ModuleTime>2018-04-06T16:34:46+02:00</ModuleTime>
      <ModuleName>System.Xml</ModuleName>
      <Classes />
    </Module>
    <Module skippedDueTo="Filter" hash="20-3F-17-68-53-13-28-A3-1D-45-ED-6A-52-1E-7C-20-C9-13-F5-8F">
      <ModulePath>C:\Program Files\dotnet\shared\Microsoft.NETCore.App\2.0.7\System.dll</ModulePath>
      <ModuleTime>2018-04-06T16:34:46+02:00</ModuleTime>
      <ModuleName>System</ModuleName>
      <Classes />
    </Module>
    <Module skippedDueTo="MissingPdb" hash="39-99-16-85-7D-67-55-A1-EA-7C-59-15-DB-03-A0-FA-9E-B0-EA-63">
      <ModulePath>C:\Program Files\dotnet\shared\Microsoft.NETCore.App\2.0.7\WindowsBase.dll</ModulePath>
      <ModuleTime>2018-04-06T16:34:46+02:00</ModuleTime>
      <ModuleName>WindowsBase</ModuleName>
      <Classes />
    </Module>
    <Module skippedDueTo="MissingPdb" hash="6F-08-22-57-F4-B0-60-DB-BB-40-C7-8B-E4-D0-95-74-3F-5E-5C-41">
      <ModulePath>E:\git\clean-architecture-manga\test\Manga.Domain.Tests\bin\Debug\netcoreapp2.0\xunit.runner.reporters.netcoreapp10.dll</ModulePath>
      <ModuleTime>2017-10-27T09:35:08+02:00</ModuleTime>
      <ModuleName>xunit.runner.reporters.netcoreapp10</ModuleName>
      <Classes />
    </Module>
    <Module skippedDueTo="Filter" hash="48-67-9D-E8-FD-F4-FF-C8-7F-03-2E-C8-84-33-FA-C2-F7-9A-88-88">
      <ModulePath>C:\Program Files\dotnet\shared\Microsoft.NETCore.App\2.0.7\System.ComponentModel.dll</ModulePath>
      <ModuleTime>2018-04-06T16:34:42+02:00</ModuleTime>
      <ModuleName>System.ComponentModel</ModuleName>
      <Classes />
    </Module>
    <Module skippedDueTo="Filter" hash="04-3C-5F-3C-03-19-5A-FE-15-D4-B6-19-7A-48-79-4E-D2-C3-2F-17">
      <ModulePath>C:\Program Files\dotnet\shared\Microsoft.NETCore.App\2.0.7\System.ComponentModel.TypeConverter.dll</ModulePath>
      <ModuleTime>2018-04-06T16:34:42+02:00</ModuleTime>
      <ModuleName>System.ComponentModel.TypeConverter</ModuleName>
      <Classes />
    </Module>
    <Module skippedDueTo="Filter" hash="F4-F5-A3-64-A1-E1-06-06-4F-C2-5F-1A-07-BA-AB-11-75-80-42-AA">
      <ModulePath>C:\Program Files\dotnet\shared\Microsoft.NETCore.App\2.0.7\System.Collections.Specialized.dll</ModulePath>
      <ModuleTime>2018-04-06T16:34:42+02:00</ModuleTime>
      <ModuleName>System.Collections.Specialized</ModuleName>
      <Classes />
    </Module>
    <Module skippedDueTo="Filter" hash="7F-F0-45-37-6E-82-DD-DE-E7-3E-88-9D-39-10-54-78-8C-7D-4B-8D">
      <ModulePath>C:\Program Files\dotnet\shared\Microsoft.NETCore.App\2.0.7\System.Drawing.Primitives.dll</ModulePath>
      <ModuleTime>2018-04-06T16:34:42+02:00</ModuleTime>
      <ModuleName>System.Drawing.Primitives</ModuleName>
      <Classes />
    </Module>
  </Modules>
</CoverageSession>